#
# There is insufficient memory for the Java Runtime Environment to continue.
# Native memory allocation (malloc) failed to allocate 393776 bytes for Chunk::new
# Possible reasons:
#   The system is out of physical RAM or swap space
#   The process is running with CompressedOops enabled, and the Java Heap may be blocking the growth of the native heap
# Possible solutions:
#   Reduce memory load on the system
#   Increase physical memory or swap space
#   Check if swap backing store is full
#   Decrease Java heap size (-Xmx/-Xms)
#   Decrease number of Java threads
#   Decrease Java thread stack sizes (-Xss)
#   Set larger code cache with -XX:ReservedCodeCacheSize=
#   JVM is running with Zero Based Compressed Oops mode in which the Java heap is
#     placed in the first 32GB address space. The Java Heap base address is the
#     maximum limit for the native heap growth. Please use -XX:HeapBaseMinAddress
#     to set the Java Heap base and to place the Java Heap above 32GB virtual address.
# This output file may be truncated or incomplete.
#
#  Out of Memory Error (allocation.cpp:389), pid=4448, tid=0x000000000001057c
#
# JRE version: Java(TM) SE Runtime Environment (8.0_251-b08) (build 1.8.0_251-b08)
# Java VM: Java HotSpot(TM) 64-Bit Server VM (25.251-b08 mixed mode windows-amd64 compressed oops)
# Failed to write core dump. Minidumps are not enabled by default on client versions of Windows
#

---------------  T H R E A D  ---------------

Current thread (0x000000001f00c000):  JavaThread "C2 CompilerThread1" daemon [_thread_in_native, id=66940, stack(0x000000001f1e0000,0x000000001f2e0000)]

Stack: [0x000000001f1e0000,0x000000001f2e0000]
[error occurred during error reporting (printing stack bounds), id 0xc0000005]

Native frames: (J=compiled Java code, j=interpreted, Vv=VM code, C=native code)


Current CompileTask:
C2: 298083 5411       4       java.text.DecimalFormat::applyPattern (1591 bytes)


---------------  P R O C E S S  ---------------

Java Threads: ( => current thread )
  0x000000001fc8e000 JavaThread "java-sdk-http-connection-reaper" daemon [_thread_blocked, id=56968, stack(0x0000000023bd0000,0x0000000023cd0000)]
  0x000000001fc8f000 JavaThread "pool-1-thread-40" [_thread_in_native, id=26272, stack(0x00000000238d0000,0x00000000239d0000)]
  0x000000001fc8b000 JavaThread "pool-1-thread-39" [_thread_in_native, id=21616, stack(0x00000000237d0000,0x00000000238d0000)]
  0x00000000201f9000 JavaThread "pool-1-thread-38" [_thread_in_native, id=54216, stack(0x00000000236d0000,0x00000000237d0000)]
  0x00000000201ff800 JavaThread "pool-1-thread-37" [_thread_in_native, id=36312, stack(0x00000000235d0000,0x00000000236d0000)]
  0x00000000201ff000 JavaThread "pool-1-thread-36" [_thread_in_native, id=57748, stack(0x00000000234d0000,0x00000000235d0000)]
  0x00000000201f7800 JavaThread "pool-1-thread-35" [_thread_in_native, id=54432, stack(0x00000000233d0000,0x00000000234d0000)]
  0x00000000201fe000 JavaThread "pool-1-thread-34" [_thread_in_native, id=51296, stack(0x00000000232d0000,0x00000000233d0000)]
  0x00000000201fc800 JavaThread "pool-1-thread-33" [_thread_in_native, id=37612, stack(0x00000000231d0000,0x00000000232d0000)]
  0x00000000201fd800 JavaThread "pool-1-thread-32" [_thread_in_native, id=27728, stack(0x00000000230d0000,0x00000000231d0000)]
  0x00000000201fa800 JavaThread "pool-1-thread-31" [_thread_in_native, id=26188, stack(0x0000000022fd0000,0x00000000230d0000)]
  0x00000000201fc000 JavaThread "pool-1-thread-30" [_thread_in_native, id=55108, stack(0x0000000022ed0000,0x0000000022fd0000)]
  0x00000000201fb000 JavaThread "pool-1-thread-29" [_thread_in_native, id=37112, stack(0x0000000022dd0000,0x0000000022ed0000)]
  0x00000000201f9800 JavaThread "pool-1-thread-28" [_thread_in_native, id=71296, stack(0x0000000022cd0000,0x0000000022dd0000)]
  0x00000000201f8000 JavaThread "pool-1-thread-27" [_thread_in_native, id=73396, stack(0x00000000229d0000,0x0000000022ad0000)]
  0x00000000201f0800 JavaThread "pool-1-thread-26" [_thread_in_native, id=21900, stack(0x00000000228d0000,0x00000000229d0000)]
  0x00000000201f6800 JavaThread "pool-1-thread-25" [_thread_in_native, id=71212, stack(0x00000000227d0000,0x00000000228d0000)]
  0x00000000201f4800 JavaThread "pool-1-thread-24" [_thread_in_native, id=42232, stack(0x00000000226d0000,0x00000000227d0000)]
  0x00000000201f3800 JavaThread "pool-1-thread-23" [_thread_in_native, id=10032, stack(0x00000000225d0000,0x00000000226d0000)]
  0x00000000201f6000 JavaThread "pool-1-thread-22" [_thread_in_native, id=4848, stack(0x00000000224d0000,0x00000000225d0000)]
  0x00000000201f3000 JavaThread "pool-1-thread-21" [_thread_in_native, id=25764, stack(0x00000000223d0000,0x00000000224d0000)]
  0x00000000201f2000 JavaThread "pool-1-thread-20" [_thread_in_native, id=79640, stack(0x00000000222d0000,0x00000000223d0000)]
  0x00000000201f1800 JavaThread "pool-1-thread-19" [_thread_in_native, id=52916, stack(0x00000000221d0000,0x00000000222d0000)]
  0x00000000201f5000 JavaThread "pool-1-thread-18" [_thread_in_native, id=44552, stack(0x00000000220d0000,0x00000000221d0000)]
  0x000000001f9e7000 JavaThread "pool-1-thread-17" [_thread_in_native, id=13840, stack(0x0000000021fd0000,0x00000000220d0000)]
  0x000000001f9e4800 JavaThread "pool-1-thread-16" [_thread_in_native, id=24496, stack(0x0000000021ed0000,0x0000000021fd0000)]
  0x000000001f9e5800 JavaThread "pool-1-thread-15" [_thread_in_native, id=75268, stack(0x0000000021dd0000,0x0000000021ed0000)]
  0x000000001f9ea000 JavaThread "pool-1-thread-14" [_thread_in_native, id=22344, stack(0x0000000021cd0000,0x0000000021dd0000)]
  0x000000001f9e6000 JavaThread "pool-1-thread-13" [_thread_in_native, id=35308, stack(0x0000000021bd0000,0x0000000021cd0000)]
  0x000000001f9e8800 JavaThread "pool-1-thread-12" [_thread_in_native, id=43988, stack(0x0000000021ad0000,0x0000000021bd0000)]
  0x000000001f9e9000 JavaThread "pool-1-thread-11" [_thread_in_native, id=40720, stack(0x00000000219d0000,0x0000000021ad0000)]
  0x000000001f9e7800 JavaThread "pool-1-thread-10" [_thread_in_native, id=29140, stack(0x00000000218d0000,0x00000000219d0000)]
  0x000000001f9eb800 JavaThread "pool-1-thread-9" [_thread_in_native, id=19412, stack(0x00000000217d0000,0x00000000218d0000)]
  0x000000001f9ea800 JavaThread "pool-1-thread-8" [_thread_in_native, id=63528, stack(0x00000000216d0000,0x00000000217d0000)]
  0x000000001fc63000 JavaThread "pool-1-thread-7" [_thread_in_native, id=53900, stack(0x00000000215d0000,0x00000000216d0000)]
  0x000000001fc64800 JavaThread "pool-1-thread-6" [_thread_in_native, id=21716, stack(0x00000000214d0000,0x00000000215d0000)]
  0x000000001f095000 JavaThread "pool-1-thread-5" [_thread_in_native, id=59212, stack(0x00000000213d0000,0x00000000214d0000)]
  0x000000001fdef800 JavaThread "pool-1-thread-4" [_thread_in_native, id=55712, stack(0x00000000212d0000,0x00000000213d0000)]
  0x000000001fdee800 JavaThread "pool-1-thread-3" [_thread_in_native, id=45004, stack(0x00000000210d0000,0x00000000211d0000)]
  0x000000001fe09000 JavaThread "pool-1-thread-2" [_thread_in_native, id=49980, stack(0x0000000020fd0000,0x00000000210d0000)]
  0x000000001fe85800 JavaThread "pool-1-thread-1" [_thread_in_native, id=71824, stack(0x0000000020ed0000,0x0000000020fd0000)]
  0x00000000201d6000 JavaThread "Thread-2" [_thread_blocked, id=16828, stack(0x0000000020dd0000,0x0000000020ed0000)]
  0x000000001fc1e800 JavaThread "pool-2-thread-1" daemon [_thread_blocked, id=19240, stack(0x0000000020cd0000,0x0000000020dd0000)]
  0x000000001fe6c000 JavaThread "cluster-ClusterId{value='62985af2678191116098fa08', description='null'}-127.0.0.1:27017" daemon [_thread_blocked, id=31864, stack(0x00000000208d0000,0x00000000209d0000)]
  0x0000000002afb800 JavaThread "DestroyJavaVM" [_thread_blocked, id=39472, stack(0x00000000029f0000,0x0000000002af0000)]
  0x000000001f60e800 JavaThread "Thread-0" [_thread_blocked, id=8564, stack(0x00000000205b0000,0x00000000206b0000)]
  0x000000001efb4800 JavaThread "Service Thread" daemon [_thread_blocked, id=51288, stack(0x000000001f3e0000,0x000000001f4e0000)]
  0x000000001f00c800 JavaThread "C1 CompilerThread2" daemon [_thread_blocked, id=29280, stack(0x000000001f2e0000,0x000000001f3e0000)]
=>0x000000001f00c000 JavaThread "C2 CompilerThread1" daemon [_thread_in_native, id=66940, stack(0x000000001f1e0000,0x000000001f2e0000)]
  0x000000001f014000 JavaThread "C2 CompilerThread0" daemon [_thread_blocked, id=28980, stack(0x000000001f0e0000,0x000000001f1e0000)]
  0x000000001e057000 JavaThread "JDWP Command Reader" daemon [_thread_in_native, id=27128, stack(0x000000001e7e0000,0x000000001e8e0000)]
  0x000000001e056000 JavaThread "JDWP Event Helper Thread" daemon [_thread_blocked, id=64104, stack(0x000000001e6e0000,0x000000001e7e0000)]
  0x000000001e04a000 JavaThread "JDWP Transport Listener: dt_socket" daemon [_thread_blocked, id=23220, stack(0x000000001e5e0000,0x000000001e6e0000)]
  0x000000001c61b000 JavaThread "Attach Listener" daemon [_thread_blocked, id=47736, stack(0x000000001e4e0000,0x000000001e5e0000)]
  0x000000001dfeb800 JavaThread "Signal Dispatcher" daemon [_thread_blocked, id=57640, stack(0x000000001e3e0000,0x000000001e4e0000)]
  0x000000001c5f9000 JavaThread "Finalizer" daemon [_thread_blocked, id=55432, stack(0x000000001de80000,0x000000001df80000)]
  0x000000001c5f2000 JavaThread "Reference Handler" daemon [_thread_blocked, id=65912, stack(0x000000001dd80000,0x000000001de80000)]

Other Threads:
  0x000000001c5c8800 VMThread [stack: 0x000000001dc80000,0x000000001dd80000] [id=34612]
  0x000000001efb5000 WatcherThread [stack: 0x00000000204b0000,0x00000000205b0000] [id=25668]

VM state:not at safepoint (normal execution)

VM Mutex/Monitor currently owned by a thread: None

heap address: 0x00000006c0800000, size: 4088 MB, Compressed Oops mode: Zero based, Oop shift amount: 3
Narrow klass base: 0x0000000000000000, Narrow klass shift: 3
Compressed class space size: 1073741824 Address: 0x00000007c0000000

Heap:
 PSYoungGen      total 439808K, used 120554K [0x000000076ad80000, 0x000000078b100000, 0x00000007c0000000)
  eden space 368128K, 16% used [0x000000076ad80000,0x000000076ea51bd8,0x0000000781500000)
  from space 71680K, 81% used [0x0000000786b00000,0x000000078a3e8d18,0x000000078b100000)
  to   space 79872K, 0% used [0x0000000781500000,0x0000000781500000,0x0000000786300000)
 ParOldGen       total 254976K, used 106679K [0x00000006c0800000, 0x00000006d0100000, 0x000000076ad80000)
  object space 254976K, 41% used [0x00000006c0800000,0x00000006c702dc78,0x00000006d0100000)
 Metaspace       used 25579K, capacity 25902K, committed 25984K, reserved 1073152K
  class space    used 2832K, capacity 2905K, committed 2944K, reserved 1048576K

Card table byte_map: [0x00000000120b0000,0x00000000128b0000] byte_map_base: 0x000000000eaac000

Marking Bits: (ParMarkBitMap*) 0x000000006a6aaf90
 Begin Bits: [0x0000000013410000, 0x00000000173f0000)
 End Bits:   [0x00000000173f0000, 0x000000001b3d0000)

Polling page: 0x0000000002950000

CodeCache: size=245760Kb used=15654Kb max_used=15668Kb free=230105Kb
 bounds [0x0000000002cf0000, 0x0000000003c60000, 0x0000000011cf0000]
 total_blobs=5155 nmethods=4678 adapters=396
 compilation: enabled

Compilation events (10 events):
Event: 296.826 Thread 0x000000001f014000 nmethod 5406 0x0000000003c45ed0 code [0x0000000003c46020, 0x0000000003c461b8]
Event: 297.368 Thread 0x000000001f00c000 5407       4       sun.security.ssl.MAC::compute (56 bytes)
Event: 297.378 Thread 0x000000001f00c000 nmethod 5407 0x0000000003c5a910 code [0x0000000003c5ab00, 0x0000000003c5c0c8]
Event: 297.464 Thread 0x000000001f014000 5408       4       org.apache.http.message.BasicHttpResponse::getStatusLine (66 bytes)
Event: 297.465 Thread 0x000000001f014000 nmethod 5408 0x0000000002fd13d0 code [0x0000000002fd1500, 0x0000000002fd1578]
Event: 297.971 Thread 0x000000001f00c800 5409       3       java.util.concurrent.ConcurrentHashMap$Traverser::<init> (36 bytes)
Event: 297.971 Thread 0x000000001f00c800 nmethod 5409 0x0000000003c4dbd0 code [0x0000000003c4dd20, 0x0000000003c4df10]
Event: 298.038 Thread 0x000000001f00c800 5410       3       sun.security.ssl.Handshaker::setEnabledCipherSuites (16 bytes)
Event: 298.039 Thread 0x000000001f00c800 nmethod 5410 0x0000000003c45b50 code [0x0000000003c45ca0, 0x0000000003c45e30]
Event: 298.048 Thread 0x000000001f00c000 5411       4       java.text.DecimalFormat::applyPattern (1591 bytes)

GC Heap History (10 events):
Event: 25.402 GC heap before
{Heap before GC invocations=5 (full 0):
 PSYoungGen      total 141824K, used 141809K [0x000000076ad80000, 0x0000000774280000, 0x00000007c0000000)
  eden space 131072K, 100% used [0x000000076ad80000,0x0000000772d80000,0x0000000772d80000)
  from space 10752K, 99% used [0x0000000773800000,0x000000077427c768,0x0000000774280000)
  to   space 10752K, 0% used [0x0000000772d80000,0x0000000772d80000,0x0000000773800000)
 ParOldGen       total 175104K, used 51920K [0x00000006c0800000, 0x00000006cb300000, 0x000000076ad80000)
  object space 175104K, 29% used [0x00000006c0800000,0x00000006c3ab4378,0x00000006cb300000)
 Metaspace       used 19393K, capacity 19752K, committed 19840K, reserved 1067008K
  class space    used 2313K, capacity 2410K, committed 2432K, reserved 1048576K
Event: 25.442 GC heap after
Heap after GC invocations=5 (full 0):
 PSYoungGen      total 141824K, used 10720K [0x000000076ad80000, 0x0000000784880000, 0x00000007c0000000)
  eden space 131072K, 0% used [0x000000076ad80000,0x000000076ad80000,0x0000000772d80000)
  from space 10752K, 99% used [0x0000000772d80000,0x00000007737f8058,0x0000000773800000)
  to   space 79360K, 0% used [0x000000077fb00000,0x000000077fb00000,0x0000000784880000)
 ParOldGen       total 175104K, used 120754K [0x00000006c0800000, 0x00000006cb300000, 0x000000076ad80000)
  object space 175104K, 68% used [0x00000006c0800000,0x00000006c7decb78,0x00000006cb300000)
 Metaspace       used 19393K, capacity 19752K, committed 19840K, reserved 1067008K
  class space    used 2313K, capacity 2410K, committed 2432K, reserved 1048576K
}
Event: 25.442 GC heap before
{Heap before GC invocations=6 (full 1):
 PSYoungGen      total 141824K, used 10720K [0x000000076ad80000, 0x0000000784880000, 0x00000007c0000000)
  eden space 131072K, 0% used [0x000000076ad80000,0x000000076ad80000,0x0000000772d80000)
  from space 10752K, 99% used [0x0000000772d80000,0x00000007737f8058,0x0000000773800000)
  to   space 79360K, 0% used [0x000000077fb00000,0x000000077fb00000,0x0000000784880000)
 ParOldGen       total 175104K, used 120754K [0x00000006c0800000, 0x00000006cb300000, 0x000000076ad80000)
  object space 175104K, 68% used [0x00000006c0800000,0x00000006c7decb78,0x00000006cb300000)
 Metaspace       used 19393K, capacity 19752K, committed 19840K, reserved 1067008K
  class space    used 2313K, capacity 2410K, committed 2432K, reserved 1048576K
Event: 25.607 GC heap after
Heap after GC invocations=6 (full 1):
 PSYoungGen      total 141824K, used 0K [0x000000076ad80000, 0x0000000784880000, 0x00000007c0000000)
  eden space 131072K, 0% used [0x000000076ad80000,0x000000076ad80000,0x0000000772d80000)
  from space 10752K, 0% used [0x0000000772d80000,0x0000000772d80000,0x0000000773800000)
  to   space 79360K, 0% used [0x000000077fb00000,0x000000077fb00000,0x0000000784880000)
 ParOldGen       total 254976K, used 106591K [0x00000006c0800000, 0x00000006d0100000, 0x000000076ad80000)
  object space 254976K, 41% used [0x00000006c0800000,0x00000006c7017c68,0x00000006d0100000)
 Metaspace       used 19360K, capacity 19698K, committed 19840K, reserved 1067008K
  class space    used 2308K, capacity 2401K, committed 2432K, reserved 1048576K
}
Event: 44.156 GC heap before
{Heap before GC invocations=7 (full 1):
 PSYoungGen      total 141824K, used 131072K [0x000000076ad80000, 0x0000000784880000, 0x00000007c0000000)
  eden space 131072K, 100% used [0x000000076ad80000,0x0000000772d80000,0x0000000772d80000)
  from space 10752K, 0% used [0x0000000772d80000,0x0000000772d80000,0x0000000773800000)
  to   space 79360K, 0% used [0x000000077fb00000,0x000000077fb00000,0x0000000784880000)
 ParOldGen       total 254976K, used 106591K [0x00000006c0800000, 0x00000006d0100000, 0x000000076ad80000)
  object space 254976K, 41% used [0x00000006c0800000,0x00000006c7017c68,0x00000006d0100000)
 Metaspace       used 23502K, capacity 23818K, committed 24064K, reserved 1071104K
  class space    used 2735K, capacity 2809K, committed 2816K, reserved 1048576K
Event: 44.167 GC heap after
Heap after GC invocations=7 (full 1):
 PSYoungGen      total 268800K, used 14316K [0x000000076ad80000, 0x0000000782300000, 0x00000007c0000000)
  eden space 227840K, 0% used [0x000000076ad80000,0x000000076ad80000,0x0000000778c00000)
  from space 40960K, 34% used [0x000000077fb00000,0x00000007808fb088,0x0000000782300000)
  to   space 77312K, 0% used [0x0000000778c00000,0x0000000778c00000,0x000000077d780000)
 ParOldGen       total 254976K, used 106607K [0x00000006c0800000, 0x00000006d0100000, 0x000000076ad80000)
  object space 254976K, 41% used [0x00000006c0800000,0x00000006c701bc68,0x00000006d0100000)
 Metaspace       used 23502K, capacity 23818K, committed 24064K, reserved 1071104K
  class space    used 2735K, capacity 2809K, committed 2816K, reserved 1048576K
}
Event: 147.762 GC heap before
{Heap before GC invocations=8 (full 1):
 PSYoungGen      total 268800K, used 242156K [0x000000076ad80000, 0x0000000782300000, 0x00000007c0000000)
  eden space 227840K, 100% used [0x000000076ad80000,0x0000000778c00000,0x0000000778c00000)
  from space 40960K, 34% used [0x000000077fb00000,0x00000007808fb088,0x0000000782300000)
  to   space 77312K, 0% used [0x0000000778c00000,0x0000000778c00000,0x000000077d780000)
 ParOldGen       total 254976K, used 106607K [0x00000006c0800000, 0x00000006d0100000, 0x000000076ad80000)
  object space 254976K, 41% used [0x00000006c0800000,0x00000006c701bc68,0x00000006d0100000)
 Metaspace       used 24929K, capacity 25258K, committed 25472K, reserved 1071104K
  class space    used 2830K, capacity 2905K, committed 2944K, reserved 1048576K
Event: 147.791 GC heap after
Heap after GC invocations=8 (full 1):
 PSYoungGen      total 305152K, used 37232K [0x000000076ad80000, 0x000000078b300000, 0x00000007c0000000)
  eden space 227840K, 0% used [0x000000076ad80000,0x000000076ad80000,0x0000000778c00000)
  from space 77312K, 48% used [0x0000000778c00000,0x000000077b05c0c0,0x000000077d780000)
  to   space 73728K, 0% used [0x0000000786b00000,0x0000000786b00000,0x000000078b300000)
 ParOldGen       total 254976K, used 106607K [0x00000006c0800000, 0x00000006d0100000, 0x000000076ad80000)
  object space 254976K, 41% used [0x00000006c0800000,0x00000006c701bc68,0x00000006d0100000)
 Metaspace       used 24929K, capacity 25258K, committed 25472K, reserved 1071104K
  class space    used 2830K, capacity 2905K, committed 2944K, reserved 1048576K
}
Event: 257.635 GC heap before
{Heap before GC invocations=9 (full 1):
 PSYoungGen      total 305152K, used 265072K [0x000000076ad80000, 0x000000078b300000, 0x00000007c0000000)
  eden space 227840K, 100% used [0x000000076ad80000,0x0000000778c00000,0x0000000778c00000)
  from space 77312K, 48% used [0x0000000778c00000,0x000000077b05c0c0,0x000000077d780000)
  to   space 73728K, 0% used [0x0000000786b00000,0x0000000786b00000,0x000000078b300000)
 ParOldGen       total 254976K, used 106607K [0x00000006c0800000, 0x00000006d0100000, 0x000000076ad80000)
  object space 254976K, 41% used [0x00000006c0800000,0x00000006c701bc68,0x00000006d0100000)
 Metaspace       used 25502K, capacity 25838K, committed 25984K, reserved 1073152K
  class space    used 2831K, capacity 2905K, committed 2944K, reserved 1048576K
Event: 257.671 GC heap after
Heap after GC invocations=9 (full 1):
 PSYoungGen      total 439808K, used 58275K [0x000000076ad80000, 0x000000078b100000, 0x00000007c0000000)
  eden space 368128K, 0% used [0x000000076ad80000,0x000000076ad80000,0x0000000781500000)
  from space 71680K, 81% used [0x0000000786b00000,0x000000078a3e8d18,0x000000078b100000)
  to   space 79872K, 0% used [0x0000000781500000,0x0000000781500000,0x0000000786300000)
 ParOldGen       total 254976K, used 106679K [0x00000006c0800000, 0x00000006d0100000, 0x000000076ad80000)
  object space 254976K, 41% used [0x00000006c0800000,0x00000006c702dc78,0x00000006d0100000)
 Metaspace       used 25502K, capacity 25838K, committed 25984K, reserved 1073152K
  class space    used 2831K, capacity 2905K, committed 2944K, reserved 1048576K
}

Deoptimization events (10 events):
Event: 44.170 Thread 0x000000001c5f9000 Uncommon trap: reason=unstable_if action=reinterpret pc=0x00000000030c35d0 method=java.util.HashMap$HashIterator.<init>(Ljava/util/HashMap;)V @ 45
Event: 44.170 Thread 0x000000001c5f9000 Uncommon trap: reason=unstable_if action=reinterpret pc=0x00000000030823e0 method=java.util.HashMap$HashIterator.<init>(Ljava/util/HashMap;)V @ 45
Event: 73.896 Thread 0x00000000201d6000 Uncommon trap: reason=unstable_if action=reinterpret pc=0x000000000330c2b4 method=org.bson.io.ByteBufferBsonInput.readString(I)Ljava/lang/String; @ 2
Event: 191.928 Thread 0x00000000201d6000 Uncommon trap: reason=unstable_if action=reinterpret pc=0x00000000032cc3b4 method=org.bson.io.ByteBufferBsonInput.readString(I)Ljava/lang/String; @ 2
Event: 239.669 Thread 0x000000001f9eb800 Uncommon trap: reason=predicate action=maybe_recompile pc=0x0000000003a40370 method=java.util.AbstractCollection.toArray([Ljava/lang/Object;)[Ljava/lang/Object; @ 49
Event: 239.669 Thread 0x00000000201f0800 Uncommon trap: reason=predicate action=maybe_recompile pc=0x0000000003a40370 method=java.util.AbstractCollection.toArray([Ljava/lang/Object;)[Ljava/lang/Object; @ 49
Event: 242.759 Thread 0x00000000201f9800 Uncommon trap: reason=array_check action=maybe_recompile pc=0x0000000003b1648c method=java.util.AbstractCollection.toArray([Ljava/lang/Object;)[Ljava/lang/Object; @ 119
Event: 242.759 Thread 0x00000000201f9800 Uncommon trap: reason=array_check action=maybe_recompile pc=0x0000000003b1648c method=java.util.AbstractCollection.toArray([Ljava/lang/Object;)[Ljava/lang/Object; @ 119
Event: 242.913 Thread 0x00000000201f1800 Uncommon trap: reason=array_check action=maybe_recompile pc=0x0000000003b1648c method=java.util.AbstractCollection.toArray([Ljava/lang/Object;)[Ljava/lang/Object; @ 119
Event: 242.914 Thread 0x00000000201f1800 Uncommon trap: reason=array_check action=maybe_recompile pc=0x0000000003b1648c method=java.util.AbstractCollection.toArray([Ljava/lang/Object;)[Ljava/lang/Object; @ 119

Classes redefined (0 events):
No events

Internal exceptions (10 events):
Event: 31.192 Thread 0x00000000201f5000 Implicit null exception at 0x00000000030c58af to 0x00000000030c591d
Event: 81.050 Thread 0x00000000201f6800 Exception <a 'java/net/SocketTimeoutException': Read timed out> (0x000000077093a658) thrown at [C:\jenkins\workspace\8-2-build-windows-amd64-cygwin\jdk8u251\737\hotspot\src\share\vm\prims\jni.cpp, line 736]
Event: 99.212 Thread 0x00000000201fa800 Exception <a 'java/net/SocketTimeoutException': Read timed out> (0x00000007737628e8) thrown at [C:\jenkins\workspace\8-2-build-windows-amd64-cygwin\jdk8u251\737\hotspot\src\share\vm\prims\jni.cpp, line 736]
Event: 137.199 Thread 0x000000001f095000 Exception <a 'java/net/SocketTimeoutException': Read timed out> (0x00000007765078f8) thrown at [C:\jenkins\workspace\8-2-build-windows-amd64-cygwin\jdk8u251\737\hotspot\src\share\vm\prims\jni.cpp, line 736]
Event: 150.163 Thread 0x000000001f9e5800 Exception <a 'java/net/SocketTimeoutException': connect timed out> (0x000000076b4ee0e0) thrown at [C:\jenkins\workspace\8-2-build-windows-amd64-cygwin\jdk8u251\737\hotspot\src\share\vm\prims\jni.cpp, line 736]
Event: 151.388 Thread 0x000000001f9ea800 Exception <a 'java/net/SocketTimeoutException': Read timed out> (0x000000076b185098) thrown at [C:\jenkins\workspace\8-2-build-windows-amd64-cygwin\jdk8u251\737\hotspot\src\share\vm\prims\jni.cpp, line 736]
Event: 152.748 Thread 0x00000000201fc000 Exception <a 'java/net/SocketTimeoutException': Read timed out> (0x000000076b62a268) thrown at [C:\jenkins\workspace\8-2-build-windows-amd64-cygwin\jdk8u251\737\hotspot\src\share\vm\prims\jni.cpp, line 736]
Event: 231.869 Thread 0x00000000201f2000 Exception <a 'java/net/SocketTimeoutException': Read timed out> (0x000000076f86e720) thrown at [C:\jenkins\workspace\8-2-build-windows-amd64-cygwin\jdk8u251\737\hotspot\src\share\vm\prims\jni.cpp, line 736]
Event: 247.004 Thread 0x000000001fc8f000 Exception <a 'java/net/SocketTimeoutException': Read timed out> (0x0000000772bc9a40) thrown at [C:\jenkins\workspace\8-2-build-windows-amd64-cygwin\jdk8u251\737\hotspot\src\share\vm\prims\jni.cpp, line 736]
Event: 257.086 Thread 0x00000000201fa800 Exception <a 'java/net/SocketTimeoutException': Read timed out> (0x000000076e676cd8) thrown at [C:\jenkins\workspace\8-2-build-windows-amd64-cygwin\jdk8u251\737\hotspot\src\share\vm\prims\jni.cpp, line 736]

Events (10 events):
Event: 297.932 Thread 0x00000000201fc800 DEOPT PACKING pc=0x00000000039251f4 sp=0x00000000232ce4f0
Event: 297.932 Thread 0x00000000201fc800 DEOPT UNPACKING pc=0x0000000002d37890 sp=0x00000000232ce2f0 mode 1
Event: 297.969 Thread 0x00000000201fa800 DEOPT PACKING pc=0x00000000039251f4 sp=0x00000000230ce690
Event: 297.969 Thread 0x00000000201fa800 DEOPT UNPACKING pc=0x0000000002d37890 sp=0x00000000230ce490 mode 1
Event: 297.970 Thread 0x000000001f9e6000 DEOPT PACKING pc=0x00000000039251f4 sp=0x0000000021cce200
Event: 297.970 Thread 0x000000001f9e6000 DEOPT UNPACKING pc=0x0000000002d37890 sp=0x0000000021cce000 mode 1
Event: 298.047 Thread 0x00000000201f8000 DEOPT PACKING pc=0x0000000003ba277c sp=0x0000000022acec10
Event: 298.047 Thread 0x00000000201f8000 DEOPT UNPACKING pc=0x0000000002d37890 sp=0x0000000022ace9c0 mode 1
Event: 298.047 Thread 0x00000000201f8000 DEOPT PACKING pc=0x00000000035184fc sp=0x0000000022acecf0
Event: 298.047 Thread 0x00000000201f8000 DEOPT UNPACKING pc=0x0000000002d37890 sp=0x0000000022aceab8 mode 1


Dynamic libraries:
0x00007ff7320f0000 - 0x00007ff732127000 	C:\Program Files\Java\jdk1.8.0_251\bin\java.exe
0x00007ffcb7730000 - 0x00007ffcb7925000 	C:\WINDOWS\SYSTEM32\ntdll.dll
0x00007ffcb7630000 - 0x00007ffcb76ed000 	C:\WINDOWS\System32\KERNEL32.DLL
0x00007ffcb54b0000 - 0x00007ffcb577d000 	C:\WINDOWS\System32\KERNELBASE.dll
0x00007ffcb6c90000 - 0x00007ffcb6d3e000 	C:\WINDOWS\System32\ADVAPI32.dll
0x00007ffcb5b90000 - 0x00007ffcb5c2e000 	C:\WINDOWS\System32\msvcrt.dll
0x00007ffcb7450000 - 0x00007ffcb74ec000 	C:\WINDOWS\System32\sechost.dll
0x00007ffcb72a0000 - 0x00007ffcb73c5000 	C:\WINDOWS\System32\RPCRT4.dll
0x00007ffcb59f0000 - 0x00007ffcb5b90000 	C:\WINDOWS\System32\USER32.dll
0x00007ffcb4fc0000 - 0x00007ffcb4fe2000 	C:\WINDOWS\System32\win32u.dll
0x00007ffcb59c0000 - 0x00007ffcb59ea000 	C:\WINDOWS\System32\GDI32.dll
0x00007ffcb5120000 - 0x00007ffcb522b000 	C:\WINDOWS\System32\gdi32full.dll
0x00007ffcb4f20000 - 0x00007ffcb4fbd000 	C:\WINDOWS\System32\msvcp_win.dll
0x00007ffcb4ff0000 - 0x00007ffcb50f0000 	C:\WINDOWS\System32\ucrtbase.dll
0x00007ffc9be20000 - 0x00007ffc9c0ba000 	C:\WINDOWS\WinSxS\amd64_microsoft.windows.common-controls_6595b64144ccf1df_6.0.19041.1110_none_60b5254171f9507e\COMCTL32.dll
0x00007ffcb6df0000 - 0x00007ffcb6e20000 	C:\WINDOWS\System32\IMM32.DLL
0x000000006bad0000 - 0x000000006bba2000 	C:\Program Files\Java\jdk1.8.0_251\jre\bin\msvcr100.dll
0x0000000069e80000 - 0x000000006a72b000 	C:\Program Files\Java\jdk1.8.0_251\jre\bin\server\jvm.dll
0x00007ffcb7620000 - 0x00007ffcb7628000 	C:\WINDOWS\System32\PSAPI.DLL
0x00007ffc9b790000 - 0x00007ffc9b799000 	C:\WINDOWS\SYSTEM32\WSOCK32.dll
0x00007ffcb5c30000 - 0x00007ffcb5c9b000 	C:\WINDOWS\System32\WS2_32.dll
0x00007ffcab670000 - 0x00007ffcab697000 	C:\WINDOWS\SYSTEM32\WINMM.dll
0x00007ffcae190000 - 0x00007ffcae19a000 	C:\WINDOWS\SYSTEM32\VERSION.dll
0x00007ffcb0970000 - 0x00007ffcb097f000 	C:\Program Files\Java\jdk1.8.0_251\jre\bin\verify.dll
0x00007ffc9a860000 - 0x00007ffc9a889000 	C:\Program Files\Java\jdk1.8.0_251\jre\bin\java.dll
0x00007ffc98fd0000 - 0x00007ffc99005000 	C:\Program Files\Java\jdk1.8.0_251\jre\bin\jdwp.dll
0x00007ffcb09a0000 - 0x00007ffcb09a8000 	C:\Program Files\Java\jdk1.8.0_251\jre\bin\npt.dll
0x00007ffca5790000 - 0x00007ffca57b3000 	C:\Program Files\Java\jdk1.8.0_251\jre\bin\instrument.dll
0x00007ffc9c820000 - 0x00007ffc9c836000 	C:\Program Files\Java\jdk1.8.0_251\jre\bin\zip.dll
0x00007ffcb6110000 - 0x00007ffcb6854000 	C:\WINDOWS\System32\SHELL32.dll
0x00007ffcb2f20000 - 0x00007ffcb36b4000 	C:\WINDOWS\SYSTEM32\windows.storage.dll
0x00007ffcb5db0000 - 0x00007ffcb6104000 	C:\WINDOWS\System32\combase.dll
0x00007ffcb46f0000 - 0x00007ffcb471c000 	C:\WINDOWS\SYSTEM32\Wldp.dll
0x00007ffcb5910000 - 0x00007ffcb59bd000 	C:\WINDOWS\System32\SHCORE.dll
0x00007ffcb6a10000 - 0x00007ffcb6a65000 	C:\WINDOWS\System32\shlwapi.dll
0x00007ffcb4d80000 - 0x00007ffcb4d9f000 	C:\WINDOWS\SYSTEM32\profapi.dll
0x00007ffca7460000 - 0x00007ffca7469000 	C:\Program Files\Java\jdk1.8.0_251\jre\bin\dt_socket.dll
0x00007ffcb44d0000 - 0x00007ffcb453a000 	C:\WINDOWS\system32\mswsock.dll
0x00007ffc99720000 - 0x00007ffc99744000 	C:\Program Files\Java\jdk1.8.0_251\jre\bin\sunec.dll
0x00007ffc99ac0000 - 0x00007ffc99ada000 	C:\Program Files\Java\jdk1.8.0_251\jre\bin\net.dll
0x00007ffcb41e0000 - 0x00007ffcb421b000 	C:\WINDOWS\SYSTEM32\IPHLPAPI.DLL
0x00007ffcb6c80000 - 0x00007ffcb6c88000 	C:\WINDOWS\System32\NSI.dll
0x00007ffcaef00000 - 0x00007ffcaef17000 	C:\WINDOWS\SYSTEM32\dhcpcsvc6.DLL
0x00007ffcaee70000 - 0x00007ffcaee8d000 	C:\WINDOWS\SYSTEM32\dhcpcsvc.DLL
0x00007ffcb4220000 - 0x00007ffcb42eb000 	C:\WINDOWS\SYSTEM32\DNSAPI.dll
0x00007ffc990b0000 - 0x00007ffc990c2000 	C:\Program Files\Java\jdk1.8.0_251\jre\bin\nio.dll
0x00007ffcb4730000 - 0x00007ffcb4748000 	C:\WINDOWS\SYSTEM32\CRYPTSP.dll
0x00007ffcb3e70000 - 0x00007ffcb3ea4000 	C:\WINDOWS\system32\rsaenh.dll
0x00007ffcb50f0000 - 0x00007ffcb5117000 	C:\WINDOWS\System32\bcrypt.dll
0x00007ffcb4d40000 - 0x00007ffcb4d6e000 	C:\WINDOWS\SYSTEM32\USERENV.dll
0x00007ffcb4e90000 - 0x00007ffcb4f12000 	C:\WINDOWS\System32\bcryptprimitives.dll
0x00007ffcb4660000 - 0x00007ffcb466c000 	C:\WINDOWS\SYSTEM32\CRYPTBASE.dll
0x00007ffc98b90000 - 0x00007ffc98b9d000 	C:\Program Files\Java\jdk1.8.0_251\jre\bin\management.dll
0x00007ffca1fa0000 - 0x00007ffca1fb7000 	C:\WINDOWS\system32\napinsp.dll
0x00007ffca1f80000 - 0x00007ffca1f9b000 	C:\WINDOWS\system32\pnrpnsp.dll
0x00007ffcaf7d0000 - 0x00007ffcaf7e5000 	C:\WINDOWS\system32\wshbth.dll
0x00007ffcb06d0000 - 0x00007ffcb06ed000 	C:\WINDOWS\system32\NLAapi.dll
0x00007ffca0950000 - 0x00007ffca0962000 	C:\WINDOWS\System32\winrnr.dll
0x00007ffcad9c0000 - 0x00007ffcad9ca000 	C:\Windows\System32\rasadhlp.dll
0x00007ffcae8f0000 - 0x00007ffcae970000 	C:\WINDOWS\System32\fwpuclnt.dll
0x00007ffca7450000 - 0x00007ffca745c000 	C:\Program Files\Java\jdk1.8.0_251\jre\bin\sunmscapi.dll
0x00007ffcb5230000 - 0x00007ffcb5386000 	C:\WINDOWS\System32\CRYPT32.dll
0x00007ffcb4840000 - 0x00007ffcb4867000 	C:\WINDOWS\SYSTEM32\ncrypt.dll
0x00007ffcb47e0000 - 0x00007ffcb481b000 	C:\WINDOWS\SYSTEM32\NTASN1.dll

VM Arguments:
jvm_args: -agentlib:jdwp=transport=dt_socket,address=127.0.0.1:57782,suspend=y,server=n -javaagent:C:\Users\Admin\AppData\Local\JetBrains\IdeaIC2020.1\captureAgent\debugger-agent.jar -Dfile.encoding=UTF-8 
java_command: main.java.com.linseven.UploadFile2S3
java_class_path (initial): C:\Program Files\Java\jdk1.8.0_251\jre\lib\charsets.jar;C:\Program Files\Java\jdk1.8.0_251\jre\lib\deploy.jar;C:\Program Files\Java\jdk1.8.0_251\jre\lib\ext\access-bridge-64.jar;C:\Program Files\Java\jdk1.8.0_251\jre\lib\ext\cldrdata.jar;C:\Program Files\Java\jdk1.8.0_251\jre\lib\ext\dnsns.jar;C:\Program Files\Java\jdk1.8.0_251\jre\lib\ext\jaccess.jar;C:\Program Files\Java\jdk1.8.0_251\jre\lib\ext\jfxrt.jar;C:\Program Files\Java\jdk1.8.0_251\jre\lib\ext\localedata.jar;C:\Program Files\Java\jdk1.8.0_251\jre\lib\ext\nashorn.jar;C:\Program Files\Java\jdk1.8.0_251\jre\lib\ext\sunec.jar;C:\Program Files\Java\jdk1.8.0_251\jre\lib\ext\sunjce_provider.jar;C:\Program Files\Java\jdk1.8.0_251\jre\lib\ext\sunmscapi.jar;C:\Program Files\Java\jdk1.8.0_251\jre\lib\ext\sunpkcs11.jar;C:\Program Files\Java\jdk1.8.0_251\jre\lib\ext\zipfs.jar;C:\Program Files\Java\jdk1.8.0_251\jre\lib\javaws.jar;C:\Program Files\Java\jdk1.8.0_251\jre\lib\jce.jar;C:\Program Files\Java\jdk1.8.0_251\jre\lib\jfr.jar;C:\Program Files\Java\jdk1.8.0_251\jre\lib\jfxswt.jar;C:\Program Files\Java\jdk1.8.0_251\jre\lib\jsse.jar;C:\Program Files\Java\jdk1.8.0_251\jre\lib\management-agent.jar;C:\Program Files\Java\jdk1.8.0_251\jre\lib\plugin.jar;C:\Program Files\Java\jdk1.8.0_251\jre\lib\resources.jar;C:\Program Files\Java\jdk1.8.0_251\jre\lib\rt.jar;D:\eclipse_workspace\PDFBoxDemo\target\classes;C:\Users\Admin\.m2\repository\org\projectlombok\lombok\1.16.22\lombok-1.16.22.jar;C:\Users\Admin\.m2\repository\org\apache\pdfbox\pdfbox\2.0.22\pdfbox-2.0.22.jar;C:\Users\Admin\.m2\repository\commons-logging\commons-logging\1.2\commons-logging-1.2.jar;C:\Users\Admin\.m2\repository\org\apache\pdfbox\fontbox\2.0.22\fontbox-2.0.22.jar;C:\Users\Admin\.m2\repository\org\apache\pdfbox\jempbox\1.8.11\jempbox-1.8.11.jar;C:\Users\Admin\.m2\repository\org\apache\pdfbox\xmpbox\2.0.22\xmpbox-2.0.22.jar;C:\Users\Admin\.m2\repository\org\apache\pdfbox\preflight\2.0.22\preflight-2.0.22.jar;C:\Users\Admin\.m2\r
Launcher Type: SUN_STANDARD

Environment Variables:
JAVA_HOME=C:\Program Files\Java\jdk1.8.0_251
PATH=C:\Program Files (x86)\Common Files\Oracle\Java\javapath;C:\Windows\system32;C:\Windows;C:\Windows\System32\Wbem;C:\Windows\System32\WindowsPowerShell\v1.0\;C:\Windows\System32\OpenSSH\;C:\Program Files\NVIDIA Corporation\NVIDIA NvDLISR;D:\program files\apache-maven-3.6.3\bin;C:\Program Files\Java\jdk1.8.0_251;C:\Program Files\Amazon\AWSCLI\bin\;D:\Program Files\PuTTY\;C:\Program Files\MongoDB\Server\4.2\bin;C:\Program Files\Git\cmd;C:\Go\bin;C:\ProgramData\chocolatey\bin;D:\program files\chromedriver_win32\chromedriver.exe;C:\Windows\Microsoft.NET\Framework64\v4.0.30319;C:\Program Files\OpenSSL-Win64\bin;C:\Program Files\Amazon\AWSCLIV2\;C:\WINDOWS\system32;C:\WINDOWS;C:\WINDOWS\System32\Wbem;C:\WINDOWS\System32\WindowsPowerShell\v1.0\;C:\WINDOWS\System32\OpenSSH\;D:\Program Files\nodejs\;C:\Users\Admin\AppData\Local\Programs\Python\Python38-32\Scripts\;C:\Users\Admin\AppData\Local\Programs\Python\Python38-32\;C:\Program Files\MySQL\MySQL Shell 8.0\bin\;C:\Users\Admin\AppData\Local\Microsoft\WindowsApps;;D:\program files\IntelliJ IDEA Community Edition 2020.1.1\bin;;d:\Users\Admin\AppData\Local\Programs\Microsoft VS Code\bin;C:\Program Files\Docker Toolbox;C:\Users\Admin\go\bin;C:\Program Files\Elastic\Beats\7.12.0;C:\Users\Admin\AppData\Roaming\npm
USERNAME=Admin
OS=Windows_NT
PROCESSOR_IDENTIFIER=Intel64 Family 6 Model 158 Stepping 10, GenuineIntel



---------------  S Y S T E M  ---------------

OS: Windows 10.0 , 64 bit Build 19041 (10.0.19041.1706)

CPU:total 6 (initial active 6) (6 cores per cpu, 1 threads per core) family 6 model 158 stepping 10, cmov, cx8, fxsr, mmx, sse, sse2, sse3, ssse3, sse4.1, sse4.2, popcnt, avx, avx2, aes, clmul, erms, 3dnowpref, lzcnt, tsc, tscinvbit, bmi1, bmi2, adx

Memory: 4k page, physical 16741540k(2549748k free), swap 25130148k(5376k free)

vm_info: Java HotSpot(TM) 64-Bit Server VM (25.251-b08) for windows-amd64 JRE (1.8.0_251-b08), built on Mar 12 2020 06:31:49 by "" with MS VC++ 10.0 (VS2010)

time: Thu Jun 02 14:43:37 2022
timezone: 中国标准时间
elapsed time: 298 seconds (0d 0h 4m 58s)

