#
# There is insufficient memory for the Java Runtime Environment to continue.
# Native memory allocation (malloc) failed to allocate 32744 bytes for ChunkPool::allocate
# Possible reasons:
#   The system is out of physical RAM or swap space
#   The process is running with CompressedOops enabled, and the Java Heap may be blocking the growth of the native heap
# Possible solutions:
#   Reduce memory load on the system
#   Increase physical memory or swap space
#   Check if swap backing store is full
#   Decrease Java heap size (-Xmx/-Xms)
#   Decrease number of Java threads
#   Decrease Java thread stack sizes (-Xss)
#   Set larger code cache with -XX:ReservedCodeCacheSize=
#   JVM is running with Zero Based Compressed Oops mode in which the Java heap is
#     placed in the first 32GB address space. The Java Heap base address is the
#     maximum limit for the native heap growth. Please use -XX:HeapBaseMinAddress
#     to set the Java Heap base and to place the Java Heap above 32GB virtual address.
# This output file may be truncated or incomplete.
#
#  Out of Memory Error (allocation.cpp:272), pid=20164, tid=0x00000000000116fc
#
# JRE version: Java(TM) SE Runtime Environment (8.0_251-b08) (build 1.8.0_251-b08)
# Java VM: Java HotSpot(TM) 64-Bit Server VM (25.251-b08 mixed mode windows-amd64 compressed oops)
# Failed to write core dump. Minidumps are not enabled by default on client versions of Windows
#

---------------  T H R E A D  ---------------

Current thread (0x000000001ecbc000):  JavaThread "C2 CompilerThread0" daemon [_thread_in_native, id=71420, stack(0x000000001ee50000,0x000000001ef50000)]

Stack: [0x000000001ee50000,0x000000001ef50000]
[error occurred during error reporting (printing stack bounds), id 0xc0000005]

Native frames: (J=compiled Java code, j=interpreted, Vv=VM code, C=native code)


Current CompileTask:
C2:1214646 7085   !   4       sun.security.ssl.SSLSocketImpl::readRecord (851 bytes)


---------------  P R O C E S S  ---------------

Java Threads: ( => current thread )
  0x000000001fc0c800 JavaThread "java-sdk-http-connection-reaper" daemon [_thread_blocked, id=12256, stack(0x0000000023920000,0x0000000023a20000)]
  0x000000001fc03800 JavaThread "pool-1-thread-40" [_thread_in_native, id=7960, stack(0x0000000023620000,0x0000000023720000)]
  0x000000001fc09800 JavaThread "pool-1-thread-39" [_thread_in_native, id=14400, stack(0x0000000023520000,0x0000000023620000)]
  0x000000001fc09000 JavaThread "pool-1-thread-38" [_thread_in_native, id=46544, stack(0x0000000023420000,0x0000000023520000)]
  0x000000001fc0a800 JavaThread "pool-1-thread-37" [_thread_in_native, id=35904, stack(0x0000000023320000,0x0000000023420000)]
  0x000000001fc06000 JavaThread "pool-1-thread-36" [_thread_in_native, id=78464, stack(0x0000000023220000,0x0000000023320000)]
  0x000000001fc07800 JavaThread "pool-1-thread-35" [_thread_in_native, id=50384, stack(0x0000000023120000,0x0000000023220000)]
  0x000000001fc05000 JavaThread "pool-1-thread-34" [_thread_in_native, id=64772, stack(0x0000000023020000,0x0000000023120000)]
  0x000000001fc04800 JavaThread "pool-1-thread-33" [_thread_in_native, id=75956, stack(0x0000000022f20000,0x0000000023020000)]
  0x000000001fc03000 JavaThread "pool-1-thread-32" [_thread_in_native, id=18780, stack(0x0000000022e20000,0x0000000022f20000)]
  0x000000001fc01800 JavaThread "pool-1-thread-31" [_thread_in_native, id=63988, stack(0x0000000022d20000,0x0000000022e20000)]
  0x000000001fc08000 JavaThread "pool-1-thread-30" [_thread_in_native, id=27264, stack(0x0000000022c20000,0x0000000022d20000)]
  0x000000001fc06800 JavaThread "pool-1-thread-29" [_thread_in_native, id=60056, stack(0x0000000022b20000,0x0000000022c20000)]
  0x000000001fc02000 JavaThread "pool-1-thread-28" [_thread_in_native, id=10448, stack(0x0000000022a20000,0x0000000022b20000)]
  0x000000001ff22800 JavaThread "pool-1-thread-27" [_thread_in_native, id=62884, stack(0x0000000022920000,0x0000000022a20000)]
  0x000000001ff20800 JavaThread "pool-1-thread-26" [_thread_in_native, id=59660, stack(0x0000000022820000,0x0000000022920000)]
  0x000000001ff22000 JavaThread "pool-1-thread-25" [_thread_in_native, id=35528, stack(0x0000000022720000,0x0000000022820000)]
  0x000000001ff1f800 JavaThread "pool-1-thread-24" [_thread_in_native, id=60872, stack(0x0000000022620000,0x0000000022720000)]
  0x000000001ff1f000 JavaThread "pool-1-thread-23" [_thread_in_native, id=62564, stack(0x0000000022520000,0x0000000022620000)]
  0x000000001ff1c800 JavaThread "pool-1-thread-22" [_thread_in_native, id=20372, stack(0x0000000022420000,0x0000000022520000)]
  0x000000001ff1b800 JavaThread "pool-1-thread-21" [_thread_in_native, id=52996, stack(0x0000000022320000,0x0000000022420000)]
  0x000000001ff1b000 JavaThread "pool-1-thread-20" [_thread_in_native, id=70772, stack(0x0000000022220000,0x0000000022320000)]
  0x000000001ff1d000 JavaThread "pool-1-thread-19" [_thread_in_native, id=43196, stack(0x0000000022120000,0x0000000022220000)]
  0x000000001ff1e000 JavaThread "pool-1-thread-18" [_thread_in_native, id=61772, stack(0x0000000022020000,0x0000000022120000)]
  0x000000001ff21000 JavaThread "pool-1-thread-17" [_thread_in_native, id=34080, stack(0x0000000021d20000,0x0000000021e20000)]
  0x000000001ff13800 JavaThread "pool-1-thread-16" [_thread_in_native, id=48872, stack(0x0000000021c20000,0x0000000021d20000)]
  0x000000001ff1a000 JavaThread "pool-1-thread-15" [_thread_in_native, id=11412, stack(0x0000000021b20000,0x0000000021c20000)]
  0x000000001ff18800 JavaThread "pool-1-thread-14" [_thread_in_native, id=74852, stack(0x0000000021a20000,0x0000000021b20000)]
  0x000000001ff18000 JavaThread "pool-1-thread-13" [_thread_in_native, id=77916, stack(0x0000000021920000,0x0000000021a20000)]
  0x000000001ff17000 JavaThread "pool-1-thread-12" [_thread_in_native, id=35648, stack(0x0000000021820000,0x0000000021920000)]
  0x000000001ff16800 JavaThread "pool-1-thread-11" [_thread_in_native, id=45208, stack(0x0000000021720000,0x0000000021820000)]
  0x000000001ff14000 JavaThread "pool-1-thread-10" [_thread_in_native, id=67988, stack(0x0000000021620000,0x0000000021720000)]
  0x000000001ff15000 JavaThread "pool-1-thread-9" [_thread_in_native, id=51660, stack(0x0000000021520000,0x0000000021620000)]
  0x000000001ff19800 JavaThread "pool-1-thread-8" [_thread_in_native, id=31436, stack(0x0000000021420000,0x0000000021520000)]
  0x000000001ff15800 JavaThread "pool-1-thread-7" [_thread_in_native, id=31512, stack(0x0000000021320000,0x0000000021420000)]
  0x000000001f426000 JavaThread "pool-1-thread-6" [_thread_in_native, id=6460, stack(0x0000000021220000,0x0000000021320000)]
  0x000000001f424000 JavaThread "pool-1-thread-5" [_thread_in_native, id=14864, stack(0x0000000021120000,0x0000000021220000)]
  0x000000001f421800 JavaThread "pool-1-thread-4" [_thread_in_native, id=74648, stack(0x0000000021020000,0x0000000021120000)]
  0x000000001f425800 JavaThread "pool-1-thread-3" [_thread_in_native, id=33612, stack(0x0000000020e20000,0x0000000020f20000)]
  0x000000001f428800 JavaThread "pool-1-thread-2" [_thread_in_native, id=47628, stack(0x0000000020d20000,0x0000000020e20000)]
  0x000000001f427800 JavaThread "pool-1-thread-1" [_thread_in_native, id=68928, stack(0x0000000020c20000,0x0000000020d20000)]
  0x000000001f422800 JavaThread "Thread-2" [_thread_blocked, id=78760, stack(0x0000000020b20000,0x0000000020c20000)]
  0x000000001f427000 JavaThread "pool-2-thread-1" daemon [_thread_blocked, id=21480, stack(0x0000000020a20000,0x0000000020b20000)]
  0x000000001f424800 JavaThread "cluster-ClusterId{value='6298839e6781914ec4938b47', description='null'}-127.0.0.1:27017" daemon [_thread_blocked, id=75680, stack(0x0000000020620000,0x0000000020720000)]
  0x000000001f423000 JavaThread "DestroyJavaVM" [_thread_blocked, id=75152, stack(0x0000000002710000,0x0000000002810000)]
  0x000000001ee4e000 JavaThread "Thread-0" [_thread_blocked, id=24988, stack(0x0000000020320000,0x0000000020420000)]
  0x000000001eda0000 JavaThread "Service Thread" daemon [_thread_blocked, id=48144, stack(0x000000001f150000,0x000000001f250000)]
  0x000000001ed9b800 JavaThread "C1 CompilerThread2" daemon [_thread_blocked, id=11384, stack(0x000000001f050000,0x000000001f150000)]
  0x000000001ed8e800 JavaThread "C2 CompilerThread1" daemon [_thread_blocked, id=62532, stack(0x000000001ef50000,0x000000001f050000)]
=>0x000000001ecbc000 JavaThread "C2 CompilerThread0" daemon [_thread_in_native, id=71420, stack(0x000000001ee50000,0x000000001ef50000)]
  0x000000001ddd0800 JavaThread "JDWP Command Reader" daemon [_thread_in_native, id=9328, stack(0x000000001e550000,0x000000001e650000)]
  0x000000001ddc5800 JavaThread "JDWP Event Helper Thread" daemon [_thread_blocked, id=72724, stack(0x000000001e450000,0x000000001e550000)]
  0x000000001ddc3000 JavaThread "JDWP Transport Listener: dt_socket" daemon [_thread_blocked, id=8568, stack(0x000000001e350000,0x000000001e450000)]
  0x000000001c3eb000 JavaThread "Attach Listener" daemon [_thread_blocked, id=47184, stack(0x000000001e250000,0x000000001e350000)]
  0x000000001dd5b800 JavaThread "Signal Dispatcher" daemon [_thread_blocked, id=62244, stack(0x000000001e150000,0x000000001e250000)]
  0x000000001c3c9000 JavaThread "Finalizer" daemon [_thread_blocked, id=46596, stack(0x000000001dc50000,0x000000001dd50000)]
  0x000000001c3c2000 JavaThread "Reference Handler" daemon [_thread_blocked, id=55220, stack(0x000000001db50000,0x000000001dc50000)]

Other Threads:
  0x000000001c398800 VMThread [stack: 0x000000001da50000,0x000000001db50000] [id=50916]
  0x000000001f2ac000 WatcherThread [stack: 0x0000000020220000,0x0000000020320000] [id=77672]

VM state:not at safepoint (normal execution)

VM Mutex/Monitor currently owned by a thread: None

heap address: 0x00000006c0800000, size: 4088 MB, Compressed Oops mode: Zero based, Oop shift amount: 3
Narrow klass base: 0x0000000000000000, Narrow klass shift: 3
Compressed class space size: 1073741824 Address: 0x00000007c0000000

Heap:
 PSYoungGen      total 742400K, used 222433K [0x000000076ad80000, 0x00000007b0800000, 0x00000007c0000000)
  eden space 609792K, 27% used [0x000000076ad80000,0x00000007750534f0,0x0000000790100000)
  from space 132608K, 42% used [0x0000000790100000,0x0000000793765210,0x0000000798280000)
  to   space 181760K, 0% used [0x00000007a5680000,0x00000007a5680000,0x00000007b0800000)
 ParOldGen       total 417792K, used 417562K [0x00000006c0800000, 0x00000006da000000, 0x000000076ad80000)
  object space 417792K, 99% used [0x00000006c0800000,0x00000006d9fc6970,0x00000006da000000)
 Metaspace       used 26532K, capacity 26862K, committed 27264K, reserved 1073152K
  class space    used 2835K, capacity 2905K, committed 2944K, reserved 1048576K

Card table byte_map: [0x0000000011ed0000,0x00000000126d0000] byte_map_base: 0x000000000e8cc000

Marking Bits: (ParMarkBitMap*) 0x000000006a6aaf90
 Begin Bits: [0x0000000013230000, 0x0000000017210000)
 End Bits:   [0x0000000017210000, 0x000000001b1f0000)

Polling page: 0x0000000002670000

CodeCache: size=245760Kb used=21515Kb max_used=21589Kb free=224244Kb
 bounds [0x0000000002b10000, 0x0000000004070000, 0x0000000011b10000]
 total_blobs=6292 nmethods=5815 adapters=396
 compilation: enabled

Compilation events (10 events):
Event: 1203.123 Thread 0x000000001ed9b800 nmethod 7080 0x0000000003520890 code [0x0000000003520a00, 0x0000000003520b70]
Event: 1204.218 Thread 0x000000001ed8e800 7081       4       org.joda.time.field.PreciseDateTimeField::get (43 bytes)
Event: 1204.218 Thread 0x000000001ed8e800 nmethod 7081 0x00000000036661d0 code [0x0000000003666320, 0x0000000003666478]
Event: 1204.812 Thread 0x000000001ecbc000 7082       4       com.sun.org.apache.xerces.internal.impl.XMLEntityScanner::skipSpaces (350 bytes)
Event: 1204.834 Thread 0x000000001ecbc000 nmethod 7082 0x0000000002e761d0 code [0x0000000002e76440, 0x0000000002e77e70]
Event: 1206.775 Thread 0x000000001ed8e800 7083       4       java.math.BigInteger::<init> (82 bytes)
Event: 1206.781 Thread 0x000000001ed8e800 nmethod 7083 0x00000000030184d0 code [0x0000000003018620, 0x0000000003018bb8]
Event: 1208.737 Thread 0x000000001ed9b800 7084       1       java.lang.reflect.InvocationTargetException::getCause (5 bytes)
Event: 1208.737 Thread 0x000000001ed9b800 nmethod 7084 0x0000000002cfedd0 code [0x0000000002cfef20, 0x0000000002cff030]
Event: 1214.508 Thread 0x000000001ecbc000 7085   !   4       sun.security.ssl.SSLSocketImpl::readRecord (851 bytes)

GC Heap History (10 events):
Event: 491.563 GC heap before
{Heap before GC invocations=12 (full 2):
 PSYoungGen      total 569856K, used 106485K [0x000000076ad80000, 0x000000079b200000, 0x00000007c0000000)
  eden space 463360K, 0% used [0x000000076ad80000,0x000000076ad80000,0x0000000787200000)
  from space 106496K, 99% used [0x0000000790380000,0x0000000796b7d758,0x0000000796b80000)
  to   space 148992K, 0% used [0x0000000787200000,0x0000000787200000,0x0000000790380000)
 ParOldGen       total 237568K, used 166536K [0x00000006c0800000, 0x00000006cf000000, 0x000000076ad80000)
  object space 237568K, 70% used [0x00000006c0800000,0x00000006caaa22a8,0x00000006cf000000)
 Metaspace       used 26405K, capacity 26666K, committed 27008K, reserved 1073152K
  class space    used 2839K, capacity 2915K, committed 2944K, reserved 1048576K
Event: 491.982 GC heap after
Heap after GC invocations=12 (full 2):
 PSYoungGen      total 569856K, used 28620K [0x000000076ad80000, 0x000000079b200000, 0x00000007c0000000)
  eden space 463360K, 0% used [0x000000076ad80000,0x000000076ad80000,0x0000000787200000)
  from space 106496K, 26% used [0x0000000790380000,0x0000000791f73060,0x0000000796b80000)
  to   space 148992K, 0% used [0x0000000787200000,0x0000000787200000,0x0000000790380000)
 ParOldGen       total 417792K, used 237174K [0x00000006c0800000, 0x00000006da000000, 0x000000076ad80000)
  object space 417792K, 56% used [0x00000006c0800000,0x00000006cef9d8d0,0x00000006da000000)
 Metaspace       used 26367K, capacity 26606K, committed 27008K, reserved 1073152K
  class space    used 2834K, capacity 2905K, committed 2944K, reserved 1048576K
}
Event: 612.830 GC heap before
{Heap before GC invocations=13 (full 2):
 PSYoungGen      total 569856K, used 491980K [0x000000076ad80000, 0x000000079b200000, 0x00000007c0000000)
  eden space 463360K, 100% used [0x000000076ad80000,0x0000000787200000,0x0000000787200000)
  from space 106496K, 26% used [0x0000000790380000,0x0000000791f73060,0x0000000796b80000)
  to   space 148992K, 0% used [0x0000000787200000,0x0000000787200000,0x0000000790380000)
 ParOldGen       total 417792K, used 237174K [0x00000006c0800000, 0x00000006da000000, 0x000000076ad80000)
  object space 417792K, 56% used [0x00000006c0800000,0x00000006cef9d8d0,0x00000006da000000)
 Metaspace       used 26456K, capacity 26734K, committed 27008K, reserved 1073152K
  class space    used 2834K, capacity 2905K, committed 2944K, reserved 1048576K
Event: 612.884 GC heap after
Heap after GC invocations=13 (full 2):
 PSYoungGen      total 612352K, used 52501K [0x000000076ad80000, 0x00000007a2680000, 0x00000007c0000000)
  eden space 463360K, 0% used [0x000000076ad80000,0x000000076ad80000,0x0000000787200000)
  from space 148992K, 35% used [0x0000000787200000,0x000000078a545578,0x0000000790380000)
  to   space 140800K, 0% used [0x0000000799d00000,0x0000000799d00000,0x00000007a2680000)
 ParOldGen       total 417792K, used 266070K [0x00000006c0800000, 0x00000006da000000, 0x000000076ad80000)
  object space 417792K, 63% used [0x00000006c0800000,0x00000006d0bd58d0,0x00000006da000000)
 Metaspace       used 26456K, capacity 26734K, committed 27008K, reserved 1073152K
  class space    used 2834K, capacity 2905K, committed 2944K, reserved 1048576K
}
Event: 859.816 GC heap before
{Heap before GC invocations=14 (full 2):
 PSYoungGen      total 612352K, used 515861K [0x000000076ad80000, 0x00000007a2680000, 0x00000007c0000000)
  eden space 463360K, 100% used [0x000000076ad80000,0x0000000787200000,0x0000000787200000)
  from space 148992K, 35% used [0x0000000787200000,0x000000078a545578,0x0000000790380000)
  to   space 140800K, 0% used [0x0000000799d00000,0x0000000799d00000,0x00000007a2680000)
 ParOldGen       total 417792K, used 266070K [0x00000006c0800000, 0x00000006da000000, 0x000000076ad80000)
  object space 417792K, 63% used [0x00000006c0800000,0x00000006d0bd58d0,0x00000006da000000)
 Metaspace       used 26487K, capacity 26734K, committed 27008K, reserved 1073152K
  class space    used 2834K, capacity 2905K, committed 2944K, reserved 1048576K
Event: 859.871 GC heap after
Heap after GC invocations=14 (full 2):
 PSYoungGen      total 715264K, used 57706K [0x000000076ad80000, 0x00000007a0400000, 0x00000007c0000000)
  eden space 609792K, 0% used [0x000000076ad80000,0x000000076ad80000,0x0000000790100000)
  from space 105472K, 54% used [0x0000000799d00000,0x000000079d55abe0,0x00000007a0400000)
  to   space 132608K, 0% used [0x0000000790100000,0x0000000790100000,0x0000000798280000)
 ParOldGen       total 417792K, used 298426K [0x00000006c0800000, 0x00000006da000000, 0x000000076ad80000)
  object space 417792K, 71% used [0x00000006c0800000,0x00000006d2b6ea90,0x00000006da000000)
 Metaspace       used 26487K, capacity 26734K, committed 27008K, reserved 1073152K
  class space    used 2834K, capacity 2905K, committed 2944K, reserved 1048576K
}
Event: 1180.524 GC heap before
{Heap before GC invocations=15 (full 2):
 PSYoungGen      total 715264K, used 667498K [0x000000076ad80000, 0x00000007a0400000, 0x00000007c0000000)
  eden space 609792K, 100% used [0x000000076ad80000,0x0000000790100000,0x0000000790100000)
  from space 105472K, 54% used [0x0000000799d00000,0x000000079d55abe0,0x00000007a0400000)
  to   space 132608K, 0% used [0x0000000790100000,0x0000000790100000,0x0000000798280000)
 ParOldGen       total 417792K, used 298426K [0x00000006c0800000, 0x00000006da000000, 0x000000076ad80000)
  object space 417792K, 71% used [0x00000006c0800000,0x00000006d2b6ea90,0x00000006da000000)
 Metaspace       used 26502K, capacity 26734K, committed 27008K, reserved 1073152K
  class space    used 2835K, capacity 2905K, committed 2944K, reserved 1048576K
Event: 1180.624 GC heap after
Heap after GC invocations=15 (full 2):
 PSYoungGen      total 742400K, used 132595K [0x000000076ad80000, 0x00000007b0800000, 0x00000007c0000000)
  eden space 609792K, 0% used [0x000000076ad80000,0x000000076ad80000,0x0000000790100000)
  from space 132608K, 99% used [0x0000000790100000,0x000000079827cd28,0x0000000798280000)
  to   space 181760K, 0% used [0x00000007a5680000,0x00000007a5680000,0x00000007b0800000)
 ParOldGen       total 417792K, used 376181K [0x00000006c0800000, 0x00000006da000000, 0x000000076ad80000)
  object space 417792K, 90% used [0x00000006c0800000,0x00000006d775d4c0,0x00000006da000000)
 Metaspace       used 26502K, capacity 26734K, committed 27008K, reserved 1073152K
  class space    used 2835K, capacity 2905K, committed 2944K, reserved 1048576K
}
Event: 1180.624 GC heap before
{Heap before GC invocations=16 (full 3):
 PSYoungGen      total 742400K, used 132595K [0x000000076ad80000, 0x00000007b0800000, 0x00000007c0000000)
  eden space 609792K, 0% used [0x000000076ad80000,0x000000076ad80000,0x0000000790100000)
  from space 132608K, 99% used [0x0000000790100000,0x000000079827cd28,0x0000000798280000)
  to   space 181760K, 0% used [0x00000007a5680000,0x00000007a5680000,0x00000007b0800000)
 ParOldGen       total 417792K, used 376181K [0x00000006c0800000, 0x00000006da000000, 0x000000076ad80000)
  object space 417792K, 90% used [0x00000006c0800000,0x00000006d775d4c0,0x00000006da000000)
 Metaspace       used 26502K, capacity 26734K, committed 27008K, reserved 1073152K
  class space    used 2835K, capacity 2905K, committed 2944K, reserved 1048576K
Event: 1181.350 GC heap after
Heap after GC invocations=16 (full 3):
 PSYoungGen      total 742400K, used 55700K [0x000000076ad80000, 0x00000007b0800000, 0x00000007c0000000)
  eden space 609792K, 0% used [0x000000076ad80000,0x000000076ad80000,0x0000000790100000)
  from space 132608K, 42% used [0x0000000790100000,0x0000000793765210,0x0000000798280000)
  to   space 181760K, 0% used [0x00000007a5680000,0x00000007a5680000,0x00000007b0800000)
 ParOldGen       total 417792K, used 417562K [0x00000006c0800000, 0x00000006da000000, 0x000000076ad80000)
  object space 417792K, 99% used [0x00000006c0800000,0x00000006d9fc6970,0x00000006da000000)
 Metaspace       used 26502K, capacity 26734K, committed 27008K, reserved 1073152K
  class space    used 2835K, capacity 2905K, committed 2944K, reserved 1048576K
}

Deoptimization events (10 events):
Event: 352.484 Thread 0x000000001fc01800 Uncommon trap: reason=array_check action=maybe_recompile pc=0x0000000003383c8c method=java.util.AbstractCollection.toArray([Ljava/lang/Object;)[Ljava/lang/Object; @ 119
Event: 451.766 Thread 0x000000001ff1a000 Uncommon trap: reason=unstable_if action=reinterpret pc=0x0000000003c22a24 method=sun.security.ssl.OutputRecord.isAlert(B)Z @ 28
Event: 479.796 Thread 0x000000001ee4e000 Uncommon trap: reason=unstable_if action=reinterpret pc=0x0000000002fdc2e4 method=com.mongodb.MongoBatchCursorAdapter.getNextInBatch()Ljava/lang/Object; @ 29
Event: 479.802 Thread 0x000000001ee4e000 Uncommon trap: reason=unstable_if action=reinterpret pc=0x0000000003050618 method=com.mongodb.MongoBatchCursorAdapter.hasNext()Z @ 4
Event: 498.018 Thread 0x000000001ff1f000 Uncommon trap: reason=unloaded action=reinterpret pc=0x0000000003a95980 method=sun.security.ssl.SSLSocketImpl.checkEOF()Z @ 83
Event: 1155.499 Thread 0x000000001ff1c800 Uncommon trap: reason=predicate action=maybe_recompile pc=0x00000000035fc530 method=java.util.LinkedList.toArray([Ljava/lang/Object;)[Ljava/lang/Object; @ 45
Event: 1164.016 Thread 0x000000001ff1d000 Uncommon trap: reason=array_check action=maybe_recompile pc=0x00000000035fc0bc method=java.util.LinkedList.toArray([Ljava/lang/Object;)[Ljava/lang/Object; @ 55
Event: 1164.016 Thread 0x000000001ff1d000 Uncommon trap: reason=array_check action=maybe_recompile pc=0x00000000035fc0bc method=java.util.LinkedList.toArray([Ljava/lang/Object;)[Ljava/lang/Object; @ 55
Event: 1165.764 Thread 0x000000001ff22800 Uncommon trap: reason=array_check action=maybe_recompile pc=0x00000000035fc0bc method=java.util.LinkedList.toArray([Ljava/lang/Object;)[Ljava/lang/Object; @ 55
Event: 1165.764 Thread 0x000000001ff22800 Uncommon trap: reason=array_check action=maybe_recompile pc=0x00000000035fc0bc method=java.util.LinkedList.toArray([Ljava/lang/Object;)[Ljava/lang/Object; @ 55

Classes redefined (0 events):
No events

Internal exceptions (10 events):
Event: 1204.174 Thread 0x000000001f424000 Exception <a 'java/net/SocketTimeoutException': connect timed out> (0x000000076e088410) thrown at [C:\jenkins\workspace\8-2-build-windows-amd64-cygwin\jdk8u251\737\hotspot\src\share\vm\prims\jni.cpp, line 736]
Event: 1206.195 Thread 0x000000001ff18000 Exception <a 'java/net/SocketException': Software caused connection abort: socket write error> (0x0000000772dd6b60) thrown at [C:\jenkins\workspace\8-2-build-windows-amd64-cygwin\jdk8u251\737\hotspot\src\share\vm\prims\jni.cpp, line 736]
Event: 1206.195 Thread 0x000000001ff18000 Exception <a 'java/net/SocketException': Software caused connection abort: socket write error> (0x0000000772dd7458) thrown at [C:\jenkins\workspace\8-2-build-windows-amd64-cygwin\jdk8u251\737\hotspot\src\share\vm\prims\jni.cpp, line 736]
Event: 1206.410 Thread 0x000000001fc03800 Exception <a 'java/net/SocketTimeoutException': connect timed out> (0x000000076f012758) thrown at [C:\jenkins\workspace\8-2-build-windows-amd64-cygwin\jdk8u251\737\hotspot\src\share\vm\prims\jni.cpp, line 736]
Event: 1208.737 Thread 0x000000001fc09000 Exception <a 'java/net/SocketTimeoutException': connect timed out> (0x00000007700494d0) thrown at [C:\jenkins\workspace\8-2-build-windows-amd64-cygwin\jdk8u251\737\hotspot\src\share\vm\prims\jni.cpp, line 736]
Event: 1210.586 Thread 0x000000001ff15000 Exception <a 'java/net/SocketTimeoutException': connect timed out> (0x0000000770aa8370) thrown at [C:\jenkins\workspace\8-2-build-windows-amd64-cygwin\jdk8u251\737\hotspot\src\share\vm\prims\jni.cpp, line 736]
Event: 1213.326 Thread 0x000000001fc05000 Exception <a 'java/net/SocketException': Software caused connection abort: socket write error> (0x000000076be63818) thrown at [C:\jenkins\workspace\8-2-build-windows-amd64-cygwin\jdk8u251\737\hotspot\src\share\vm\prims\jni.cpp, line 736]
Event: 1213.327 Thread 0x000000001fc05000 Exception <a 'java/net/SocketException': Software caused connection abort: socket write error> (0x000000076be64110) thrown at [C:\jenkins\workspace\8-2-build-windows-amd64-cygwin\jdk8u251\737\hotspot\src\share\vm\prims\jni.cpp, line 736]
Event: 1213.474 Thread 0x000000001fc02000 Exception <a 'java/net/SocketTimeoutException': connect timed out> (0x00000007721a1b18) thrown at [C:\jenkins\workspace\8-2-build-windows-amd64-cygwin\jdk8u251\737\hotspot\src\share\vm\prims\jni.cpp, line 736]
Event: 1214.218 Thread 0x000000001f424000 Exception <a 'java/net/SocketTimeoutException': connect timed out> (0x000000076e09c278) thrown at [C:\jenkins\workspace\8-2-build-windows-amd64-cygwin\jdk8u251\737\hotspot\src\share\vm\prims\jni.cpp, line 736]

Events (10 events):
Event: 1214.218 Thread 0x000000001f424000 DEOPT PACKING pc=0x0000000003ebef0c sp=0x000000002121da20
Event: 1214.218 Thread 0x000000001f424000 DEOPT UNPACKING pc=0x0000000002b57890 sp=0x000000002121d8f0 mode 1
Event: 1214.218 Thread 0x000000001f424000 DEOPT PACKING pc=0x0000000003ccb89c sp=0x000000002121dc60
Event: 1214.218 Thread 0x000000001f424000 DEOPT UNPACKING pc=0x0000000002b57890 sp=0x000000002121da38 mode 1
Event: 1214.218 Thread 0x000000001f424000 DEOPT PACKING pc=0x0000000002ffffcc sp=0x000000002121dd90
Event: 1214.218 Thread 0x000000001f424000 DEOPT UNPACKING pc=0x0000000002b57890 sp=0x000000002121da80 mode 1
Event: 1214.218 Thread 0x000000001f424000 DEOPT PACKING pc=0x00000000030fe0ec sp=0x000000002121de10
Event: 1214.218 Thread 0x000000001f424000 DEOPT UNPACKING pc=0x0000000002b57890 sp=0x000000002121db38 mode 1
Event: 1214.218 Thread 0x000000001f424000 DEOPT PACKING pc=0x00000000038c58c4 sp=0x000000002121de60
Event: 1214.218 Thread 0x000000001f424000 DEOPT UNPACKING pc=0x0000000002b57890 sp=0x000000002121dd78 mode 1


Dynamic libraries:
0x00007ff7320f0000 - 0x00007ff732127000 	C:\Program Files\Java\jdk1.8.0_251\bin\java.exe
0x00007ffcb7730000 - 0x00007ffcb7925000 	C:\WINDOWS\SYSTEM32\ntdll.dll
0x00007ffcb7630000 - 0x00007ffcb76ed000 	C:\WINDOWS\System32\KERNEL32.DLL
0x00007ffcb54b0000 - 0x00007ffcb577d000 	C:\WINDOWS\System32\KERNELBASE.dll
0x00007ffcb6c90000 - 0x00007ffcb6d3e000 	C:\WINDOWS\System32\ADVAPI32.dll
0x00007ffcb5b90000 - 0x00007ffcb5c2e000 	C:\WINDOWS\System32\msvcrt.dll
0x00007ffcb7450000 - 0x00007ffcb74ec000 	C:\WINDOWS\System32\sechost.dll
0x00007ffcb72a0000 - 0x00007ffcb73c5000 	C:\WINDOWS\System32\RPCRT4.dll
0x00007ffcb59f0000 - 0x00007ffcb5b90000 	C:\WINDOWS\System32\USER32.dll
0x00007ffcb4fc0000 - 0x00007ffcb4fe2000 	C:\WINDOWS\System32\win32u.dll
0x00007ffcb59c0000 - 0x00007ffcb59ea000 	C:\WINDOWS\System32\GDI32.dll
0x00007ffcb5120000 - 0x00007ffcb522b000 	C:\WINDOWS\System32\gdi32full.dll
0x00007ffcb4f20000 - 0x00007ffcb4fbd000 	C:\WINDOWS\System32\msvcp_win.dll
0x00007ffcb4ff0000 - 0x00007ffcb50f0000 	C:\WINDOWS\System32\ucrtbase.dll
0x00007ffc9be20000 - 0x00007ffc9c0ba000 	C:\WINDOWS\WinSxS\amd64_microsoft.windows.common-controls_6595b64144ccf1df_6.0.19041.1110_none_60b5254171f9507e\COMCTL32.dll
0x00007ffcb6df0000 - 0x00007ffcb6e20000 	C:\WINDOWS\System32\IMM32.DLL
0x000000006bad0000 - 0x000000006bba2000 	C:\Program Files\Java\jdk1.8.0_251\jre\bin\msvcr100.dll
0x0000000069e80000 - 0x000000006a72b000 	C:\Program Files\Java\jdk1.8.0_251\jre\bin\server\jvm.dll
0x00007ffcb7620000 - 0x00007ffcb7628000 	C:\WINDOWS\System32\PSAPI.DLL
0x00007ffc9b790000 - 0x00007ffc9b799000 	C:\WINDOWS\SYSTEM32\WSOCK32.dll
0x00007ffcab670000 - 0x00007ffcab697000 	C:\WINDOWS\SYSTEM32\WINMM.dll
0x00007ffcb5c30000 - 0x00007ffcb5c9b000 	C:\WINDOWS\System32\WS2_32.dll
0x00007ffcae190000 - 0x00007ffcae19a000 	C:\WINDOWS\SYSTEM32\VERSION.dll
0x00007ffcb0970000 - 0x00007ffcb097f000 	C:\Program Files\Java\jdk1.8.0_251\jre\bin\verify.dll
0x00007ffc9a860000 - 0x00007ffc9a889000 	C:\Program Files\Java\jdk1.8.0_251\jre\bin\java.dll
0x00007ffc98fd0000 - 0x00007ffc99005000 	C:\Program Files\Java\jdk1.8.0_251\jre\bin\jdwp.dll
0x00007ffcb09a0000 - 0x00007ffcb09a8000 	C:\Program Files\Java\jdk1.8.0_251\jre\bin\npt.dll
0x00007ffca5790000 - 0x00007ffca57b3000 	C:\Program Files\Java\jdk1.8.0_251\jre\bin\instrument.dll
0x00007ffc9c820000 - 0x00007ffc9c836000 	C:\Program Files\Java\jdk1.8.0_251\jre\bin\zip.dll
0x00007ffcb6110000 - 0x00007ffcb6854000 	C:\WINDOWS\System32\SHELL32.dll
0x00007ffcb2f20000 - 0x00007ffcb36b4000 	C:\WINDOWS\SYSTEM32\windows.storage.dll
0x00007ffcb5db0000 - 0x00007ffcb6104000 	C:\WINDOWS\System32\combase.dll
0x00007ffcb46f0000 - 0x00007ffcb471c000 	C:\WINDOWS\SYSTEM32\Wldp.dll
0x00007ffcb5910000 - 0x00007ffcb59bd000 	C:\WINDOWS\System32\SHCORE.dll
0x00007ffcb6a10000 - 0x00007ffcb6a65000 	C:\WINDOWS\System32\shlwapi.dll
0x00007ffcb4d80000 - 0x00007ffcb4d9f000 	C:\WINDOWS\SYSTEM32\profapi.dll
0x00007ffca7460000 - 0x00007ffca7469000 	C:\Program Files\Java\jdk1.8.0_251\jre\bin\dt_socket.dll
0x00007ffcb44d0000 - 0x00007ffcb453a000 	C:\WINDOWS\system32\mswsock.dll
0x00007ffc99720000 - 0x00007ffc99744000 	C:\Program Files\Java\jdk1.8.0_251\jre\bin\sunec.dll
0x00007ffc99ac0000 - 0x00007ffc99ada000 	C:\Program Files\Java\jdk1.8.0_251\jre\bin\net.dll
0x00007ffcb41e0000 - 0x00007ffcb421b000 	C:\WINDOWS\SYSTEM32\IPHLPAPI.DLL
0x00007ffcb6c80000 - 0x00007ffcb6c88000 	C:\WINDOWS\System32\NSI.dll
0x00007ffcaef00000 - 0x00007ffcaef17000 	C:\WINDOWS\SYSTEM32\dhcpcsvc6.DLL
0x00007ffcaee70000 - 0x00007ffcaee8d000 	C:\WINDOWS\SYSTEM32\dhcpcsvc.DLL
0x00007ffcb4220000 - 0x00007ffcb42eb000 	C:\WINDOWS\SYSTEM32\DNSAPI.dll
0x00007ffc990b0000 - 0x00007ffc990c2000 	C:\Program Files\Java\jdk1.8.0_251\jre\bin\nio.dll
0x00007ffcb4730000 - 0x00007ffcb4748000 	C:\WINDOWS\SYSTEM32\CRYPTSP.dll
0x00007ffcb3e70000 - 0x00007ffcb3ea4000 	C:\WINDOWS\system32\rsaenh.dll
0x00007ffcb50f0000 - 0x00007ffcb5117000 	C:\WINDOWS\System32\bcrypt.dll
0x00007ffcb4d40000 - 0x00007ffcb4d6e000 	C:\WINDOWS\SYSTEM32\USERENV.dll
0x00007ffcb4e90000 - 0x00007ffcb4f12000 	C:\WINDOWS\System32\bcryptprimitives.dll
0x00007ffcb4660000 - 0x00007ffcb466c000 	C:\WINDOWS\SYSTEM32\CRYPTBASE.dll
0x00007ffc98b90000 - 0x00007ffc98b9d000 	C:\Program Files\Java\jdk1.8.0_251\jre\bin\management.dll
0x00007ffca1fa0000 - 0x00007ffca1fb7000 	C:\WINDOWS\system32\napinsp.dll
0x00007ffca1f80000 - 0x00007ffca1f9b000 	C:\WINDOWS\system32\pnrpnsp.dll
0x00007ffcaf7d0000 - 0x00007ffcaf7e5000 	C:\WINDOWS\system32\wshbth.dll
0x00007ffcb06d0000 - 0x00007ffcb06ed000 	C:\WINDOWS\system32\NLAapi.dll
0x00007ffca0950000 - 0x00007ffca0962000 	C:\WINDOWS\System32\winrnr.dll
0x00007ffcad9c0000 - 0x00007ffcad9ca000 	C:\Windows\System32\rasadhlp.dll
0x00007ffcae8f0000 - 0x00007ffcae970000 	C:\WINDOWS\System32\fwpuclnt.dll
0x00007ffca7450000 - 0x00007ffca745c000 	C:\Program Files\Java\jdk1.8.0_251\jre\bin\sunmscapi.dll
0x00007ffcb5230000 - 0x00007ffcb5386000 	C:\WINDOWS\System32\CRYPT32.dll
0x00007ffcb4840000 - 0x00007ffcb4867000 	C:\WINDOWS\SYSTEM32\ncrypt.dll
0x00007ffcb47e0000 - 0x00007ffcb481b000 	C:\WINDOWS\SYSTEM32\NTASN1.dll

VM Arguments:
jvm_args: -agentlib:jdwp=transport=dt_socket,address=127.0.0.1:58669,suspend=y,server=n -javaagent:C:\Users\Admin\AppData\Local\JetBrains\IdeaIC2020.1\captureAgent\debugger-agent.jar -Dfile.encoding=UTF-8 
java_command: main.java.com.linseven.UploadFile2S3
java_class_path (initial): C:\Program Files\Java\jdk1.8.0_251\jre\lib\charsets.jar;C:\Program Files\Java\jdk1.8.0_251\jre\lib\deploy.jar;C:\Program Files\Java\jdk1.8.0_251\jre\lib\ext\access-bridge-64.jar;C:\Program Files\Java\jdk1.8.0_251\jre\lib\ext\cldrdata.jar;C:\Program Files\Java\jdk1.8.0_251\jre\lib\ext\dnsns.jar;C:\Program Files\Java\jdk1.8.0_251\jre\lib\ext\jaccess.jar;C:\Program Files\Java\jdk1.8.0_251\jre\lib\ext\jfxrt.jar;C:\Program Files\Java\jdk1.8.0_251\jre\lib\ext\localedata.jar;C:\Program Files\Java\jdk1.8.0_251\jre\lib\ext\nashorn.jar;C:\Program Files\Java\jdk1.8.0_251\jre\lib\ext\sunec.jar;C:\Program Files\Java\jdk1.8.0_251\jre\lib\ext\sunjce_provider.jar;C:\Program Files\Java\jdk1.8.0_251\jre\lib\ext\sunmscapi.jar;C:\Program Files\Java\jdk1.8.0_251\jre\lib\ext\sunpkcs11.jar;C:\Program Files\Java\jdk1.8.0_251\jre\lib\ext\zipfs.jar;C:\Program Files\Java\jdk1.8.0_251\jre\lib\javaws.jar;C:\Program Files\Java\jdk1.8.0_251\jre\lib\jce.jar;C:\Program Files\Java\jdk1.8.0_251\jre\lib\jfr.jar;C:\Program Files\Java\jdk1.8.0_251\jre\lib\jfxswt.jar;C:\Program Files\Java\jdk1.8.0_251\jre\lib\jsse.jar;C:\Program Files\Java\jdk1.8.0_251\jre\lib\management-agent.jar;C:\Program Files\Java\jdk1.8.0_251\jre\lib\plugin.jar;C:\Program Files\Java\jdk1.8.0_251\jre\lib\resources.jar;C:\Program Files\Java\jdk1.8.0_251\jre\lib\rt.jar;D:\eclipse_workspace\PDFBoxDemo\target\classes;C:\Users\Admin\.m2\repository\org\projectlombok\lombok\1.16.22\lombok-1.16.22.jar;C:\Users\Admin\.m2\repository\org\apache\pdfbox\pdfbox\2.0.22\pdfbox-2.0.22.jar;C:\Users\Admin\.m2\repository\commons-logging\commons-logging\1.2\commons-logging-1.2.jar;C:\Users\Admin\.m2\repository\org\apache\pdfbox\fontbox\2.0.22\fontbox-2.0.22.jar;C:\Users\Admin\.m2\repository\org\apache\pdfbox\jempbox\1.8.11\jempbox-1.8.11.jar;C:\Users\Admin\.m2\repository\org\apache\pdfbox\xmpbox\2.0.22\xmpbox-2.0.22.jar;C:\Users\Admin\.m2\repository\org\apache\pdfbox\preflight\2.0.22\preflight-2.0.22.jar;C:\Users\Admin\.m2\r
Launcher Type: SUN_STANDARD

Environment Variables:
JAVA_HOME=C:\Program Files\Java\jdk1.8.0_251
PATH=C:\Program Files (x86)\Common Files\Oracle\Java\javapath;C:\Windows\system32;C:\Windows;C:\Windows\System32\Wbem;C:\Windows\System32\WindowsPowerShell\v1.0\;C:\Windows\System32\OpenSSH\;C:\Program Files\NVIDIA Corporation\NVIDIA NvDLISR;D:\program files\apache-maven-3.6.3\bin;C:\Program Files\Java\jdk1.8.0_251;C:\Program Files\Amazon\AWSCLI\bin\;D:\Program Files\PuTTY\;C:\Program Files\MongoDB\Server\4.2\bin;C:\Program Files\Git\cmd;C:\Go\bin;C:\ProgramData\chocolatey\bin;D:\program files\chromedriver_win32\chromedriver.exe;C:\Windows\Microsoft.NET\Framework64\v4.0.30319;C:\Program Files\OpenSSL-Win64\bin;C:\Program Files\Amazon\AWSCLIV2\;C:\WINDOWS\system32;C:\WINDOWS;C:\WINDOWS\System32\Wbem;C:\WINDOWS\System32\WindowsPowerShell\v1.0\;C:\WINDOWS\System32\OpenSSH\;D:\Program Files\nodejs\;C:\Users\Admin\AppData\Local\Programs\Python\Python38-32\Scripts\;C:\Users\Admin\AppData\Local\Programs\Python\Python38-32\;C:\Program Files\MySQL\MySQL Shell 8.0\bin\;C:\Users\Admin\AppData\Local\Microsoft\WindowsApps;;D:\program files\IntelliJ IDEA Community Edition 2020.1.1\bin;;d:\Users\Admin\AppData\Local\Programs\Microsoft VS Code\bin;C:\Program Files\Docker Toolbox;C:\Users\Admin\go\bin;C:\Program Files\Elastic\Beats\7.12.0;C:\Users\Admin\AppData\Roaming\npm
USERNAME=Admin
OS=Windows_NT
PROCESSOR_IDENTIFIER=Intel64 Family 6 Model 158 Stepping 10, GenuineIntel



---------------  S Y S T E M  ---------------

OS: Windows 10.0 , 64 bit Build 19041 (10.0.19041.1706)

CPU:total 6 (initial active 6) (6 cores per cpu, 1 threads per core) family 6 model 158 stepping 10, cmov, cx8, fxsr, mmx, sse, sse2, sse3, ssse3, sse4.1, sse4.2, popcnt, avx, avx2, aes, clmul, erms, 3dnowpref, lzcnt, tsc, tscinvbit, bmi1, bmi2, adx

Memory: 4k page, physical 16741540k(2317556k free), swap 25130148k(4140k free)

vm_info: Java HotSpot(TM) 64-Bit Server VM (25.251-b08) for windows-amd64 JRE (1.8.0_251-b08), built on Mar 12 2020 06:31:49 by "" with MS VC++ 10.0 (VS2010)

time: Thu Jun 02 17:52:26 2022
timezone: 中国标准时间
elapsed time: 1214 seconds (0d 0h 20m 14s)

