#
# There is insufficient memory for the Java Runtime Environment to continue.
# Native memory allocation (malloc) failed to allocate 32744 bytes for ChunkPool::allocate
# Possible reasons:
#   The system is out of physical RAM or swap space
#   The process is running with CompressedOops enabled, and the Java Heap may be blocking the growth of the native heap
# Possible solutions:
#   Reduce memory load on the system
#   Increase physical memory or swap space
#   Check if swap backing store is full
#   Decrease Java heap size (-Xmx/-Xms)
#   Decrease number of Java threads
#   Decrease Java thread stack sizes (-Xss)
#   Set larger code cache with -XX:ReservedCodeCacheSize=
#   JVM is running with Zero Based Compressed Oops mode in which the Java heap is
#     placed in the first 32GB address space. The Java Heap base address is the
#     maximum limit for the native heap growth. Please use -XX:HeapBaseMinAddress
#     to set the Java Heap base and to place the Java Heap above 32GB virtual address.
# This output file may be truncated or incomplete.
#
#  Out of Memory Error (allocation.cpp:272), pid=21312, tid=0x0000000000005588
#
# JRE version: Java(TM) SE Runtime Environment (8.0_251-b08) (build 1.8.0_251-b08)
# Java VM: Java HotSpot(TM) 64-Bit Server VM (25.251-b08 mixed mode windows-amd64 compressed oops)
# Failed to write core dump. Minidumps are not enabled by default on client versions of Windows
#

---------------  T H R E A D  ---------------

Current thread (0x000000001cd6a800):  JavaThread "C1 CompilerThread2" daemon [_thread_in_native, id=21896, stack(0x000000001eec0000,0x000000001efc0000)]

Stack: [0x000000001eec0000,0x000000001efc0000]
[error occurred during error reporting (printing stack bounds), id 0xc0000005]

Native frames: (J=compiled Java code, j=interpreted, Vv=VM code, C=native code)


Current CompileTask:
C1:   5573 5315       2       com.sun.tools.javac.comp.Check::isCanonical (44 bytes)


---------------  P R O C E S S  ---------------

Java Threads: ( => current thread )
  0x000000001e793000 JavaThread "Service Thread" daemon [_thread_blocked, id=6468, stack(0x000000001efc0000,0x000000001f0c0000)]
=>0x000000001cd6a800 JavaThread "C1 CompilerThread2" daemon [_thread_in_native, id=21896, stack(0x000000001eec0000,0x000000001efc0000)]
  0x000000001cd69800 JavaThread "C2 CompilerThread1" daemon [_thread_in_native, id=16828, stack(0x000000001edc0000,0x000000001eec0000)]
  0x000000001e716000 JavaThread "C2 CompilerThread0" daemon [_thread_in_native, id=24512, stack(0x000000001ecc0000,0x000000001edc0000)]
  0x000000001e6cb800 JavaThread "Attach Listener" daemon [_thread_blocked, id=26912, stack(0x000000001ebc0000,0x000000001ecc0000)]
  0x000000001cd65000 JavaThread "Signal Dispatcher" daemon [_thread_blocked, id=7028, stack(0x000000001eac0000,0x000000001ebc0000)]
  0x000000001cd3d000 JavaThread "Finalizer" daemon [_thread_blocked, id=7680, stack(0x000000001e5c0000,0x000000001e6c0000)]
  0x000000001cd3c000 JavaThread "Reference Handler" daemon [_thread_blocked, id=20800, stack(0x000000001e4c0000,0x000000001e5c0000)]
  0x0000000003392800 JavaThread "main" [_thread_in_Java, id=15588, stack(0x00000000031d0000,0x00000000032d0000)]

Other Threads:
  0x000000001cd18000 VMThread [stack: 0x000000001e3c0000,0x000000001e4c0000] [id=16552]
  0x000000001e7c5000 WatcherThread [stack: 0x000000001f0c0000,0x000000001f1c0000] [id=12496]

VM state:not at safepoint (normal execution)

VM Mutex/Monitor currently owned by a thread: None

OutOfMemory and StackOverflow Exception counts:
OutOfMemoryError java_heap_errors=1

heap address: 0x00000006c0800000, size: 4088 MB, Compressed Oops mode: Zero based, Oop shift amount: 3
Narrow klass base: 0x0000000000000000, Narrow klass shift: 3
Compressed class space size: 1073741824 Address: 0x00000007c0000000

Heap:
 PSYoungGen      total 122368K, used 118225K [0x000000076ad80000, 0x000000077a900000, 0x00000007c0000000)
  eden space 111616K, 96% used [0x000000076ad80000,0x0000000771674c30,0x0000000771a80000)
  from space 10752K, 99% used [0x0000000773800000,0x000000077427f8e8,0x0000000774280000)
  to   space 30208K, 0% used [0x0000000771a80000,0x0000000771a80000,0x0000000773800000)
 ParOldGen       total 130560K, used 49101K [0x00000006c0800000, 0x00000006c8780000, 0x000000076ad80000)
  object space 130560K, 37% used [0x00000006c0800000,0x00000006c37f3708,0x00000006c8780000)
 Metaspace       used 27529K, capacity 28338K, committed 28592K, reserved 1075200K
  class space    used 3202K, capacity 3435K, committed 3504K, reserved 1048576K

Card table byte_map: [0x0000000012850000,0x0000000013050000] byte_map_base: 0x000000000f24c000

Marking Bits: (ParMarkBitMap*) 0x0000000074ffaf90
 Begin Bits: [0x0000000013bb0000, 0x0000000017b90000)
 End Bits:   [0x0000000017b90000, 0x000000001bb70000)

Polling page: 0x0000000002dc0000

CodeCache: size=245760Kb used=16509Kb max_used=17371Kb free=229250Kb
 bounds [0x0000000003490000, 0x00000000045a0000, 0x0000000012490000]
 total_blobs=5101 nmethods=4660 adapters=353
 compilation: enabled

Compilation events (10 events):
Event: 5.549 Thread 0x000000001cd6a800 nmethod 5310 0x0000000003aa2810 code [0x0000000003aa2980, 0x0000000003aa2bd8]
Event: 5.561 Thread 0x000000001cd6a800 5311       2       com.sun.tools.javac.code.Scope$StarImportScope::importAll (54 bytes)
Event: 5.561 Thread 0x000000001cd6a800 nmethod 5311 0x0000000003aa2150 code [0x0000000003aa22e0, 0x0000000003aa2618]
Event: 5.562 Thread 0x000000001cd6a800 5312       1       com.sun.tools.javac.tree.JCTree$JCVariableDecl::getTag (4 bytes)
Event: 5.562 Thread 0x000000001cd6a800 nmethod 5312 0x00000000039bbcd0 code [0x00000000039bbe20, 0x00000000039bbf30]
Event: 5.562 Thread 0x000000001cd6a800 5313       1       com.sun.tools.javac.tree.JCTree$JCClassDecl::getExtendsClause (5 bytes)
Event: 5.562 Thread 0x000000001cd6a800 nmethod 5313 0x0000000003aa1e90 code [0x0000000003aa1fe0, 0x0000000003aa20f0]
Event: 5.565 Thread 0x000000001cd6a800 5314       2       com.sun.tools.javac.comp.Attr::attribImportQualifier (41 bytes)
Event: 5.565 Thread 0x000000001cd6a800 nmethod 5314 0x0000000003aa18d0 code [0x0000000003aa1a40, 0x0000000003aa1ce8]
Event: 5.568 Thread 0x000000001cd6a800 5315       2       com.sun.tools.javac.comp.Check::isCanonical (44 bytes)

GC Heap History (10 events):
Event: 1.959 GC heap before
{Heap before GC invocations=3 (full 0):
 PSYoungGen      total 76288K, used 76272K [0x000000076ad80000, 0x0000000774280000, 0x00000007c0000000)
  eden space 65536K, 100% used [0x000000076ad80000,0x000000076ed80000,0x000000076ed80000)
  from space 10752K, 99% used [0x000000076f800000,0x000000077027c040,0x0000000770280000)
  to   space 10752K, 0% used [0x000000076ed80000,0x000000076ed80000,0x000000076f800000)
 ParOldGen       total 175104K, used 2881K [0x00000006c0800000, 0x00000006cb300000, 0x000000076ad80000)
  object space 175104K, 1% used [0x00000006c0800000,0x00000006c0ad0788,0x00000006cb300000)
 Metaspace       used 16145K, capacity 16452K, committed 16640K, reserved 1064960K
  class space    used 1873K, capacity 1984K, committed 2048K, reserved 1048576K
Event: 1.969 GC heap after
Heap after GC invocations=3 (full 0):
 PSYoungGen      total 76288K, used 10720K [0x000000076ad80000, 0x0000000774280000, 0x00000007c0000000)
  eden space 65536K, 0% used [0x000000076ad80000,0x000000076ad80000,0x000000076ed80000)
  from space 10752K, 99% used [0x000000076ed80000,0x000000076f7f8070,0x000000076f800000)
  to   space 10752K, 0% used [0x0000000773800000,0x0000000773800000,0x0000000774280000)
 ParOldGen       total 175104K, used 8359K [0x00000006c0800000, 0x00000006cb300000, 0x000000076ad80000)
  object space 175104K, 4% used [0x00000006c0800000,0x00000006c1029ea0,0x00000006cb300000)
 Metaspace       used 16145K, capacity 16452K, committed 16640K, reserved 1064960K
  class space    used 1873K, capacity 1984K, committed 2048K, reserved 1048576K
}
Event: 2.768 GC heap before
{Heap before GC invocations=4 (full 0):
 PSYoungGen      total 76288K, used 76256K [0x000000076ad80000, 0x0000000774280000, 0x00000007c0000000)
  eden space 65536K, 100% used [0x000000076ad80000,0x000000076ed80000,0x000000076ed80000)
  from space 10752K, 99% used [0x000000076ed80000,0x000000076f7f8070,0x000000076f800000)
  to   space 10752K, 0% used [0x0000000773800000,0x0000000773800000,0x0000000774280000)
 ParOldGen       total 175104K, used 8359K [0x00000006c0800000, 0x00000006cb300000, 0x000000076ad80000)
  object space 175104K, 4% used [0x00000006c0800000,0x00000006c1029ea0,0x00000006cb300000)
 Metaspace       used 16592K, capacity 16842K, committed 17152K, reserved 1064960K
  class space    used 1890K, capacity 1985K, committed 2048K, reserved 1048576K
Event: 2.784 GC heap after
Heap after GC invocations=4 (full 0):
 PSYoungGen      total 141824K, used 10744K [0x000000076ad80000, 0x0000000774280000, 0x00000007c0000000)
  eden space 131072K, 0% used [0x000000076ad80000,0x000000076ad80000,0x0000000772d80000)
  from space 10752K, 99% used [0x0000000773800000,0x000000077427e0a0,0x0000000774280000)
  to   space 10752K, 0% used [0x0000000772d80000,0x0000000772d80000,0x0000000773800000)
 ParOldGen       total 175104K, used 11214K [0x00000006c0800000, 0x00000006cb300000, 0x000000076ad80000)
  object space 175104K, 6% used [0x00000006c0800000,0x00000006c12f3af0,0x00000006cb300000)
 Metaspace       used 16592K, capacity 16842K, committed 17152K, reserved 1064960K
  class space    used 1890K, capacity 1985K, committed 2048K, reserved 1048576K
}
Event: 3.704 GC heap before
{Heap before GC invocations=5 (full 0):
 PSYoungGen      total 141824K, used 102634K [0x000000076ad80000, 0x0000000774280000, 0x00000007c0000000)
  eden space 131072K, 70% used [0x000000076ad80000,0x000000077073cad0,0x0000000772d80000)
  from space 10752K, 99% used [0x0000000773800000,0x000000077427e0a0,0x0000000774280000)
  to   space 10752K, 0% used [0x0000000772d80000,0x0000000772d80000,0x0000000773800000)
 ParOldGen       total 175104K, used 11214K [0x00000006c0800000, 0x00000006cb300000, 0x000000076ad80000)
  object space 175104K, 6% used [0x00000006c0800000,0x00000006c12f3af0,0x00000006cb300000)
 Metaspace       used 20556K, capacity 21204K, committed 21296K, reserved 1069056K
  class space    used 2384K, capacity 2561K, committed 2608K, reserved 1048576K
Event: 3.737 GC heap after
Heap after GC invocations=5 (full 0):
 PSYoungGen      total 141824K, used 10736K [0x000000076ad80000, 0x0000000774280000, 0x00000007c0000000)
  eden space 131072K, 0% used [0x000000076ad80000,0x000000076ad80000,0x0000000772d80000)
  from space 10752K, 99% used [0x0000000772d80000,0x00000007737fc060,0x0000000773800000)
  to   space 10752K, 0% used [0x0000000773800000,0x0000000773800000,0x0000000774280000)
 ParOldGen       total 175104K, used 18307K [0x00000006c0800000, 0x00000006cb300000, 0x000000076ad80000)
  object space 175104K, 10% used [0x00000006c0800000,0x00000006c19e0c80,0x00000006cb300000)
 Metaspace       used 20556K, capacity 21204K, committed 21296K, reserved 1069056K
  class space    used 2384K, capacity 2561K, committed 2608K, reserved 1048576K
}
Event: 3.737 GC heap before
{Heap before GC invocations=6 (full 1):
 PSYoungGen      total 141824K, used 10736K [0x000000076ad80000, 0x0000000774280000, 0x00000007c0000000)
  eden space 131072K, 0% used [0x000000076ad80000,0x000000076ad80000,0x0000000772d80000)
  from space 10752K, 99% used [0x0000000772d80000,0x00000007737fc060,0x0000000773800000)
  to   space 10752K, 0% used [0x0000000773800000,0x0000000773800000,0x0000000774280000)
 ParOldGen       total 175104K, used 18307K [0x00000006c0800000, 0x00000006cb300000, 0x000000076ad80000)
  object space 175104K, 10% used [0x00000006c0800000,0x00000006c19e0c80,0x00000006cb300000)
 Metaspace       used 20556K, capacity 21204K, committed 21296K, reserved 1069056K
  class space    used 2384K, capacity 2561K, committed 2608K, reserved 1048576K
Event: 3.804 GC heap after
Heap after GC invocations=6 (full 1):
 PSYoungGen      total 141824K, used 0K [0x000000076ad80000, 0x0000000774280000, 0x00000007c0000000)
  eden space 131072K, 0% used [0x000000076ad80000,0x000000076ad80000,0x0000000772d80000)
  from space 10752K, 0% used [0x0000000772d80000,0x0000000772d80000,0x0000000773800000)
  to   space 10752K, 0% used [0x0000000773800000,0x0000000773800000,0x0000000774280000)
 ParOldGen       total 130560K, used 24938K [0x00000006c0800000, 0x00000006c8780000, 0x000000076ad80000)
  object space 130560K, 19% used [0x00000006c0800000,0x00000006c205abf0,0x00000006c8780000)
 Metaspace       used 20556K, capacity 21204K, committed 21296K, reserved 1069056K
  class space    used 2384K, capacity 2561K, committed 2608K, reserved 1048576K
}
Event: 4.982 GC heap before
{Heap before GC invocations=7 (full 1):
 PSYoungGen      total 141824K, used 131072K [0x000000076ad80000, 0x0000000774280000, 0x00000007c0000000)
  eden space 131072K, 100% used [0x000000076ad80000,0x0000000772d80000,0x0000000772d80000)
  from space 10752K, 0% used [0x0000000772d80000,0x0000000772d80000,0x0000000773800000)
  to   space 10752K, 0% used [0x0000000773800000,0x0000000773800000,0x0000000774280000)
 ParOldGen       total 130560K, used 24938K [0x00000006c0800000, 0x00000006c8780000, 0x000000076ad80000)
  object space 130560K, 19% used [0x00000006c0800000,0x00000006c205abf0,0x00000006c8780000)
 Metaspace       used 26021K, capacity 26754K, committed 26800K, reserved 1073152K
  class space    used 3011K, capacity 3219K, committed 3248K, reserved 1048576K
Event: 5.000 GC heap after
Heap after GC invocations=7 (full 1):
 PSYoungGen      total 122368K, used 10750K [0x000000076ad80000, 0x000000077a900000, 0x00000007c0000000)
  eden space 111616K, 0% used [0x000000076ad80000,0x000000076ad80000,0x0000000771a80000)
  from space 10752K, 99% used [0x0000000773800000,0x000000077427f8e8,0x0000000774280000)
  to   space 30208K, 0% used [0x0000000771a80000,0x0000000771a80000,0x0000000773800000)
 ParOldGen       total 130560K, used 49101K [0x00000006c0800000, 0x00000006c8780000, 0x000000076ad80000)
  object space 130560K, 37% used [0x00000006c0800000,0x00000006c37f3708,0x00000006c8780000)
 Metaspace       used 26021K, capacity 26754K, committed 26800K, reserved 1073152K
  class space    used 3011K, capacity 3219K, committed 3248K, reserved 1048576K
}

Deoptimization events (10 events):
Event: 4.970 Thread 0x0000000003392800 Uncommon trap: reason=bimorphic action=maybe_recompile pc=0x00000000039814e4 method=java.lang.ClassLoader.loadClass(Ljava/lang/String;Z)Ljava/lang/Class; @ 38
Event: 4.971 Thread 0x0000000003392800 Uncommon trap: reason=bimorphic action=maybe_recompile pc=0x00000000039814e4 method=java.lang.ClassLoader.loadClass(Ljava/lang/String;Z)Ljava/lang/Class; @ 38
Event: 5.056 Thread 0x0000000003392800 Uncommon trap: reason=class_check action=maybe_recompile pc=0x000000000368801c method=sun.misc.URLClassPath.getLoader(I)Lsun/misc/URLClassPath$Loader; @ 94
Event: 5.132 Thread 0x0000000003392800 Uncommon trap: reason=unstable_if action=reinterpret pc=0x0000000003add570 method=java.util.HashMap.hash(Ljava/lang/Object;)I @ 1
Event: 5.135 Thread 0x0000000003392800 Uncommon trap: reason=unstable_if action=reinterpret pc=0x0000000003adf868 method=java.util.HashMap.hash(Ljava/lang/Object;)I @ 1
Event: 5.461 Thread 0x0000000003392800 Uncommon trap: reason=unstable_if action=reinterpret pc=0x00000000039f7b54 method=com.sun.tools.javac.code.Symbol$TypeSymbol.formFullName(Lcom/sun/tools/javac/util/Name;Lcom/sun/tools/javac/code/Symbol;)Lcom/sun/tools/javac/util/Name; @ 1
Event: 5.466 Thread 0x0000000003392800 Uncommon trap: reason=speculate_class_check action=maybe_recompile pc=0x0000000003c57b00 method=com.sun.tools.javac.file.JavacFileManager.inferBinaryName(Ljavax/tools/JavaFileManager$Location;Ljavax/tools/JavaFileObject;)Ljava/lang/String; @ 23
Event: 5.466 Thread 0x0000000003392800 Uncommon trap: reason=speculate_class_check action=maybe_recompile pc=0x0000000003c57b00 method=com.sun.tools.javac.file.JavacFileManager.inferBinaryName(Ljavax/tools/JavaFileManager$Location;Ljavax/tools/JavaFileObject;)Ljava/lang/String; @ 23
Event: 5.466 Thread 0x0000000003392800 Uncommon trap: reason=speculate_class_check action=maybe_recompile pc=0x0000000003c57b00 method=com.sun.tools.javac.file.JavacFileManager.inferBinaryName(Ljavax/tools/JavaFileManager$Location;Ljavax/tools/JavaFileObject;)Ljava/lang/String; @ 23
Event: 5.466 Thread 0x0000000003392800 Uncommon trap: reason=speculate_class_check action=maybe_recompile pc=0x0000000003c57b00 method=com.sun.tools.javac.file.JavacFileManager.inferBinaryName(Ljavax/tools/JavaFileManager$Location;Ljavax/tools/JavaFileObject;)Ljava/lang/String; @ 23

Classes redefined (0 events):
No events

Internal exceptions (10 events):
Event: 3.343 Thread 0x0000000003392800 Exception <a 'java/lang/NoSuchFieldError': method resolution failed> (0x000000076f05d2a0) thrown at [C:\jenkins\workspace\8-2-build-windows-amd64-cygwin\jdk8u251\737\hotspot\src\share\vm\prims\methodHandles.cpp, line 1167]
Event: 3.345 Thread 0x0000000003392800 Exception <a 'java/lang/NoSuchFieldError': method resolution failed> (0x000000076f06a960) thrown at [C:\jenkins\workspace\8-2-build-windows-amd64-cygwin\jdk8u251\737\hotspot\src\share\vm\prims\methodHandles.cpp, line 1167]
Event: 3.355 Thread 0x0000000003392800 Exception <a 'java/lang/NoSuchMethodError': java.lang.Object.lambda$comparing$77a9974f$1(Ljava/util/function/Function;Ljava/lang/Object;Ljava/lang/Object;)I> (0x000000076f0edf08) thrown at [C:\jenkins\workspace\8-2-build-windows-amd64-cygwin\jdk8u251\737\
Event: 3.356 Thread 0x0000000003392800 Exception <a 'java/lang/NoSuchMethodError': java.lang.Object.lambda$comparingByKey$6d558cbf$1(Ljava/util/Comparator;Ljava/util/Map$Entry;Ljava/util/Map$Entry;)I> (0x000000076f0fc558) thrown at [C:\jenkins\workspace\8-2-build-windows-amd64-cygwin\jdk8u251\
Event: 3.954 Thread 0x0000000003392800 Exception <a 'java/lang/ClassNotFoundException': com/sun/tools/javac/api/JavacTool> (0x000000076b635bf0) thrown at [C:\jenkins\workspace\8-2-build-windows-amd64-cygwin\jdk8u251\737\hotspot\src\share\vm\classfile\systemDictionary.cpp, line 210]
Event: 4.473 Thread 0x0000000003392800 Exception <a 'java/io/FileNotFoundException'> (0x000000076d728228) thrown at [C:\jenkins\workspace\8-2-build-windows-amd64-cygwin\jdk8u251\737\hotspot\src\share\vm\prims\jni.cpp, line 710]
Event: 4.475 Thread 0x0000000003392800 Exception <a 'java/io/FileNotFoundException'> (0x000000076d75db58) thrown at [C:\jenkins\workspace\8-2-build-windows-amd64-cygwin\jdk8u251\737\hotspot\src\share\vm\prims\jni.cpp, line 710]
Event: 5.132 Thread 0x0000000003392800 Implicit null exception at 0x0000000003add133 to 0x0000000003add559
Event: 5.135 Thread 0x0000000003392800 Implicit null exception at 0x0000000003adf655 to 0x0000000003adf859
Event: 5.461 Thread 0x0000000003392800 Implicit null exception at 0x00000000039f76b1 to 0x00000000039f7b3d

Events (10 events):
Event: 5.466 Thread 0x0000000003392800 DEOPT UNPACKING pc=0x00000000034d583b sp=0x00000000032cd0d0 mode 2
Event: 5.466 Thread 0x0000000003392800 Uncommon trap: trap_request=0xffffff76 fr.pc=0x0000000003c57b00
Event: 5.466 Thread 0x0000000003392800 DEOPT PACKING pc=0x0000000003c57b00 sp=0x00000000032cd040
Event: 5.466 Thread 0x0000000003392800 DEOPT UNPACKING pc=0x00000000034d583b sp=0x00000000032cd030 mode 2
Event: 5.466 Thread 0x0000000003392800 Uncommon trap: trap_request=0xffffff76 fr.pc=0x0000000003c57b00
Event: 5.466 Thread 0x0000000003392800 DEOPT PACKING pc=0x0000000003c57b00 sp=0x00000000032cd0e0
Event: 5.466 Thread 0x0000000003392800 DEOPT UNPACKING pc=0x00000000034d583b sp=0x00000000032cd0d0 mode 2
Event: 5.466 Thread 0x0000000003392800 Uncommon trap: trap_request=0xffffff76 fr.pc=0x0000000003c57b00
Event: 5.466 Thread 0x0000000003392800 DEOPT PACKING pc=0x0000000003c57b00 sp=0x00000000032cd040
Event: 5.466 Thread 0x0000000003392800 DEOPT UNPACKING pc=0x00000000034d583b sp=0x00000000032cd030 mode 2


Dynamic libraries:
0x00007ff7d9ed0000 - 0x00007ff7d9f07000 	C:\Program Files\Java\jdk1.8.0_251\bin\java.exe
0x00007ffccc6f0000 - 0x00007ffccc8e5000 	C:\WINDOWS\SYSTEM32\ntdll.dll
0x00007ffccbcb0000 - 0x00007ffccbd6d000 	C:\WINDOWS\System32\KERNEL32.DLL
0x00007ffcca000000 - 0x00007ffcca2cd000 	C:\WINDOWS\System32\KERNELBASE.dll
0x00007ffccb3e0000 - 0x00007ffccb48e000 	C:\WINDOWS\System32\ADVAPI32.dll
0x00007ffccc340000 - 0x00007ffccc3de000 	C:\WINDOWS\System32\msvcrt.dll
0x00007ffcca7f0000 - 0x00007ffcca88c000 	C:\WINDOWS\System32\sechost.dll
0x00007ffccb520000 - 0x00007ffccb645000 	C:\WINDOWS\System32\RPCRT4.dll
0x00007ffccb900000 - 0x00007ffccbaa0000 	C:\WINDOWS\System32\USER32.dll
0x00007ffcca560000 - 0x00007ffcca582000 	C:\WINDOWS\System32\win32u.dll
0x00007ffccaff0000 - 0x00007ffccb01a000 	C:\WINDOWS\System32\GDI32.dll
0x00007ffcca3a0000 - 0x00007ffcca4ab000 	C:\WINDOWS\System32\gdi32full.dll
0x00007ffcca300000 - 0x00007ffcca39d000 	C:\WINDOWS\System32\msvcp_win.dll
0x00007ffcc9e90000 - 0x00007ffcc9f90000 	C:\WINDOWS\System32\ucrtbase.dll
0x00007ffcb67b0000 - 0x00007ffcb6a4a000 	C:\WINDOWS\WinSxS\amd64_microsoft.windows.common-controls_6595b64144ccf1df_6.0.19041.1110_none_60b5254171f9507e\COMCTL32.dll
0x00007ffccb490000 - 0x00007ffccb4c0000 	C:\WINDOWS\System32\IMM32.DLL
0x0000000075080000 - 0x0000000075152000 	C:\Program Files\Java\jdk1.8.0_251\jre\bin\msvcr100.dll
0x00000000747d0000 - 0x000000007507b000 	C:\Program Files\Java\jdk1.8.0_251\jre\bin\server\jvm.dll
0x00007ffccafe0000 - 0x00007ffccafe8000 	C:\WINDOWS\System32\PSAPI.DLL
0x00007ffcc1140000 - 0x00007ffcc1167000 	C:\WINDOWS\SYSTEM32\WINMM.dll
0x00007ffcac160000 - 0x00007ffcac169000 	C:\WINDOWS\SYSTEM32\WSOCK32.dll
0x00007ffcc2d50000 - 0x00007ffcc2d5a000 	C:\WINDOWS\SYSTEM32\VERSION.dll
0x00007ffccc1f0000 - 0x00007ffccc25b000 	C:\WINDOWS\System32\WS2_32.dll
0x00007ffcc7610000 - 0x00007ffcc761f000 	C:\Program Files\Java\jdk1.8.0_251\jre\bin\verify.dll
0x00007ffcc5940000 - 0x00007ffcc5969000 	C:\Program Files\Java\jdk1.8.0_251\jre\bin\java.dll
0x00007ffcc58c0000 - 0x00007ffcc58d6000 	C:\Program Files\Java\jdk1.8.0_251\jre\bin\zip.dll
0x00007ffcca890000 - 0x00007ffccafd4000 	C:\WINDOWS\System32\SHELL32.dll
0x00007ffcc7ee0000 - 0x00007ffcc8674000 	C:\WINDOWS\SYSTEM32\windows.storage.dll
0x00007ffccb080000 - 0x00007ffccb3d4000 	C:\WINDOWS\System32\combase.dll
0x00007ffcc96b0000 - 0x00007ffcc96dc000 	C:\WINDOWS\SYSTEM32\Wldp.dll
0x00007ffccc3e0000 - 0x00007ffccc48d000 	C:\WINDOWS\System32\SHCORE.dll
0x00007ffccb020000 - 0x00007ffccb075000 	C:\WINDOWS\System32\shlwapi.dll
0x00007ffcc9d40000 - 0x00007ffcc9d5f000 	C:\WINDOWS\SYSTEM32\profapi.dll
0x00007ffcb08c0000 - 0x00007ffcb08ca000 	D:\program files\apache-maven-3.6.3\lib\jansi-native\windows64\jansi.dll
0x00007ffcc0c60000 - 0x00007ffcc0c7a000 	C:\Program Files\Java\jdk1.8.0_251\jre\bin\net.dll
0x00007ffcc9490000 - 0x00007ffcc94fa000 	C:\WINDOWS\system32\mswsock.dll
0x00007ffcb4ff0000 - 0x00007ffcb5002000 	C:\Program Files\Java\jdk1.8.0_251\jre\bin\nio.dll

VM Arguments:
jvm_args: -Dclassworlds.conf=D:\program files\apache-maven-3.6.3\bin\..\bin\m2.conf -Dmaven.home=D:\program files\apache-maven-3.6.3\bin\.. -Dlibrary.jansi.path=D:\program files\apache-maven-3.6.3\bin\..\lib\jansi-native -Dmaven.multiModuleProjectDirectory=D:\eclipse_workspace\PDFBoxDemo 
java_command: org.codehaus.plexus.classworlds.launcher.Launcher clean package -DskipTests
java_class_path (initial): D:\program files\apache-maven-3.6.3\bin\..\boot\plexus-classworlds-2.6.0.jar
Launcher Type: SUN_STANDARD

Environment Variables:
JAVA_HOME=C:\Program Files\Java\jdk1.8.0_251
PATH=C:\Program Files (x86)\Common Files\Oracle\Java\javapath;C:\Windows\system32;C:\Windows;C:\Windows\System32\Wbem;C:\Windows\System32\WindowsPowerShell\v1.0\;C:\Windows\System32\OpenSSH\;C:\Program Files\NVIDIA Corporation\NVIDIA NvDLISR;D:\program files\apache-maven-3.6.3\bin;C:\Program Files\Java\jdk1.8.0_251;C:\Program Files\Amazon\AWSCLI\bin\;D:\Program Files\PuTTY\;C:\Program Files\MongoDB\Server\4.2\bin;C:\Program Files\Git\cmd;C:\Go\bin;C:\ProgramData\chocolatey\bin;D:\program files\chromedriver_win32\chromedriver.exe;C:\Windows\Microsoft.NET\Framework64\v4.0.30319;C:\Program Files\OpenSSL-Win64\bin;C:\Program Files\Amazon\AWSCLIV2\;C:\WINDOWS\system32;C:\WINDOWS;C:\WINDOWS\System32\Wbem;C:\WINDOWS\System32\WindowsPowerShell\v1.0\;C:\WINDOWS\System32\OpenSSH\;D:\Program Files\nodejs\;C:\Users\Admin\AppData\Local\Programs\Python\Python38-32\Scripts\;C:\Users\Admin\AppData\Local\Programs\Python\Python38-32\;C:\Program Files\MySQL\MySQL Shell 8.0\bin\;C:\Users\Admin\AppData\Local\Microsoft\WindowsApps;;D:\program files\IntelliJ IDEA Community Edition 2020.1.1\bin;;d:\Users\Admin\AppData\Local\Programs\Microsoft VS Code\bin;C:\Program Files\Docker Toolbox;C:\Users\Admin\go\bin;C:\Program Files\Elastic\Beats\7.12.0;C:\Users\Admin\AppData\Roaming\npm
USERNAME=Admin
OS=Windows_NT
PROCESSOR_IDENTIFIER=Intel64 Family 6 Model 158 Stepping 10, GenuineIntel



---------------  S Y S T E M  ---------------

OS: Windows 10.0 , 64 bit Build 19041 (10.0.19041.1706)

CPU:total 6 (initial active 6) (6 cores per cpu, 1 threads per core) family 6 model 158 stepping 10, cmov, cx8, fxsr, mmx, sse, sse2, sse3, ssse3, sse4.1, sse4.2, popcnt, avx, avx2, aes, clmul, erms, 3dnowpref, lzcnt, tsc, tscinvbit, bmi1, bmi2, adx

Memory: 4k page, physical 16741540k(2439892k free), swap 25130148k(3116k free)

vm_info: Java HotSpot(TM) 64-Bit Server VM (25.251-b08) for windows-amd64 JRE (1.8.0_251-b08), built on Mar 12 2020 06:31:49 by "" with MS VC++ 10.0 (VS2010)

time: Wed Jun 08 17:54:30 2022
timezone: 中国标准时间
elapsed time: 5 seconds (0d 0h 0m 5s)

