#
# There is insufficient memory for the Java Runtime Environment to continue.
# Native memory allocation (malloc) failed to allocate 1381136 bytes for Chunk::new
# Possible reasons:
#   The system is out of physical RAM or swap space
#   The process is running with CompressedOops enabled, and the Java Heap may be blocking the growth of the native heap
# Possible solutions:
#   Reduce memory load on the system
#   Increase physical memory or swap space
#   Check if swap backing store is full
#   Decrease Java heap size (-Xmx/-Xms)
#   Decrease number of Java threads
#   Decrease Java thread stack sizes (-Xss)
#   Set larger code cache with -XX:ReservedCodeCacheSize=
#   JVM is running with Zero Based Compressed Oops mode in which the Java heap is
#     placed in the first 32GB address space. The Java Heap base address is the
#     maximum limit for the native heap growth. Please use -XX:HeapBaseMinAddress
#     to set the Java Heap base and to place the Java Heap above 32GB virtual address.
# This output file may be truncated or incomplete.
#
#  Out of Memory Error (allocation.cpp:389), pid=55572, tid=0x0000000000012c54
#
# JRE version: Java(TM) SE Runtime Environment (8.0_251-b08) (build 1.8.0_251-b08)
# Java VM: Java HotSpot(TM) 64-Bit Server VM (25.251-b08 mixed mode windows-amd64 compressed oops)
# Failed to write core dump. Minidumps are not enabled by default on client versions of Windows
#

---------------  T H R E A D  ---------------

Current thread (0x000000001faa0800):  JavaThread "C2 CompilerThread1" daemon [_thread_in_native, id=76884, stack(0x000000001fc50000,0x000000001fd50000)]

Stack: [0x000000001fc50000,0x000000001fd50000]
[error occurred during error reporting (printing stack bounds), id 0xc0000005]

Native frames: (J=compiled Java code, j=interpreted, Vv=VM code, C=native code)


Current CompileTask:
C2: 314963 6696   !   4       sun.security.ssl.SSLSocketImpl::readRecord (851 bytes)


---------------  P R O C E S S  ---------------

Java Threads: ( => current thread )
  0x0000000020a70800 JavaThread "java-sdk-http-connection-reaper" daemon [_thread_blocked, id=21704, stack(0x00000000237f0000,0x00000000238f0000)]
  0x0000000020a6a800 JavaThread "pool-1-thread-10" [_thread_in_native, id=54076, stack(0x0000000022520000,0x0000000022620000)]
  0x0000000020a71800 JavaThread "pool-1-thread-9" [_thread_in_native, id=49304, stack(0x0000000022220000,0x0000000022320000)]
  0x0000000020a6d800 JavaThread "pool-1-thread-8" [_thread_in_native, id=58124, stack(0x0000000022120000,0x0000000022220000)]
  0x0000000020a88000 JavaThread "pool-1-thread-7" [_thread_in_native, id=32384, stack(0x0000000022020000,0x0000000022120000)]
  0x0000000020a9b000 JavaThread "pool-1-thread-6" [_thread_in_native, id=48672, stack(0x0000000021f20000,0x0000000022020000)]
  0x0000000020e9e800 JavaThread "pool-1-thread-5" [_thread_in_native, id=69788, stack(0x0000000021e20000,0x0000000021f20000)]
  0x0000000020a7d800 JavaThread "pool-1-thread-4" [_thread_in_native, id=41696, stack(0x0000000021d20000,0x0000000021e20000)]
  0x00000000208ee800 JavaThread "pool-1-thread-3" [_thread_in_native, id=51940, stack(0x0000000021b20000,0x0000000021c20000)]
  0x000000002070d000 JavaThread "pool-1-thread-2" [_thread_in_native, id=9248, stack(0x0000000021a20000,0x0000000021b20000)]
  0x000000002070b000 JavaThread "pool-1-thread-1" [_thread_in_native, id=16276, stack(0x0000000021920000,0x0000000021a20000)]
  0x00000000206d5000 JavaThread "Thread-2" [_thread_blocked, id=29048, stack(0x0000000021820000,0x0000000021920000)]
  0x00000000206d8800 JavaThread "pool-2-thread-1" daemon [_thread_blocked, id=72212, stack(0x0000000021720000,0x0000000021820000)]
  0x0000000020739800 JavaThread "cluster-ClusterId{value='62980b08678191d9149c2e16', description='null'}-127.0.0.1:27017" daemon [_thread_blocked, id=78732, stack(0x0000000021320000,0x0000000021420000)]
  0x0000000020019000 JavaThread "Thread-0" [_thread_blocked, id=25072, stack(0x0000000021020000,0x0000000021120000)]
  0x000000001fb21000 JavaThread "Service Thread" daemon [_thread_blocked, id=77632, stack(0x000000001fe50000,0x000000001ff50000)]
  0x000000001faa5800 JavaThread "C1 CompilerThread2" daemon [_thread_blocked, id=20720, stack(0x000000001fd50000,0x000000001fe50000)]
=>0x000000001faa0800 JavaThread "C2 CompilerThread1" daemon [_thread_in_native, id=76884, stack(0x000000001fc50000,0x000000001fd50000)]
  0x000000001fa9e000 JavaThread "C2 CompilerThread0" daemon [_thread_blocked, id=16392, stack(0x000000001fb50000,0x000000001fc50000)]
  0x000000001eac7800 JavaThread "JDWP Command Reader" daemon [_thread_in_native, id=30088, stack(0x000000001f250000,0x000000001f350000)]
  0x000000001eac6000 JavaThread "JDWP Event Helper Thread" daemon [_thread_blocked, id=60248, stack(0x000000001f150000,0x000000001f250000)]
  0x000000001eac5800 JavaThread "JDWP Transport Listener: dt_socket" daemon [_thread_blocked, id=64372, stack(0x000000001f050000,0x000000001f150000)]
  0x000000001eaae800 JavaThread "Attach Listener" daemon [_thread_blocked, id=67216, stack(0x000000001ef50000,0x000000001f050000)]
  0x000000001ea5b800 JavaThread "Signal Dispatcher" daemon [_thread_blocked, id=28480, stack(0x000000001ee50000,0x000000001ef50000)]
  0x000000001d0c9000 JavaThread "Finalizer" daemon [_thread_blocked, id=38152, stack(0x000000001e950000,0x000000001ea50000)]
  0x000000001d0c2000 JavaThread "Reference Handler" daemon [_thread_blocked, id=39900, stack(0x000000001e850000,0x000000001e950000)]
  0x000000000347b800 JavaThread "main" [_thread_blocked, id=68652, stack(0x0000000003020000,0x0000000003120000)]

Other Threads:
  0x000000001d098800 VMThread [stack: 0x000000001e750000,0x000000001e850000] [id=76868]
  0x000000001ffb0000 WatcherThread [stack: 0x0000000020f20000,0x0000000021020000] [id=27564]

VM state:not at safepoint (normal execution)

VM Mutex/Monitor currently owned by a thread: None

heap address: 0x00000006c0800000, size: 4088 MB, Compressed Oops mode: Zero based, Oop shift amount: 3
Narrow klass base: 0x0000000000000000, Narrow klass shift: 3
Compressed class space size: 1073741824 Address: 0x00000007c0000000

Heap:
 PSYoungGen      total 355840K, used 63727K [0x000000076ad80000, 0x0000000785c80000, 0x00000007c0000000)
  eden space 325632K, 10% used [0x000000076ad80000,0x000000076cebbbe0,0x000000077eb80000)
  from space 30208K, 98% used [0x000000077f900000,0x00000007816002d0,0x0000000781680000)
  to   space 57856K, 0% used [0x0000000782400000,0x0000000782400000,0x0000000785c80000)
 ParOldGen       total 198656K, used 141983K [0x00000006c0800000, 0x00000006cca00000, 0x000000076ad80000)
  object space 198656K, 71% used [0x00000006c0800000,0x00000006c92a7ea0,0x00000006cca00000)
 Metaspace       used 26356K, capacity 26670K, committed 27008K, reserved 1073152K
  class space    used 2830K, capacity 2905K, committed 2944K, reserved 1048576K

Card table byte_map: [0x0000000012bd0000,0x00000000133d0000] byte_map_base: 0x000000000f5cc000

Marking Bits: (ParMarkBitMap*) 0x000000006a6aaf90
 Begin Bits: [0x0000000013f30000, 0x0000000017f10000)
 End Bits:   [0x0000000017f10000, 0x000000001bef0000)

Polling page: 0x0000000003570000

CodeCache: size=245760Kb used=21316Kb max_used=21443Kb free=224443Kb
 bounds [0x0000000003810000, 0x0000000004d40000, 0x0000000012810000]
 total_blobs=6067 nmethods=5590 adapters=396
 compilation: enabled

Compilation events (10 events):
Event: 313.794 Thread 0x000000001faa5800 nmethod 6689 0x0000000004086490 code [0x0000000004086640, 0x0000000004086da8]
Event: 313.794 Thread 0x000000001faa5800 6691       3       com.sun.org.apache.xerces.internal.xni.QName::setValues (22 bytes)
Event: 313.794 Thread 0x000000001faa5800 nmethod 6691 0x0000000004155750 code [0x00000000041558a0, 0x0000000004155a50]
Event: 313.794 Thread 0x000000001faa5800 6692       3       com.sun.org.apache.xerces.internal.impl.XMLDocumentFragmentScannerImpl::checkDepth (100 bytes)
Event: 313.795 Thread 0x000000001faa5800 nmethod 6692 0x000000000408c910 code [0x000000000408cba0, 0x000000000408e468]
Event: 313.795 Thread 0x000000001faa5800 6693       3       com.sun.org.apache.xerces.internal.util.NamespaceSupport::pushContext (65 bytes)
Event: 313.795 Thread 0x000000001faa5800 nmethod 6693 0x0000000004026ad0 code [0x0000000004026c40, 0x0000000004026f68]
Event: 313.872 Thread 0x000000001fa9e000 6695   !   4       sun.reflect.GeneratedConstructorAccessor1::newInstance (49 bytes)
Event: 313.875 Thread 0x000000001fa9e000 nmethod 6695 0x000000000401fd50 code [0x000000000401fec0, 0x0000000004020268]
Event: 314.357 Thread 0x000000001faa0800 6696   !   4       sun.security.ssl.SSLSocketImpl::readRecord (851 bytes)

GC Heap History (10 events):
Event: 177.343 GC heap before
{Heap before GC invocations=11 (full 1):
 PSYoungGen      total 433152K, used 433137K [0x000000076ad80000, 0x0000000789780000, 0x00000007c0000000)
  eden space 385024K, 100% used [0x000000076ad80000,0x0000000782580000,0x0000000782580000)
  from space 48128K, 99% used [0x0000000783700000,0x00000007865fc400,0x0000000786600000)
  to   space 50688K, 0% used [0x0000000786600000,0x0000000786600000,0x0000000789780000)
 ParOldGen       total 99840K, used 67907K [0x00000006c0800000, 0x00000006c6980000, 0x000000076ad80000)
  object space 99840K, 68% used [0x00000006c0800000,0x00000006c4a50c40,0x00000006c6980000)
 Metaspace       used 26313K, capacity 26654K, committed 26752K, reserved 1073152K
  class space    used 2833K, capacity 2913K, committed 2944K, reserved 1048576K
Event: 177.369 GC heap after
Heap after GC invocations=11 (full 1):
 PSYoungGen      total 419840K, used 50677K [0x000000076ad80000, 0x0000000789800000, 0x00000007c0000000)
  eden space 369152K, 0% used [0x000000076ad80000,0x000000076ad80000,0x0000000781600000)
  from space 50688K, 99% used [0x0000000786600000,0x000000078977d470,0x0000000789780000)
  to   space 66560K, 0% used [0x0000000781600000,0x0000000781600000,0x0000000785700000)
 ParOldGen       total 99840K, used 75914K [0x00000006c0800000, 0x00000006c6980000, 0x000000076ad80000)
  object space 99840K, 76% used [0x00000006c0800000,0x00000006c5222a08,0x00000006c6980000)
 Metaspace       used 26313K, capacity 26654K, committed 26752K, reserved 1073152K
  class space    used 2833K, capacity 2913K, committed 2944K, reserved 1048576K
}
Event: 177.369 GC heap before
{Heap before GC invocations=12 (full 2):
 PSYoungGen      total 419840K, used 50677K [0x000000076ad80000, 0x0000000789800000, 0x00000007c0000000)
  eden space 369152K, 0% used [0x000000076ad80000,0x000000076ad80000,0x0000000781600000)
  from space 50688K, 99% used [0x0000000786600000,0x000000078977d470,0x0000000789780000)
  to   space 66560K, 0% used [0x0000000781600000,0x0000000781600000,0x0000000785700000)
 ParOldGen       total 99840K, used 75914K [0x00000006c0800000, 0x00000006c6980000, 0x000000076ad80000)
  object space 99840K, 76% used [0x00000006c0800000,0x00000006c5222a08,0x00000006c6980000)
 Metaspace       used 26313K, capacity 26654K, committed 26752K, reserved 1073152K
  class space    used 2833K, capacity 2913K, committed 2944K, reserved 1048576K
Event: 177.545 GC heap after
Heap after GC invocations=12 (full 2):
 PSYoungGen      total 419840K, used 18579K [0x000000076ad80000, 0x0000000789800000, 0x00000007c0000000)
  eden space 369152K, 0% used [0x000000076ad80000,0x000000076ad80000,0x0000000781600000)
  from space 50688K, 36% used [0x0000000786600000,0x0000000787824d10,0x0000000789780000)
  to   space 66560K, 0% used [0x0000000781600000,0x0000000781600000,0x0000000785700000)
 ParOldGen       total 198656K, used 99367K [0x00000006c0800000, 0x00000006cca00000, 0x000000076ad80000)
  object space 198656K, 50% used [0x00000006c0800000,0x00000006c6909e50,0x00000006cca00000)
 Metaspace       used 26283K, capacity 26606K, committed 26752K, reserved 1073152K
  class space    used 2829K, capacity 2905K, committed 2944K, reserved 1048576K
}
Event: 221.446 GC heap before
{Heap before GC invocations=13 (full 2):
 PSYoungGen      total 419840K, used 387731K [0x000000076ad80000, 0x0000000789800000, 0x00000007c0000000)
  eden space 369152K, 100% used [0x000000076ad80000,0x0000000781600000,0x0000000781600000)
  from space 50688K, 36% used [0x0000000786600000,0x0000000787824d10,0x0000000789780000)
  to   space 66560K, 0% used [0x0000000781600000,0x0000000781600000,0x0000000785700000)
 ParOldGen       total 198656K, used 99367K [0x00000006c0800000, 0x00000006cca00000, 0x000000076ad80000)
  object space 198656K, 50% used [0x00000006c0800000,0x00000006c6909e50,0x00000006cca00000)
 Metaspace       used 26293K, capacity 26606K, committed 26752K, reserved 1073152K
  class space    used 2829K, capacity 2905K, committed 2944K, reserved 1048576K
Event: 221.478 GC heap after
Heap after GC invocations=13 (full 2):
 PSYoungGen      total 386048K, used 32093K [0x000000076ad80000, 0x0000000788200000, 0x00000007c0000000)
  eden space 353792K, 0% used [0x000000076ad80000,0x000000076ad80000,0x0000000780700000)
  from space 32256K, 99% used [0x0000000781600000,0x0000000783557658,0x0000000783580000)
  to   space 62976K, 0% used [0x0000000784480000,0x0000000784480000,0x0000000788200000)
 ParOldGen       total 198656K, used 103196K [0x00000006c0800000, 0x00000006cca00000, 0x000000076ad80000)
  object space 198656K, 51% used [0x00000006c0800000,0x00000006c6cc7100,0x00000006cca00000)
 Metaspace       used 26293K, capacity 26606K, committed 26752K, reserved 1073152K
  class space    used 2829K, capacity 2905K, committed 2944K, reserved 1048576K
}
Event: 266.169 GC heap before
{Heap before GC invocations=14 (full 2):
 PSYoungGen      total 386048K, used 385885K [0x000000076ad80000, 0x0000000788200000, 0x00000007c0000000)
  eden space 353792K, 100% used [0x000000076ad80000,0x0000000780700000,0x0000000780700000)
  from space 32256K, 99% used [0x0000000781600000,0x0000000783557658,0x0000000783580000)
  to   space 62976K, 0% used [0x0000000784480000,0x0000000784480000,0x0000000788200000)
 ParOldGen       total 198656K, used 103196K [0x00000006c0800000, 0x00000006cca00000, 0x000000076ad80000)
  object space 198656K, 51% used [0x00000006c0800000,0x00000006c6cc7100,0x00000006cca00000)
 Metaspace       used 26343K, capacity 26670K, committed 27008K, reserved 1073152K
  class space    used 2830K, capacity 2905K, committed 2944K, reserved 1048576K
Event: 266.188 GC heap after
Heap after GC invocations=14 (full 2):
 PSYoungGen      total 381952K, used 30858K [0x000000076ad80000, 0x0000000786e00000, 0x00000007c0000000)
  eden space 339456K, 0% used [0x000000076ad80000,0x000000076ad80000,0x000000077f900000)
  from space 42496K, 72% used [0x0000000784480000,0x00000007862a29b8,0x0000000786e00000)
  to   space 59904K, 0% used [0x000000077f900000,0x000000077f900000,0x0000000783380000)
 ParOldGen       total 198656K, used 123061K [0x00000006c0800000, 0x00000006cca00000, 0x000000076ad80000)
  object space 198656K, 61% used [0x00000006c0800000,0x00000006c802d4f0,0x00000006cca00000)
 Metaspace       used 26343K, capacity 26670K, committed 27008K, reserved 1073152K
  class space    used 2830K, capacity 2905K, committed 2944K, reserved 1048576K
}
Event: 311.011 GC heap before
{Heap before GC invocations=15 (full 2):
 PSYoungGen      total 381952K, used 370314K [0x000000076ad80000, 0x0000000786e00000, 0x00000007c0000000)
  eden space 339456K, 100% used [0x000000076ad80000,0x000000077f900000,0x000000077f900000)
  from space 42496K, 72% used [0x0000000784480000,0x00000007862a29b8,0x0000000786e00000)
  to   space 59904K, 0% used [0x000000077f900000,0x000000077f900000,0x0000000783380000)
 ParOldGen       total 198656K, used 123061K [0x00000006c0800000, 0x00000006cca00000, 0x000000076ad80000)
  object space 198656K, 61% used [0x00000006c0800000,0x00000006c802d4f0,0x00000006cca00000)
 Metaspace       used 26355K, capacity 26670K, committed 27008K, reserved 1073152K
  class space    used 2830K, capacity 2905K, committed 2944K, reserved 1048576K
Event: 311.029 GC heap after
Heap after GC invocations=15 (full 2):
 PSYoungGen      total 355840K, used 29696K [0x000000076ad80000, 0x0000000785c80000, 0x00000007c0000000)
  eden space 325632K, 0% used [0x000000076ad80000,0x000000076ad80000,0x000000077eb80000)
  from space 30208K, 98% used [0x000000077f900000,0x00000007816002d0,0x0000000781680000)
  to   space 57856K, 0% used [0x0000000782400000,0x0000000782400000,0x0000000785c80000)
 ParOldGen       total 198656K, used 141983K [0x00000006c0800000, 0x00000006cca00000, 0x000000076ad80000)
  object space 198656K, 71% used [0x00000006c0800000,0x00000006c92a7ea0,0x00000006cca00000)
 Metaspace       used 26355K, capacity 26670K, committed 27008K, reserved 1073152K
  class space    used 2830K, capacity 2905K, committed 2944K, reserved 1048576K
}

Deoptimization events (10 events):
Event: 134.231 Thread 0x000000002070b000 Uncommon trap: reason=class_check action=maybe_recompile pc=0x000000000474a050 method=org.apache.http.message.BasicListHeaderIterator.nextHeader()Lorg/apache/http/Header; @ 43
Event: 142.336 Thread 0x000000002070d000 Uncommon trap: reason=class_check action=maybe_recompile pc=0x000000000474a050 method=org.apache.http.message.BasicListHeaderIterator.nextHeader()Lorg/apache/http/Header; @ 43
Event: 142.696 Thread 0x0000000020a88000 Uncommon trap: reason=class_check action=maybe_recompile pc=0x000000000474a050 method=org.apache.http.message.BasicListHeaderIterator.nextHeader()Lorg/apache/http/Header; @ 43
Event: 187.261 Thread 0x0000000020019000 Uncommon trap: reason=unstable_if action=reinterpret pc=0x00000000049783a0 method=java.util.concurrent.locks.AbstractQueuedSynchronizer.release(I)Z @ 21
Event: 190.332 Thread 0x0000000020a9b000 Uncommon trap: reason=unstable_if action=reinterpret pc=0x0000000003db23dc method=java.util.LinkedHashMap.afterNodeAccess(Ljava/util/HashMap$Node;)V @ 14
Event: 290.181 Thread 0x000000002070b000 Uncommon trap: reason=predicate action=maybe_recompile pc=0x0000000004cc3e70 method=java.util.LinkedList.toArray([Ljava/lang/Object;)[Ljava/lang/Object; @ 45
Event: 290.416 Thread 0x0000000020a71800 Uncommon trap: reason=array_check action=maybe_recompile pc=0x0000000004cc39fc method=java.util.LinkedList.toArray([Ljava/lang/Object;)[Ljava/lang/Object; @ 55
Event: 290.416 Thread 0x0000000020a71800 Uncommon trap: reason=array_check action=maybe_recompile pc=0x0000000004cc39fc method=java.util.LinkedList.toArray([Ljava/lang/Object;)[Ljava/lang/Object; @ 55
Event: 290.626 Thread 0x0000000020a6d800 Uncommon trap: reason=array_check action=maybe_recompile pc=0x0000000004cc39fc method=java.util.LinkedList.toArray([Ljava/lang/Object;)[Ljava/lang/Object; @ 55
Event: 290.626 Thread 0x0000000020a6d800 Uncommon trap: reason=array_check action=maybe_recompile pc=0x0000000004cc39fc method=java.util.LinkedList.toArray([Ljava/lang/Object;)[Ljava/lang/Object; @ 55

Classes redefined (0 events):
No events

Internal exceptions (10 events):
Event: 5.630 Thread 0x0000000020a88000 Exception <a 'java/io/FileNotFoundException'> (0x000000076b65cb60) thrown at [C:\jenkins\workspace\8-2-build-windows-amd64-cygwin\jdk8u251\737\hotspot\src\share\vm\prims\jni.cpp, line 710]
Event: 5.630 Thread 0x0000000020a6d800 Exception <a 'java/io/FileNotFoundException'> (0x000000076b64b050) thrown at [C:\jenkins\workspace\8-2-build-windows-amd64-cygwin\jdk8u251\737\hotspot\src\share\vm\prims\jni.cpp, line 710]
Event: 5.630 Thread 0x000000002070d000 Exception <a 'java/io/FileNotFoundException'> (0x000000076af85300) thrown at [C:\jenkins\workspace\8-2-build-windows-amd64-cygwin\jdk8u251\737\hotspot\src\share\vm\prims\jni.cpp, line 710]
Event: 5.630 Thread 0x0000000020a71800 Exception <a 'java/io/FileNotFoundException'> (0x000000076ae35f08) thrown at [C:\jenkins\workspace\8-2-build-windows-amd64-cygwin\jdk8u251\737\hotspot\src\share\vm\prims\jni.cpp, line 710]
Event: 5.630 Thread 0x000000002070b000 Exception <a 'java/io/FileNotFoundException'> (0x000000076af1d6c0) thrown at [C:\jenkins\workspace\8-2-build-windows-amd64-cygwin\jdk8u251\737\hotspot\src\share\vm\prims\jni.cpp, line 710]
Event: 5.630 Thread 0x0000000020a6a800 Exception <a 'java/io/FileNotFoundException'> (0x000000076aebfc30) thrown at [C:\jenkins\workspace\8-2-build-windows-amd64-cygwin\jdk8u251\737\hotspot\src\share\vm\prims\jni.cpp, line 710]
Event: 7.587 Thread 0x0000000020a88000 Exception <a 'java/lang/ClassNotFoundException': com/sun/org/glassfish/hk2/osgiresourcelocator/ServiceLoader> (0x000000077057c738) thrown at [C:\jenkins\workspace\8-2-build-windows-amd64-cygwin\jdk8u251\737\hotspot\src\share\vm\classfile\systemDictionary.
Event: 7.601 Thread 0x0000000020a88000 Exception <a 'java/lang/NullPointerException'> (0x00000007705dce10) thrown at [C:\jenkins\workspace\8-2-build-windows-amd64-cygwin\jdk8u251\737\hotspot\src\share\vm\interpreter\linkResolver.cpp, line 1287]
Event: 7.629 Thread 0x0000000020a88000 Implicit null exception at 0x0000000003e2985d to 0x0000000003e2a069
Event: 7.629 Thread 0x0000000020a88000 Implicit null exception at 0x0000000003bd85af to 0x0000000003bd861d

Events (10 events):
Event: 314.772 Thread 0x0000000020a9b000 DEOPT PACKING pc=0x00000000048e283c sp=0x000000002201ebf0
Event: 314.772 Thread 0x0000000020a9b000 DEOPT UNPACKING pc=0x0000000003857890 sp=0x000000002201eb28 mode 1
Event: 314.772 Thread 0x0000000020a9b000 DEOPT PACKING pc=0x000000000477f2bc sp=0x000000002201eef0
Event: 314.772 Thread 0x0000000020a9b000 DEOPT UNPACKING pc=0x0000000003857890 sp=0x000000002201ecb8 mode 1
Event: 314.773 Thread 0x0000000020a9b000 DEOPT PACKING pc=0x00000000049689fc sp=0x000000002201e260
Event: 314.773 Thread 0x0000000020a9b000 DEOPT UNPACKING pc=0x0000000003857890 sp=0x000000002201e000 mode 1
Event: 314.773 Thread 0x0000000020a9b000 DEOPT PACKING pc=0x0000000003cf17b4 sp=0x000000002201e330
Event: 314.773 Thread 0x0000000020a9b000 DEOPT UNPACKING pc=0x0000000003857890 sp=0x000000002201e130 mode 1
Event: 314.773 Thread 0x0000000020a9b000 DEOPT PACKING pc=0x00000000049806f4 sp=0x000000002201e270
Event: 314.773 Thread 0x0000000020a9b000 DEOPT UNPACKING pc=0x0000000003857890 sp=0x000000002201e0b8 mode 1


Dynamic libraries:
0x00007ff7320f0000 - 0x00007ff732127000 	C:\Program Files\Java\jdk1.8.0_251\bin\java.exe
0x00007ffcb7730000 - 0x00007ffcb7925000 	C:\WINDOWS\SYSTEM32\ntdll.dll
0x00007ffcb7630000 - 0x00007ffcb76ed000 	C:\WINDOWS\System32\KERNEL32.DLL
0x00007ffcb54b0000 - 0x00007ffcb577d000 	C:\WINDOWS\System32\KERNELBASE.dll
0x00007ffcb6c90000 - 0x00007ffcb6d3e000 	C:\WINDOWS\System32\ADVAPI32.dll
0x00007ffcb5b90000 - 0x00007ffcb5c2e000 	C:\WINDOWS\System32\msvcrt.dll
0x00007ffcb7450000 - 0x00007ffcb74ec000 	C:\WINDOWS\System32\sechost.dll
0x00007ffcb72a0000 - 0x00007ffcb73c5000 	C:\WINDOWS\System32\RPCRT4.dll
0x00007ffcb59f0000 - 0x00007ffcb5b90000 	C:\WINDOWS\System32\USER32.dll
0x00007ffcb4fc0000 - 0x00007ffcb4fe2000 	C:\WINDOWS\System32\win32u.dll
0x00007ffcb59c0000 - 0x00007ffcb59ea000 	C:\WINDOWS\System32\GDI32.dll
0x00007ffcb5120000 - 0x00007ffcb522b000 	C:\WINDOWS\System32\gdi32full.dll
0x00007ffcb4f20000 - 0x00007ffcb4fbd000 	C:\WINDOWS\System32\msvcp_win.dll
0x00007ffcb4ff0000 - 0x00007ffcb50f0000 	C:\WINDOWS\System32\ucrtbase.dll
0x00007ffc9be20000 - 0x00007ffc9c0ba000 	C:\WINDOWS\WinSxS\amd64_microsoft.windows.common-controls_6595b64144ccf1df_6.0.19041.1110_none_60b5254171f9507e\COMCTL32.dll
0x00007ffcb6df0000 - 0x00007ffcb6e20000 	C:\WINDOWS\System32\IMM32.DLL
0x000000006bad0000 - 0x000000006bba2000 	C:\Program Files\Java\jdk1.8.0_251\jre\bin\msvcr100.dll
0x0000000069e80000 - 0x000000006a72b000 	C:\Program Files\Java\jdk1.8.0_251\jre\bin\server\jvm.dll
0x00007ffcb7620000 - 0x00007ffcb7628000 	C:\WINDOWS\System32\PSAPI.DLL
0x00007ffcab670000 - 0x00007ffcab697000 	C:\WINDOWS\SYSTEM32\WINMM.dll
0x00007ffcae190000 - 0x00007ffcae19a000 	C:\WINDOWS\SYSTEM32\VERSION.dll
0x00007ffc9b790000 - 0x00007ffc9b799000 	C:\WINDOWS\SYSTEM32\WSOCK32.dll
0x00007ffcb5c30000 - 0x00007ffcb5c9b000 	C:\WINDOWS\System32\WS2_32.dll
0x00007ffcb0970000 - 0x00007ffcb097f000 	C:\Program Files\Java\jdk1.8.0_251\jre\bin\verify.dll
0x00007ffc9a860000 - 0x00007ffc9a889000 	C:\Program Files\Java\jdk1.8.0_251\jre\bin\java.dll
0x00007ffc98fd0000 - 0x00007ffc99005000 	C:\Program Files\Java\jdk1.8.0_251\jre\bin\jdwp.dll
0x00007ffcb09a0000 - 0x00007ffcb09a8000 	C:\Program Files\Java\jdk1.8.0_251\jre\bin\npt.dll
0x00007ffca5790000 - 0x00007ffca57b3000 	C:\Program Files\Java\jdk1.8.0_251\jre\bin\instrument.dll
0x00007ffc9c820000 - 0x00007ffc9c836000 	C:\Program Files\Java\jdk1.8.0_251\jre\bin\zip.dll
0x00007ffcb6110000 - 0x00007ffcb6854000 	C:\WINDOWS\System32\SHELL32.dll
0x00007ffcb2f20000 - 0x00007ffcb36b4000 	C:\WINDOWS\SYSTEM32\windows.storage.dll
0x00007ffcb5db0000 - 0x00007ffcb6104000 	C:\WINDOWS\System32\combase.dll
0x00007ffcb46f0000 - 0x00007ffcb471c000 	C:\WINDOWS\SYSTEM32\Wldp.dll
0x00007ffcb5910000 - 0x00007ffcb59bd000 	C:\WINDOWS\System32\SHCORE.dll
0x00007ffcb6a10000 - 0x00007ffcb6a65000 	C:\WINDOWS\System32\shlwapi.dll
0x00007ffcb4d80000 - 0x00007ffcb4d9f000 	C:\WINDOWS\SYSTEM32\profapi.dll
0x00007ffca7460000 - 0x00007ffca7469000 	C:\Program Files\Java\jdk1.8.0_251\jre\bin\dt_socket.dll
0x00007ffcb44d0000 - 0x00007ffcb453a000 	C:\WINDOWS\system32\mswsock.dll
0x00007ffc99720000 - 0x00007ffc99744000 	C:\Program Files\Java\jdk1.8.0_251\jre\bin\sunec.dll
0x00007ffc99ac0000 - 0x00007ffc99ada000 	C:\Program Files\Java\jdk1.8.0_251\jre\bin\net.dll
0x00007ffcb41e0000 - 0x00007ffcb421b000 	C:\WINDOWS\SYSTEM32\IPHLPAPI.DLL
0x00007ffcb6c80000 - 0x00007ffcb6c88000 	C:\WINDOWS\System32\NSI.dll
0x00007ffcaef00000 - 0x00007ffcaef17000 	C:\WINDOWS\SYSTEM32\dhcpcsvc6.DLL
0x00007ffcaee70000 - 0x00007ffcaee8d000 	C:\WINDOWS\SYSTEM32\dhcpcsvc.DLL
0x00007ffcb4220000 - 0x00007ffcb42eb000 	C:\WINDOWS\SYSTEM32\DNSAPI.dll
0x00007ffc990b0000 - 0x00007ffc990c2000 	C:\Program Files\Java\jdk1.8.0_251\jre\bin\nio.dll
0x00007ffcb4730000 - 0x00007ffcb4748000 	C:\WINDOWS\SYSTEM32\CRYPTSP.dll
0x00007ffcb3e70000 - 0x00007ffcb3ea4000 	C:\WINDOWS\system32\rsaenh.dll
0x00007ffcb50f0000 - 0x00007ffcb5117000 	C:\WINDOWS\System32\bcrypt.dll
0x00007ffcb4d40000 - 0x00007ffcb4d6e000 	C:\WINDOWS\SYSTEM32\USERENV.dll
0x00007ffcb4e90000 - 0x00007ffcb4f12000 	C:\WINDOWS\System32\bcryptprimitives.dll
0x00007ffcb4660000 - 0x00007ffcb466c000 	C:\WINDOWS\SYSTEM32\CRYPTBASE.dll
0x00007ffc98b90000 - 0x00007ffc98b9d000 	C:\Program Files\Java\jdk1.8.0_251\jre\bin\management.dll
0x00007ffca1fa0000 - 0x00007ffca1fb7000 	C:\WINDOWS\system32\napinsp.dll
0x00007ffca1f80000 - 0x00007ffca1f9b000 	C:\WINDOWS\system32\pnrpnsp.dll
0x00007ffcaf7d0000 - 0x00007ffcaf7e5000 	C:\WINDOWS\system32\wshbth.dll
0x00007ffcb06d0000 - 0x00007ffcb06ed000 	C:\WINDOWS\system32\NLAapi.dll
0x00007ffca0950000 - 0x00007ffca0962000 	C:\WINDOWS\System32\winrnr.dll
0x00007ffcad9c0000 - 0x00007ffcad9ca000 	C:\Windows\System32\rasadhlp.dll
0x00007ffcae8f0000 - 0x00007ffcae970000 	C:\WINDOWS\System32\fwpuclnt.dll
0x00007ffca7450000 - 0x00007ffca745c000 	C:\Program Files\Java\jdk1.8.0_251\jre\bin\sunmscapi.dll
0x00007ffcb5230000 - 0x00007ffcb5386000 	C:\WINDOWS\System32\CRYPT32.dll
0x00007ffcb4840000 - 0x00007ffcb4867000 	C:\WINDOWS\SYSTEM32\ncrypt.dll
0x00007ffcb47e0000 - 0x00007ffcb481b000 	C:\WINDOWS\SYSTEM32\NTASN1.dll

VM Arguments:
jvm_args: -agentlib:jdwp=transport=dt_socket,address=127.0.0.1:53849,suspend=y,server=n -javaagent:C:\Users\Admin\AppData\Local\JetBrains\IdeaIC2020.1\captureAgent\debugger-agent.jar -Dfile.encoding=UTF-8 
java_command: main.java.com.linseven.UploadFile2S3
java_class_path (initial): C:\Program Files\Java\jdk1.8.0_251\jre\lib\charsets.jar;C:\Program Files\Java\jdk1.8.0_251\jre\lib\deploy.jar;C:\Program Files\Java\jdk1.8.0_251\jre\lib\ext\access-bridge-64.jar;C:\Program Files\Java\jdk1.8.0_251\jre\lib\ext\cldrdata.jar;C:\Program Files\Java\jdk1.8.0_251\jre\lib\ext\dnsns.jar;C:\Program Files\Java\jdk1.8.0_251\jre\lib\ext\jaccess.jar;C:\Program Files\Java\jdk1.8.0_251\jre\lib\ext\jfxrt.jar;C:\Program Files\Java\jdk1.8.0_251\jre\lib\ext\localedata.jar;C:\Program Files\Java\jdk1.8.0_251\jre\lib\ext\nashorn.jar;C:\Program Files\Java\jdk1.8.0_251\jre\lib\ext\sunec.jar;C:\Program Files\Java\jdk1.8.0_251\jre\lib\ext\sunjce_provider.jar;C:\Program Files\Java\jdk1.8.0_251\jre\lib\ext\sunmscapi.jar;C:\Program Files\Java\jdk1.8.0_251\jre\lib\ext\sunpkcs11.jar;C:\Program Files\Java\jdk1.8.0_251\jre\lib\ext\zipfs.jar;C:\Program Files\Java\jdk1.8.0_251\jre\lib\javaws.jar;C:\Program Files\Java\jdk1.8.0_251\jre\lib\jce.jar;C:\Program Files\Java\jdk1.8.0_251\jre\lib\jfr.jar;C:\Program Files\Java\jdk1.8.0_251\jre\lib\jfxswt.jar;C:\Program Files\Java\jdk1.8.0_251\jre\lib\jsse.jar;C:\Program Files\Java\jdk1.8.0_251\jre\lib\management-agent.jar;C:\Program Files\Java\jdk1.8.0_251\jre\lib\plugin.jar;C:\Program Files\Java\jdk1.8.0_251\jre\lib\resources.jar;C:\Program Files\Java\jdk1.8.0_251\jre\lib\rt.jar;D:\eclipse_workspace\PDFBoxDemo\target\classes;C:\Users\Admin\.m2\repository\org\projectlombok\lombok\1.16.22\lombok-1.16.22.jar;C:\Users\Admin\.m2\repository\org\apache\pdfbox\pdfbox\2.0.22\pdfbox-2.0.22.jar;C:\Users\Admin\.m2\repository\commons-logging\commons-logging\1.2\commons-logging-1.2.jar;C:\Users\Admin\.m2\repository\org\apache\pdfbox\fontbox\2.0.22\fontbox-2.0.22.jar;C:\Users\Admin\.m2\repository\org\apache\pdfbox\jempbox\1.8.11\jempbox-1.8.11.jar;C:\Users\Admin\.m2\repository\org\apache\pdfbox\xmpbox\2.0.22\xmpbox-2.0.22.jar;C:\Users\Admin\.m2\repository\org\apache\pdfbox\preflight\2.0.22\preflight-2.0.22.jar;C:\Users\Admin\.m2\r
Launcher Type: SUN_STANDARD

Environment Variables:
JAVA_HOME=C:\Program Files\Java\jdk1.8.0_251
PATH=C:\Program Files (x86)\Common Files\Oracle\Java\javapath;C:\Windows\system32;C:\Windows;C:\Windows\System32\Wbem;C:\Windows\System32\WindowsPowerShell\v1.0\;C:\Windows\System32\OpenSSH\;C:\Program Files\NVIDIA Corporation\NVIDIA NvDLISR;D:\program files\apache-maven-3.6.3\bin;C:\Program Files\Java\jdk1.8.0_251;C:\Program Files\Amazon\AWSCLI\bin\;D:\Program Files\PuTTY\;C:\Program Files\MongoDB\Server\4.2\bin;C:\Program Files\Git\cmd;C:\Go\bin;C:\ProgramData\chocolatey\bin;D:\program files\chromedriver_win32\chromedriver.exe;C:\Windows\Microsoft.NET\Framework64\v4.0.30319;C:\Program Files\OpenSSL-Win64\bin;C:\Program Files\Amazon\AWSCLIV2\;C:\WINDOWS\system32;C:\WINDOWS;C:\WINDOWS\System32\Wbem;C:\WINDOWS\System32\WindowsPowerShell\v1.0\;C:\WINDOWS\System32\OpenSSH\;D:\Program Files\nodejs\;C:\Users\Admin\AppData\Local\Programs\Python\Python38-32\Scripts\;C:\Users\Admin\AppData\Local\Programs\Python\Python38-32\;C:\Program Files\MySQL\MySQL Shell 8.0\bin\;C:\Users\Admin\AppData\Local\Microsoft\WindowsApps;;D:\program files\IntelliJ IDEA Community Edition 2020.1.1\bin;;d:\Users\Admin\AppData\Local\Programs\Microsoft VS Code\bin;C:\Program Files\Docker Toolbox;C:\Users\Admin\go\bin;C:\Program Files\Elastic\Beats\7.12.0;C:\Users\Admin\AppData\Roaming\npm
USERNAME=Admin
OS=Windows_NT
PROCESSOR_IDENTIFIER=Intel64 Family 6 Model 158 Stepping 10, GenuineIntel



---------------  S Y S T E M  ---------------

OS: Windows 10.0 , 64 bit Build 19041 (10.0.19041.1706)

CPU:total 6 (initial active 6) (6 cores per cpu, 1 threads per core) family 6 model 158 stepping 10, cmov, cx8, fxsr, mmx, sse, sse2, sse3, ssse3, sse4.1, sse4.2, popcnt, avx, avx2, aes, clmul, erms, 3dnowpref, lzcnt, tsc, tscinvbit, bmi1, bmi2, adx

Memory: 4k page, physical 16741540k(821172k free), swap 25130148k(4692k free)

vm_info: Java HotSpot(TM) 64-Bit Server VM (25.251-b08) for windows-amd64 JRE (1.8.0_251-b08), built on Mar 12 2020 06:31:49 by "" with MS VC++ 10.0 (VS2010)

time: Thu Jun 02 09:02:56 2022
timezone: 中国标准时间
elapsed time: 314 seconds (0d 0h 5m 14s)

