JvmtiExport can_access_local_variables 1
JvmtiExport can_hotswap_or_post_breakpoint 1
JvmtiExport can_post_on_exceptions 1
# 575 ciObject found
ciMethodData sun/security/ssl/JsseJce getMac (Ljava/lang/String;)Ljavax/crypto/Mac; 2 3378 orig 264 168 227 70 106 0 0 0 0 160 74 241 27 0 0 0 0 136 1 0 0 32 0 0 0 0 0 0 0 0 0 0 0 0 0 0 0 0 0 0 0 0 0 0 0 0 0 0 0 0 0 0 0 0 0 0 0 0 0 0 0 0 0 0 0 0 0 0 0 0 0 0 0 0 0 0 0 0 0 0 0 77 68 79 32 101 120 116 114 97 32 100 97 116 97 32 108 111 99 107 0 0 0 0 0 0 0 0 0 0 0 0 0 0 0 0 0 0 0 0 0 0 0 0 0 0 0 0 0 0 0 0 0 0 0 0 0 0 0 0 0 0 0 0 0 0 0 0 0 0 0 0 0 0 0 0 0 0 0 0 0 0 0 0 0 0 0 0 0 0 0 0 0 0 0 0 0 0 0 0 0 0 0 0 0 0 0 0 0 0 0 0 0 0 0 0 0 0 0 0 0 0 0 0 0 0 0 0 0 0 0 0 0 0 0 0 0 128 1 0 0 145 93 0 0 1 0 0 0 0 0 0 0 0 0 0 0 2 0 0 0 0 0 5 0 2 0 0 0 64 0 0 0 255 255 255 255 7 0 3 0 0 0 0 0 data 8 0x30007 0x0 0x30 0xbb2 0x70002 0xbb3 0xf0002 0x0 oops 0
ciMethodData sun/security/ssl/Authenticator <init> (Lsun/security/ssl/ProtocolVersion;)V 2 3385 orig 264 168 227 70 106 0 0 0 0 200 170 205 36 0 0 0 0 112 1 0 0 0 0 0 0 0 0 0 0 0 0 0 0 0 0 0 0 0 0 0 0 0 0 0 0 0 0 0 0 0 0 0 0 0 0 0 0 0 0 0 0 0 0 0 0 0 0 0 0 0 0 0 0 0 0 0 0 0 0 0 0 77 68 79 32 101 120 116 114 97 32 100 97 116 97 32 108 111 99 107 0 0 0 0 0 0 0 0 0 0 0 0 0 0 0 0 0 0 0 0 0 0 0 0 0 0 0 0 0 0 0 0 0 0 0 0 0 0 0 0 0 0 0 0 0 0 0 0 0 0 0 0 0 0 0 0 0 0 0 0 0 0 0 0 0 0 0 0 0 0 0 0 0 0 0 0 0 0 0 0 0 0 0 0 0 0 0 0 0 0 0 0 0 0 0 0 0 0 0 0 0 0 0 0 0 0 0 0 0 0 0 0 0 0 0 0 0 128 1 0 0 201 93 0 0 1 0 0 0 0 0 0 0 0 0 0 0 2 0 0 0 0 0 6 0 2 0 0 0 72 0 0 0 255 255 255 255 2 0 1 0 0 0 0 0 data 9 0x10002 0xbb5 0xe0007 0x0 0x38 0xbb0 0x2f0003 0xbae 0x18 oops 0
ciMethodData sun/security/ssl/MAC <init> (Lsun/security/ssl/CipherSuite$MacAlg;Lsun/security/ssl/ProtocolVersion;Ljavax/crypto/SecretKey;)V 2 3393 orig 264 168 227 70 106 0 0 0 0 96 162 205 36 0 0 0 0 232 3 0 0 56 2 0 0 0 0 0 0 0 0 0 0 0 0 0 0 0 0 0 0 0 0 0 0 0 0 0 0 0 0 0 0 0 0 0 0 0 0 0 0 0 0 0 0 0 0 0 0 0 0 0 0 0 0 0 0 0 0 0 0 77 68 79 32 101 120 116 114 97 32 100 97 116 97 32 108 111 99 107 0 0 0 0 0 0 0 0 0 0 0 0 0 0 0 0 0 0 0 0 0 0 0 0 0 0 0 0 0 0 0 0 0 0 0 0 0 0 0 0 0 0 0 0 0 0 0 0 0 0 0 0 0 0 0 0 0 0 0 0 0 0 0 0 0 0 0 0 0 0 0 0 0 0 0 0 0 0 0 0 0 0 0 0 0 0 0 0 0 0 0 0 0 0 0 0 0 0 0 0 0 0 0 0 0 0 0 0 0 0 0 0 0 0 0 0 0 128 1 0 0 9 94 0 0 1 0 0 0 0 0 0 0 0 0 0 0 2 0 0 0 0 0 29 0 2 0 0 0 136 2 0 0 255 255 255 255 2 0 2 0 0 0 0 0 data 81 0x20002 0xbbc 0x140007 0x0 0x38 0xbaa 0x180003 0xba9 0x18 0x220007 0xba9 0x70 0x0 0x270007 0x0 0x38 0x0 0x2c0003 0x0 0x18 0x330003 0x0 0x1a8 0x3a0007 0x0 0x70 0xbaa 0x3f0007 0x0 0x38 0xbab 0x440003 0xbab 0x18 0x4b0003 0xbab 0x138 0x520007 0x0 0x38 0x0 0x590003 0x0 0x100 0x600007 0x0 0x38 0x0 0x670003 0x0 0xc8 0x720002 0x0 0x770005 0x0 0x0 0x0 0x0 0x0 0x7b0005 0x0 0x0 0x0 0x0 0x0 0x7e0005 0x0 0x0 0x0 0x0 0x0 0x810002 0x0 0x880002 0xbae 0x930005 0x0 0x1df02290 0xbb9 0x0 0x0 oops 1 77 javax/crypto/Mac
ciMethodData sun/security/ssl/Handshaker newReadCipher ()Lsun/security/ssl/CipherBox; 2 1701 orig 264 168 227 70 106 0 0 0 0 72 216 206 36 0 0 0 0 64 2 0 0 128 0 0 0 0 0 0 0 0 0 0 0 0 0 0 0 0 0 0 0 0 0 0 0 0 0 0 0 0 0 0 0 0 0 0 0 0 0 0 0 0 0 0 0 0 0 0 0 0 0 0 0 0 0 0 0 0 0 0 0 77 68 79 32 101 120 116 114 97 32 100 97 116 97 32 108 111 99 107 0 0 0 0 0 0 0 0 0 0 0 0 0 0 0 0 0 0 0 0 0 0 0 0 0 0 0 0 0 0 0 0 0 0 0 0 0 0 0 0 0 0 0 0 0 0 0 0 0 0 0 0 0 0 0 0 0 0 0 0 0 0 0 0 0 0 0 0 0 0 0 0 0 0 0 0 0 0 0 0 0 0 0 0 0 0 0 0 0 0 0 0 0 0 0 0 0 0 0 0 0 0 0 0 0 0 0 0 0 0 0 0 0 0 0 0 0 208 0 0 0 169 46 0 0 1 0 0 0 0 0 0 0 0 0 0 0 2 0 0 0 0 0 6 0 2 0 0 0 248 0 0 0 255 255 255 255 7 0 12 0 0 0 0 0 data 31 0xc0007 0x0 0x98 0x5d4 0x200005 0x0 0x246a3e30 0x5d2 0x0 0x0 0x240005 0x81 0x1fdfc900 0x553 0x0 0x0 0x320003 0x5c0 0x78 0x460005 0x0 0x0 0x0 0x0 0x0 0x4a0005 0x0 0x0 0x0 0x0 0x0 oops 2 6 sun/security/ssl/SSLContextImpl$TLSContext 12 sun/security/ssl/CipherSuite$BulkCipher
ciMethodData sun/security/ssl/Handshaker newReadAuthenticator ()Lsun/security/ssl/Authenticator; 2 1692 orig 264 168 227 70 106 0 0 0 0 64 218 206 36 0 0 0 0 40 2 0 0 152 0 0 0 0 0 0 0 0 0 0 0 0 0 0 0 0 0 0 0 0 0 0 0 0 0 0 0 0 0 0 0 0 0 0 0 0 0 0 0 0 0 0 0 0 0 0 0 0 0 0 0 0 0 0 0 0 0 0 0 77 68 79 32 101 120 116 114 97 32 100 97 116 97 32 108 111 99 107 0 0 0 0 0 0 0 0 0 0 0 0 0 0 0 0 0 0 0 0 0 0 0 0 0 0 0 0 0 0 0 0 0 0 0 0 0 0 0 0 0 0 0 0 0 0 0 0 0 0 0 0 0 0 0 0 0 0 0 0 0 0 0 0 0 0 0 0 0 0 0 0 0 0 0 0 0 0 0 0 0 0 0 0 0 0 0 0 0 0 0 0 0 0 0 0 0 0 0 0 0 0 0 0 0 0 0 0 0 0 0 0 0 0 0 0 0 206 0 0 0 113 46 0 0 1 0 0 0 0 0 0 0 0 0 0 0 2 0 0 0 0 0 8 0 2 0 0 0 224 0 0 0 255 255 255 255 7 0 15 0 0 0 0 0 data 28 0xf0007 0x5cc 0x48 0x0 0x1a0002 0x0 0x1e0003 0x0 0xb0 0x2d0007 0x0 0x68 0x5c1 0x390005 0x7d 0x24197b10 0x53f 0x0 0x0 0x420003 0x5b8 0x48 0x4e0005 0x0 0x0 0x0 0x0 0x0 oops 1 15 sun/security/ssl/CipherSuite$MacAlg
ciMethodData com/sun/crypto/provider/CipherCore finalNoPadding ([BI[BII)I 2 3213 orig 264 168 227 70 106 0 0 0 0 64 115 220 36 0 0 0 0 232 4 0 0 48 3 0 0 0 0 0 0 0 0 0 0 0 0 0 0 0 0 0 0 0 0 0 0 0 0 0 0 0 0 0 0 0 0 0 0 0 0 0 0 0 0 0 0 0 0 0 0 0 0 0 0 0 0 0 0 0 0 0 0 77 68 79 32 101 120 116 114 97 32 100 97 116 97 32 108 111 99 107 0 0 0 0 0 0 0 0 0 0 0 0 0 0 0 0 0 0 0 0 0 0 0 0 0 0 0 0 0 0 0 0 0 0 0 0 0 0 0 0 0 0 0 0 0 0 0 0 0 0 0 0 0 0 0 0 0 0 0 0 0 0 0 0 0 0 0 0 0 0 0 0 0 0 0 0 0 0 0 0 0 0 0 0 0 0 0 0 0 0 0 0 0 0 0 0 0 0 0 0 0 0 0 0 0 0 0 0 0 0 0 0 0 0 0 0 0 128 1 0 0 105 88 0 0 1 0 0 0 0 0 0 0 0 0 0 0 2 0 0 0 0 0 27 0 2 0 0 0 120 3 0 0 255 255 255 255 7 0 6 0 0 0 0 0 data 111 0x60007 0x0 0x60 0xb0c 0xa0007 0xb0c 0x40 0x0 0xf0007 0x0 0x20 0x0 0x190007 0x0 0x280 0x0 0x210007 0x0 0x260 0x0 0x2a0007 0x0 0x240 0x0 0x340007 0x0 0x220 0x0 0x3d0007 0x0 0x200 0x0 0x440007 0x0 0x100 0x0 0x4f0002 0x0 0x540005 0x0 0x0 0x0 0x0 0x0 0x5b0005 0x0 0x0 0x0 0x0 0x0 0x600005 0x0 0x0 0x0 0x0 0x0 0x630005 0x0 0x0 0x0 0x0 0x0 0x660002 0x0 0x720002 0x0 0x770005 0x0 0x0 0x0 0x0 0x0 0x7e0005 0x0 0x0 0x0 0x0 0x0 0x830005 0x0 0x0 0x0 0x0 0x0 0x860005 0x0 0x0 0x0 0x0 0x0 0x890002 0x0 0x940007 0x0 0x68 0x0 0xa20005 0x0 0x0 0x0 0x0 0x0 0xa70003 0x0 0x48 0xb50005 0x0 0x0 0x0 0x0 0x0 oops 0
ciMethodData sun/security/ssl/CipherSuite$MacAlg newMac (Lsun/security/ssl/ProtocolVersion;Ljavax/crypto/SecretKey;)Lsun/security/ssl/MAC; 2 3395 orig 264 168 227 70 106 0 0 0 0 128 74 251 27 0 0 0 0 64 1 0 0 0 0 0 0 0 0 0 0 0 0 0 0 0 0 0 0 0 0 0 0 0 0 0 0 0 0 0 0 0 0 0 0 0 0 0 0 0 0 0 0 0 0 0 0 0 0 0 0 0 0 0 0 0 0 0 0 0 0 0 0 77 68 79 32 101 120 116 114 97 32 100 97 116 97 32 108 111 99 107 0 0 0 0 0 0 0 0 0 0 0 0 0 0 0 0 0 0 0 0 0 0 0 0 0 0 0 0 0 0 0 0 0 0 0 0 0 0 0 0 0 0 0 0 0 0 0 0 0 0 0 0 0 0 0 0 0 0 0 0 0 0 0 0 0 0 0 0 0 0 0 0 0 0 0 0 0 0 0 0 0 0 0 0 0 0 0 0 0 0 0 0 0 0 0 0 0 0 0 0 0 0 0 0 0 0 0 0 0 0 0 0 0 0 0 0 0 0 2 0 0 25 90 0 0 1 0 0 0 0 0 0 0 0 0 0 0 2 0 0 0 0 0 3 0 2 0 0 0 16 0 0 0 255 255 255 255 2 0 7 0 0 0 0 0 data 2 0x70002 0xb3c oops 0
ciMethod sun/security/ssl/Alerts alertDescription (B)Ljava/lang/String; 0 0 1 0 -1
ciMethod sun/security/ssl/Alerts getSSLException (BLjava/lang/String;)Ljavax/net/ssl/SSLException; 0 0 1 0 -1
ciMethod sun/security/ssl/Alerts getSSLException (BLjava/lang/Throwable;Ljava/lang/String;)Ljavax/net/ssl/SSLException; 233 1 29 0 -1
ciMethod java/lang/Object <init> ()V 4097 1 2379976 0 96
ciMethod java/lang/Object getClass ()Ljava/lang/Class; 5121 1 640 0 -1
ciMethod java/lang/Object hashCode ()I 6145 1 768 0 -1
ciMethod java/lang/Object equals (Ljava/lang/Object;)Z 2081 1 10507 0 -1
ciMethod java/lang/Object clone ()Ljava/lang/Object; 3073 1 384 0 -1
ciMethod java/lang/Object notifyAll ()V 2049 1 256 0 -1
ciMethod java/lang/Object wait ()V 17 1 23 0 -1
ciMethod java/lang/Class isAssignableFrom (Ljava/lang/Class;)Z 3073 1 384 0 -1
ciMethod java/lang/Class getName ()Ljava/lang/String; 4097 1 27055 0 -1
ciMethod java/lang/Class getConstructor ([Ljava/lang/Class;)Ljava/lang/reflect/Constructor; 2057 1 8904 0 -1
ciMethod java/lang/System arraycopy (Ljava/lang/Object;ILjava/lang/Object;II)V 134145 1 16768 0 -1
ciMethod java/lang/System identityHashCode (Ljava/lang/Object;)I 2049 1 256 0 -1
ciMethod java/lang/Throwable getMessage ()Ljava/lang/String; 1033 1 129 0 0
ciMethod java/lang/Throwable initCause (Ljava/lang/Throwable;)Ljava/lang/Throwable; 25 1 179 0 -1
ciMethod java/lang/Thread currentThread ()Ljava/lang/Thread; 4097 1 512 0 -1
ciMethod java/lang/Thread getName ()Ljava/lang/String; 0 0 1 0 -1
ciMethod java/util/Map get (Ljava/lang/Object;)Ljava/lang/Object; 0 0 1 0 -1
ciMethod java/util/Map put (Ljava/lang/Object;Ljava/lang/Object;)Ljava/lang/Object; 0 0 1 0 -1
ciMethod java/util/Map remove (Ljava/lang/Object;)Ljava/lang/Object; 0 0 1 0 -1
ciMethod java/util/Hashtable <init> (I)V 2049 1 1689 0 -1
ciMethod java/util/Hashtable get (Ljava/lang/Object;)Ljava/lang/Object; 3073 449 6552 0 1440
ciMethod java/util/Hashtable put (Ljava/lang/Object;Ljava/lang/Object;)Ljava/lang/Object; 3217 1409 5522 0 -1
ciMethod java/lang/reflect/Constructor newInstance ([Ljava/lang/Object;)Ljava/lang/Object; 3073 1 5508 0 -1
ciMethod java/lang/StringBuilder <init> ()V 4097 1 125312 0 -1
ciMethod java/lang/StringBuilder append (Ljava/lang/Object;)Ljava/lang/StringBuilder; 2137 1 11862 0 -1
ciMethod java/lang/StringBuilder append (Ljava/lang/String;)Ljava/lang/StringBuilder; 4097 1 409668 0 -1
ciMethod java/lang/StringBuilder append (Z)Ljava/lang/StringBuilder; 25 1 3 0 -1
ciMethod java/lang/StringBuilder append (I)Ljava/lang/StringBuilder; 1 1 20669 0 -1
ciMethod java/lang/StringBuilder toString ()Ljava/lang/String; 4097 1 137492 0 -1
ciMethod java/io/ByteArrayInputStream read ()I 2049 1 6045 0 608
ciMethod java/io/ByteArrayInputStream available ()I 2185 1 72944 0 0
ciMethod java/io/InputStream read ([BII)I 0 0 1 0 -1
ciMethod java/io/InputStream skip (J)J 0 0 1 0 -1
ciMethod java/io/InputStream available ()I 0 0 1 0 -1
ciMethod java/lang/Number <init> ()V 3137 1 52675 0 0
ciMethod java/lang/Integer valueOf (I)Ljava/lang/Integer; 3385 1 48118 0 192
ciMethod java/lang/Integer <init> (I)V 4097 1 22872 0 0
ciMethod java/lang/Integer hashCode ()I 3217 1 8334 0 32
ciMethod java/lang/Integer hashCode (I)I 3217 1 8341 0 0
ciMethod java/util/List size ()I 0 0 1 0 -1
ciMethod java/util/List iterator ()Ljava/util/Iterator; 0 0 1 0 -1
ciMethod java/util/List add (Ljava/lang/Object;)Z 0 0 1 0 -1
ciMethod java/util/List get (I)Ljava/lang/Object; 0 0 1 0 -1
ciMethod java/util/AbstractList <init> ()V 2049 1 146579 0 0
ciMethod java/util/AbstractCollection <init> ()V 3617 1 237868 0 32
ciMethod java/util/AbstractCollection size ()I 0 0 1 0 -1
ciMethod java/util/AbstractCollection isEmpty ()Z 3105 1 29087 0 0
ciMethod java/util/ArrayList <init> (I)V 2049 1 5377 0 -1
ciMethod java/util/Collections emptyList ()Ljava/util/List; 665 1 10472 0 0
ciMethod java/lang/Math addExact (II)I 2057 1 23081 0 -1
ciMethod java/lang/ThreadLocal get ()Ljava/lang/Object; 3121 1 6534 0 352
ciMethod java/lang/ThreadLocal setInitialValue ()Ljava/lang/Object; 33 1 329 0 -1
ciMethod java/lang/ThreadLocal getMap (Ljava/lang/Thread;)Ljava/lang/ThreadLocal$ThreadLocalMap; 3217 1 1630 0 -1
ciMethod java/util/Arrays fill ([BB)V 1 1 1086 0 160
ciMethod java/util/Arrays copyOf ([BI)[B 4097 1 45453 0 -1
ciMethodData java/lang/Object <init> ()V 2 2379976 orig 264 168 227 70 106 0 0 0 0 128 4 159 27 0 0 0 0 32 1 0 0 0 0 0 0 0 0 0 0 0 0 0 0 0 0 0 0 0 0 0 0 0 0 0 0 0 0 0 0 0 0 0 0 0 0 0 0 0 0 0 0 0 0 0 0 0 0 0 0 0 0 0 0 0 0 0 0 0 0 0 0 77 68 79 32 101 120 116 114 97 32 100 97 116 97 32 108 111 99 107 0 0 0 0 0 0 0 0 0 0 0 0 0 0 0 0 0 0 0 0 0 0 0 0 0 0 0 0 0 0 0 0 0 0 0 0 0 0 0 0 0 0 0 0 0 0 0 0 0 0 0 0 0 0 0 0 0 0 0 0 0 0 0 0 0 0 0 0 0 0 0 0 0 0 0 0 0 0 0 0 0 0 0 0 0 0 0 0 0 0 0 0 0 0 0 0 0 0 0 0 0 0 0 0 0 0 0 0 0 0 0 0 0 0 0 0 0 0 2 0 0 65 118 34 1 1 0 0 0 0 0 0 0 0 0 0 0 2 0 0 0 0 0 0 0 0 0 0 0 0 0 0 0 255 255 255 255 0 0 0 0 0 0 0 0 data 0 oops 0
ciMethod java/lang/ThreadLocal$ThreadLocalMap access$000 (Ljava/lang/ThreadLocal$ThreadLocalMap;Ljava/lang/ThreadLocal;)Ljava/lang/ThreadLocal$ThreadLocalMap$Entry; 3105 1 6488 0 -1
ciMethod java/util/Iterator hasNext ()Z 0 0 1 0 -1
ciMethod java/util/Iterator next ()Ljava/lang/Object; 0 0 1 0 -1
ciMethod java/io/PrintStream print (Ljava/lang/String;)V 961 1 6126 0 -1
ciMethod java/io/PrintStream println (Ljava/lang/String;)V 0 0 1 0 -1
ciMethod sun/security/util/Debug println (Ljava/lang/String;)V 0 0 1 0 -1
ciMethod java/util/LinkedList unlinkFirst (Ljava/util/LinkedList$Node;)Ljava/lang/Object; 2049 1 5383 0 160
ciMethod java/util/LinkedList removeFirst ()Ljava/lang/Object; 2041 1 11263 0 0
ciMethod java/util/LinkedList size ()I 1041 1 130 0 0
ciMethod java/util/LinkedList pop ()Ljava/lang/Object; 2057 1 11270 0 0
ciMethod java/util/AbstractSequentialList iterator ()Ljava/util/Iterator; 2049 1 15593 0 -1
ciMethod java/io/IOException <init> (Ljava/lang/String;)V 9 1 3060 0 -1
ciMethodData java/util/Hashtable get (Ljava/lang/Object;)Ljava/lang/Object; 2 6552 orig 264 168 227 70 106 0 0 0 0 152 152 162 27 0 0 0 0 40 2 0 0 0 0 0 0 0 0 0 0 0 0 0 0 0 0 0 0 0 0 0 0 0 0 0 0 0 0 0 0 0 0 0 0 0 0 0 0 0 0 0 0 0 0 0 0 0 0 0 0 0 0 0 0 0 0 0 0 0 0 0 0 77 68 79 32 101 120 116 114 97 32 100 97 116 97 32 108 111 99 107 0 0 0 0 0 0 0 0 0 0 0 0 0 0 0 0 0 0 0 0 0 0 0 0 0 0 0 0 0 0 0 0 0 0 0 0 0 0 0 0 0 0 0 0 0 0 0 0 0 0 0 0 0 0 0 0 0 0 0 0 0 0 0 0 0 0 0 0 0 0 0 0 0 0 0 0 0 0 0 0 0 0 0 0 0 0 0 0 0 0 0 0 0 0 0 0 0 0 0 0 0 0 0 0 0 0 0 0 0 0 0 0 0 0 0 0 0 128 1 0 0 193 192 0 0 137 53 0 0 0 0 0 0 0 0 0 0 2 0 0 0 1 0 11 0 2 0 0 0 216 0 0 0 255 255 255 255 5 0 6 0 0 0 0 0 data 27 0x60005 0x13 0x1ed99c30 0x151c 0x23e0bdc0 0x2ea 0x1b0007 0xb3a 0xa8 0x138f 0x240007 0x6b1 0x70 0xcde 0x2d0005 0x10 0x1ed99c30 0x9e5 0x23e0bdc0 0x2e9 0x300007 0x0 0x20 0xcdc 0x400003 0x6b1 0xffffffffffffff70 oops 4 2 java/lang/String 4 org/apache/commons/logging/impl/WeakHashtable$Referenced 16 java/lang/String 18 org/apache/commons/logging/impl/WeakHashtable$Referenced
ciMethod sun/security/jca/GetInstance getServices (Ljava/lang/String;Ljava/lang/String;)Ljava/util/List; 3081 1 15833 0 0
ciMethod sun/security/jca/GetInstance getServices (Ljava/util/List;)Ljava/util/List; 3057 1 3305 0 -1
ciMethod sun/security/jca/Providers getProviderList ()Lsun/security/jca/ProviderList; 3745 1 31550 0 0
ciMethod sun/security/jca/Providers getSystemProviderList ()Lsun/security/jca/ProviderList; 2097 1 31515 0 0
ciMethod sun/security/jca/Providers getThreadProviderList ()Lsun/security/jca/ProviderList; 3745 1 31548 0 0
ciMethod sun/security/jca/ProviderList getProvider (I)Ljava/security/Provider; 2081 1 32068 0 -1
ciMethod sun/security/jca/ProviderList getServices (Ljava/lang/String;Ljava/lang/String;)Ljava/util/List; 1097 1 15837 0 0
ciMethod sun/security/jca/ProviderList access$100 (Lsun/security/jca/ProviderList;)[Lsun/security/jca/ProviderConfig; 1073 1 134 0 -1
ciMethod java/security/Provider getName ()Ljava/lang/String; 1033 1 129 0 -1
ciMethod java/security/Provider getService (Ljava/lang/String;Ljava/lang/String;)Ljava/security/Provider$Service; 3129 1 6629 0 -1
ciMethod java/security/Provider access$1000 ()Ljava/util/Map; 2049 1 10592 0 -1
ciMethod java/security/Provider$EngineDescription getConstructorParameterClass ()Ljava/lang/Class; 0 0 1 0 -1
ciMethod java/security/Provider$Service getProvider ()Ljava/security/Provider; 1105 1 138 0 0
ciMethod java/security/Provider$Service newInstance (Ljava/lang/Object;)Ljava/lang/Object; 2057 1 5385 0 -1
ciMethod java/security/Provider$Service getImplClass ()Ljava/lang/Class; 2121 1 5385 0 -1
ciMethod java/security/Provider$Service newInstanceGeneric (Ljava/lang/Object;)Ljava/lang/Object; 0 0 1 0 -1
ciMethod java/security/Provider$Service supportsParameter (Ljava/lang/Object;)Z 2049 1 5380 0 3296
ciMethod java/security/Provider$Service hasKeyAttributes ()Z 2041 97 5360 0 -1
ciMethod java/security/Provider$Service supportsKeyFormat (Ljava/security/Key;)Z 2049 1 5359 0 -1
ciMethod java/security/Provider$Service supportsKeyClass (Ljava/security/Key;)Z 673 281 1792 0 -1
ciMethod java/security/Key getEncoded ()[B 0 0 1 0 -1
ciMethod sun/security/jca/ProviderList$ServiceList <init> (Lsun/security/jca/ProviderList;Ljava/lang/String;Ljava/lang/String;)V 1097 1 15827 0 0
ciMethod sun/security/jca/ProviderList$ServiceList addService (Ljava/security/Provider$Service;)V 1033 1 2180 0 -1
ciMethod sun/security/jca/ProviderList$ServiceList tryGet (I)Ljava/security/Provider$Service; 2057 2441 4355 0 3488
ciMethod sun/security/jca/ProviderList$ServiceList iterator ()Ljava/util/Iterator; 1097 1 17972 0 160
ciMethod sun/security/jca/ProviderList$ServiceList access$200 (Lsun/security/jca/ProviderList$ServiceList;I)Ljava/security/Provider$Service; 2057 1 16622 0 0
ciMethod sun/security/jca/ProviderList$ServiceList$1 <init> (Lsun/security/jca/ProviderList$ServiceList;)V 1097 1 17966 0 0
ciMethod sun/security/jca/ProviderList$ServiceList$1 hasNext ()Z 1097 1 10339 0 160
ciMethod sun/security/jca/ProviderList$ServiceList$1 next ()Ljava/security/Provider$Service; 1097 1 6281 0 160
ciMethod sun/security/jca/ProviderList$ServiceList$1 next ()Ljava/lang/Object; 1097 1 10370 0 160
ciMethodData java/io/ByteArrayInputStream read ()I 2 6045 orig 264 168 227 70 106 0 0 0 0 8 61 167 27 0 0 0 0 88 1 0 0 0 0 0 0 0 0 0 0 0 0 0 0 0 0 0 0 0 0 0 0 0 0 0 0 0 0 0 0 0 0 0 0 0 0 0 0 0 0 0 0 0 0 0 0 0 0 0 0 0 0 0 0 0 0 0 0 0 0 0 0 77 68 79 32 101 120 116 114 97 32 100 97 116 97 32 108 111 99 107 0 0 0 0 0 0 0 0 0 0 0 0 0 0 0 0 0 0 0 0 0 0 0 0 0 0 0 0 0 0 0 0 0 0 0 0 0 0 0 0 0 0 0 0 0 0 0 0 0 0 0 0 0 0 0 0 0 0 0 0 0 0 0 0 0 0 0 0 0 0 0 0 0 0 0 0 0 0 0 0 0 0 0 0 0 0 0 0 0 0 0 0 0 0 0 0 0 0 0 0 0 0 0 0 0 0 0 0 0 0 0 0 0 0 0 0 0 0 1 0 0 233 180 0 0 1 0 0 0 0 0 0 0 0 0 0 0 2 0 0 0 0 0 6 0 2 0 0 0 56 0 0 0 255 255 255 255 7 0 8 0 0 0 0 0 data 7 0x80007 0x4 0x38 0x1699 0x1f0003 0x1699 0x18 oops 0
ciMethodData java/util/AbstractList <init> ()V 2 146579 orig 264 168 227 70 106 0 0 0 0 80 148 171 27 0 0 0 0 48 1 0 0 0 0 0 0 0 0 0 0 0 0 0 0 0 0 0 0 0 0 0 0 0 0 0 0 0 0 0 0 0 0 0 0 0 0 0 0 0 0 0 0 0 0 0 0 0 0 0 0 0 0 0 0 0 0 0 0 0 0 0 0 77 68 79 32 101 120 116 114 97 32 100 97 116 97 32 108 111 99 107 0 0 0 0 0 0 0 0 0 0 0 0 0 0 0 0 0 0 0 0 0 0 0 0 0 0 0 0 0 0 0 0 0 0 0 0 0 0 0 0 0 0 0 0 0 0 0 0 0 0 0 0 0 0 0 0 0 0 0 0 0 0 0 0 0 0 0 0 0 0 0 0 0 0 0 0 0 0 0 0 0 0 0 0 0 0 0 0 0 0 0 0 0 0 0 0 0 0 0 0 0 0 0 0 0 0 0 0 0 0 0 0 0 0 0 0 0 0 1 0 0 153 220 17 0 1 0 0 0 0 0 0 0 0 0 0 0 2 0 0 0 0 0 3 0 2 0 0 0 16 0 0 0 255 255 255 255 2 0 1 0 0 0 0 0 data 2 0x10002 0x23b92 oops 0
ciMethodData java/io/ByteArrayInputStream available ()I 2 72944 orig 264 168 227 70 106 0 0 0 0 96 63 167 27 0 0 0 0 32 1 0 0 0 0 0 0 0 0 0 0 0 0 0 0 0 0 0 0 0 0 0 0 0 0 0 0 0 0 0 0 0 0 0 0 0 0 0 0 0 0 0 0 0 0 0 0 0 0 0 0 0 0 0 0 0 0 0 0 0 0 0 0 77 68 79 32 101 120 116 114 97 32 100 97 116 97 32 108 111 99 107 0 0 0 0 0 0 0 0 0 0 0 0 0 0 0 0 0 0 0 0 0 0 0 0 0 0 0 0 0 0 0 0 0 0 0 0 0 0 0 0 0 0 0 0 0 0 0 0 0 0 0 0 0 0 0 0 0 0 0 0 0 0 0 0 0 0 0 0 0 0 0 0 0 0 0 0 0 0 0 0 0 0 0 0 0 0 0 0 0 0 0 0 0 0 0 0 0 0 0 0 0 0 0 0 0 0 0 0 0 0 0 0 0 0 0 0 0 17 1 0 0 249 222 8 0 1 0 0 0 0 0 0 0 0 0 0 0 2 0 0 0 0 0 3 0 1 0 0 0 0 0 0 0 255 255 255 255 0 0 0 0 0 0 0 0 data 0 oops 0
ciMethodData java/lang/Number <init> ()V 2 52675 orig 264 168 227 70 106 0 0 0 0 40 19 169 27 0 0 0 0 48 1 0 0 0 0 0 0 0 0 0 0 0 0 0 0 0 0 0 0 0 0 0 0 0 0 0 0 0 0 0 0 0 0 0 0 0 0 0 0 0 0 0 0 0 0 0 0 0 0 0 0 0 0 0 0 0 0 0 0 0 0 0 0 77 68 79 32 101 120 116 114 97 32 100 97 116 97 32 108 111 99 107 0 0 0 0 0 0 0 0 0 0 0 0 0 0 0 0 0 0 0 0 0 0 0 0 0 0 0 0 0 0 0 0 0 0 0 0 0 0 0 0 0 0 0 0 0 0 0 0 0 0 0 0 0 0 0 0 0 0 0 0 0 0 0 0 0 0 0 0 0 0 0 0 0 0 0 0 0 0 0 0 0 0 0 0 0 0 0 0 0 0 0 0 0 0 0 0 0 0 0 0 0 0 0 0 0 0 0 0 0 0 0 0 0 0 0 0 0 136 1 0 0 217 97 6 0 1 0 0 0 0 0 0 0 0 0 0 0 2 0 0 0 0 0 3 0 2 0 0 0 16 0 0 0 255 255 255 255 2 0 1 0 0 0 0 0 data 2 0x10002 0xcc3e oops 0
ciMethod sun/security/jca/ServiceId <init> (Ljava/lang/String;Ljava/lang/String;)V 2073 1 13222 0 -1
ciMethod java/security/MessageDigest digest ([B)[B 1265 1 1021 0 -1
ciMethod java/security/MessageDigest reset ()V 2521 1 2128 0 -1
ciMethodData java/util/Collections emptyList ()Ljava/util/List; 2 10472 orig 264 168 227 70 106 0 0 0 0 24 166 172 27 0 0 0 0 24 1 0 0 0 0 0 0 0 0 0 0 0 0 0 0 0 0 0 0 0 0 0 0 0 0 0 0 0 0 0 0 0 0 0 0 0 0 0 0 0 0 0 0 0 0 0 0 0 0 0 0 0 0 0 0 0 0 0 0 0 0 0 0 77 68 79 32 101 120 116 114 97 32 100 97 116 97 32 108 111 99 107 0 0 0 0 0 0 0 0 0 0 0 0 0 0 0 0 0 0 0 0 0 0 0 0 0 0 0 0 0 0 0 0 0 0 0 0 0 0 0 0 0 0 0 0 0 0 0 0 0 0 0 0 0 0 0 0 0 0 0 0 0 0 0 0 0 0 0 0 0 0 0 0 0 0 0 0 0 0 0 0 0 0 0 0 0 0 0 0 0 0 0 0 0 0 0 0 0 0 0 0 0 0 0 0 0 0 0 0 0 0 0 0 0 0 0 0 0 83 0 0 0 169 68 1 0 1 0 0 0 0 0 0 0 0 0 0 0 2 0 0 0 0 0 3 0 1 0 0 0 0 0 0 0 255 255 255 255 0 0 0 0 0 0 0 0 data 0 oops 0
ciMethod sun/security/ssl/SSLContextImpl getSecureRandom ()Ljava/security/SecureRandom; 1025 1 128 0 0
ciMethod sun/security/ssl/Debug isOn (Ljava/lang/String;)Z 105 1 13 0 -1
ciMethod sun/security/ssl/ProtocolVersion valueOf (II)Lsun/security/ssl/ProtocolVersion; 3073 1 6454 0 -1
ciMethod sun/security/ssl/CipherSuite$BulkCipher newCipher (Lsun/security/ssl/ProtocolVersion;Ljavax/crypto/SecretKey;Ljavax/crypto/spec/IvParameterSpec;Ljava/security/SecureRandom;Z)Lsun/security/ssl/CipherBox; 2049 1 3401 0 0
ciMethod sun/security/ssl/JsseJce getCipher (Ljava/lang/String;)Ljavax/crypto/Cipher; 2033 1 3392 0 0
ciMethod sun/security/ssl/JsseJce getMac (Ljava/lang/String;)Ljavax/crypto/Mac; 3073 1 3378 0 0
ciMethod sun/security/ssl/JsseJce getSecureRandom ()Ljava/security/SecureRandom; 17 1 2 0 -1
ciMethod javax/crypto/Cipher <init> (Ljavax/crypto/CipherSpi;Ljava/security/Provider$Service;Ljava/util/Iterator;Ljava/lang/String;Ljava/util/List;)V 3073 1 3319 0 -1
ciMethod javax/crypto/Cipher getTransforms (Ljava/lang/String;)Ljava/util/List; 3057 1 3332 0 -1
ciMethod javax/crypto/Cipher getTransform (Ljava/security/Provider$Service;Ljava/util/List;)Ljavax/crypto/Cipher$Transform; 401 1193 4146 0 -1
ciMethod javax/crypto/Cipher getInstance (Ljava/lang/String;)Ljavax/crypto/Cipher; 2041 8161 3327 0 22880
ciMethod javax/crypto/Cipher getInstance (Ljava/lang/String;Ljava/security/Provider;)Ljavax/crypto/Cipher; 0 0 1 0 -1
ciMethod javax/crypto/Cipher initCryptoPermission ()V 201 1 3364 0 -1
ciMethod javax/crypto/Cipher chooseFirstProvider ()V 2065 1 5394 0 64
ciMethod javax/crypto/Cipher implInit (Ljavax/crypto/CipherSpi;IILjava/security/Key;Ljava/security/spec/AlgorithmParameterSpec;Ljava/security/AlgorithmParameters;Ljava/security/SecureRandom;)V 3073 1 3392 0 -1
ciMethod javax/crypto/Cipher chooseProvider (IILjava/security/Key;Ljava/security/spec/AlgorithmParameterSpec;Ljava/security/AlgorithmParameters;Ljava/security/SecureRandom;)V 2593 1 3401 0 -1
ciMethod javax/crypto/Cipher checkCryptoPerm (Ljavax/crypto/CipherSpi;Ljava/security/Key;Ljava/security/spec/AlgorithmParameterSpec;)V 2593 1 3387 0 -1
ciMethod javax/crypto/Cipher checkOpmode (I)V 2601 1 3403 0 0
ciMethod javax/crypto/Cipher getOpmodeString (I)Ljava/lang/String; 0 0 1 0 -1
ciMethod javax/crypto/Cipher init (ILjava/security/Key;Ljava/security/spec/AlgorithmParameterSpec;Ljava/security/SecureRandom;)V 553 1 3403 0 0
ciMethod javax/crypto/Cipher checkCipherState ()V 3073 1 5506 0 160
ciMethod javax/crypto/Cipher doFinal ()[B 481 1 3215 0 0
ciMethod javax/crypto/JceSecurity verifyProviderJar (Ljava/net/URL;)V 17 1 2 0 -1
ciMethod javax/crypto/JceSecurity getVerificationResult (Ljava/security/Provider;)Ljava/lang/Exception; 1081 1 5257 0 1120
ciMethod javax/crypto/JceSecurity canUseProvider (Ljava/security/Provider;)Z 1081 1 22366 0 0
ciMethod javax/crypto/JceSecurity getCodeBase (Ljava/lang/Class;)Ljava/net/URL; 17 1 2 0 -1
ciMethod java/util/IdentityHashMap maskNull (Ljava/lang/Object;)Ljava/lang/Object; 2097 1 5877 0 0
ciMethod java/util/IdentityHashMap hash (Ljava/lang/Object;I)I 3073 1 5880 0 0
ciMethod java/util/IdentityHashMap nextKeyIndex (II)I 257 1 32 0 -1
ciMethod java/util/IdentityHashMap get (Ljava/lang/Object;)Ljava/lang/Object; 2065 1 5259 0 0
ciMethodData java/util/Arrays fill ([BB)V 2 65557 orig 264 168 227 70 106 0 0 0 0 104 210 176 27 0 0 0 0 96 1 0 0 32 0 0 0 0 0 0 0 0 0 0 0 0 0 0 0 0 0 0 0 0 0 0 0 0 0 0 0 0 0 0 0 0 0 0 0 0 0 0 0 0 0 0 0 0 0 0 0 0 0 0 0 0 0 0 0 0 0 0 0 77 68 79 32 101 120 116 114 97 32 100 97 116 97 32 108 111 99 107 0 0 0 0 0 0 0 0 0 0 0 0 0 0 0 0 0 0 0 0 0 0 0 0 0 0 0 0 0 0 0 0 0 0 0 0 0 0 0 0 0 0 0 0 0 0 0 0 0 0 0 0 0 0 0 0 0 0 0 0 0 0 0 0 0 0 0 0 0 0 0 0 0 0 0 0 0 0 0 0 0 0 0 0 0 0 0 0 0 0 0 0 0 0 0 0 0 0 0 0 0 0 0 0 0 0 0 0 0 0 0 0 0 0 0 0 0 0 0 0 0 241 33 0 0 169 0 8 0 0 0 0 0 0 0 0 0 2 0 0 0 1 0 6 0 2 0 0 0 56 0 0 0 255 255 255 255 7 0 7 0 0 0 0 0 data 7 0x70007 0x440 0x38 0x10015 0x110003 0x10013 0xffffffffffffffe0 oops 0
ciMethod sun/security/ssl/CipherSuite$MacAlg newMac (Lsun/security/ssl/ProtocolVersion;Ljavax/crypto/SecretKey;)Lsun/security/ssl/MAC; 4097 1 3395 0 0
ciMethodData java/lang/Integer <init> (I)V 2 22872 orig 264 168 227 70 106 0 0 0 0 24 130 169 27 0 0 0 0 56 1 0 0 0 0 0 0 0 0 0 0 0 0 0 0 0 0 0 0 0 0 0 0 0 0 0 0 0 0 0 0 0 0 0 0 0 0 0 0 0 0 0 0 0 0 0 0 0 0 0 0 0 0 0 0 0 0 0 0 0 0 0 0 77 68 79 32 101 120 116 114 97 32 100 97 116 97 32 108 111 99 107 0 0 0 0 0 0 0 0 0 0 0 0 0 0 0 0 0 0 0 0 0 0 0 0 0 0 0 0 0 0 0 0 0 0 0 0 0 0 0 0 0 0 0 0 0 0 0 0 0 0 0 0 0 0 0 0 0 0 0 0 0 0 0 0 0 0 0 0 0 0 0 0 0 0 0 0 0 0 0 0 0 0 0 0 0 0 0 0 0 0 0 0 0 0 0 0 0 0 0 0 0 0 0 0 0 0 0 0 0 0 0 0 0 0 0 0 0 0 2 0 0 193 186 2 0 1 0 0 0 0 0 0 0 0 0 0 0 2 0 0 0 0 0 3 0 2 0 0 0 16 0 0 0 255 255 255 255 2 0 1 0 0 0 0 0 data 2 0x10002 0x5753 oops 0
ciMethodData java/lang/Integer valueOf (I)Ljava/lang/Integer; 2 48118 orig 264 168 227 70 106 0 0 0 0 120 129 169 27 0 0 0 0 112 1 0 0 32 0 0 0 0 0 0 0 0 0 0 0 0 0 0 0 0 0 0 0 0 0 0 0 0 0 0 0 0 0 0 0 0 0 0 0 0 0 0 0 0 0 0 0 0 0 0 0 0 0 0 0 0 0 0 0 0 0 0 0 77 68 79 32 101 120 116 114 97 32 100 97 116 97 32 108 111 99 107 0 0 0 0 0 0 0 0 0 0 0 0 0 0 0 0 0 0 0 0 0 0 0 0 0 0 0 0 0 0 0 0 0 0 0 0 0 0 0 0 0 0 0 0 0 0 0 0 0 0 0 0 0 0 0 0 0 0 0 0 0 0 0 0 0 0 0 0 0 0 0 0 0 0 0 0 0 0 0 0 0 0 0 0 0 0 0 0 0 0 0 0 0 0 0 0 0 0 0 0 0 0 0 0 0 0 0 0 0 0 0 0 0 0 0 0 0 167 1 0 0 121 210 5 0 1 0 0 0 0 0 0 0 0 0 0 0 2 0 0 0 0 0 8 0 2 0 0 0 80 0 0 0 255 255 255 255 7 0 3 0 0 0 0 0 data 10 0x30007 0x7 0x40 0xba48 0xa0007 0x2057 0x20 0x99f1 0x1c0002 0x205d oops 0
ciMethodData java/lang/Integer hashCode ()I 2 8334 orig 264 168 227 70 106 0 0 0 0 128 135 169 27 0 0 0 0 88 1 0 0 0 0 0 0 0 0 0 0 0 0 0 0 0 0 0 0 0 0 0 0 0 0 0 0 0 0 0 0 0 0 0 0 0 0 0 0 0 0 0 0 0 0 0 0 0 0 0 0 0 0 0 0 0 0 0 0 0 0 0 0 77 68 79 32 101 120 116 114 97 32 100 97 116 97 32 108 111 99 107 0 0 0 0 0 0 0 0 0 0 0 0 0 0 0 0 0 0 0 0 0 0 0 0 0 0 0 0 0 0 0 0 0 0 0 0 0 0 0 0 0 0 0 0 0 0 0 0 0 0 0 0 0 0 0 0 0 0 0 0 0 0 0 0 0 0 0 0 0 0 0 0 0 0 0 0 0 0 0 0 0 0 0 0 0 0 0 0 0 0 0 0 0 0 0 0 0 0 0 0 0 0 0 0 0 0 0 0 0 0 0 0 0 0 0 0 0 146 1 0 0 225 247 0 0 1 0 0 0 0 0 0 0 0 0 0 0 2 0 0 0 0 0 3 0 2 0 0 0 16 0 0 0 255 255 255 255 2 0 4 0 0 0 0 0 data 2 0x40002 0x1efb oops 0
ciMethodData java/lang/Integer hashCode (I)I 2 8341 orig 264 168 227 70 106 0 0 0 0 16 136 169 27 0 0 0 0 32 1 0 0 0 0 0 0 0 0 0 0 0 0 0 0 0 0 0 0 0 0 0 0 0 0 0 0 0 0 0 0 0 0 0 0 0 0 0 0 0 0 0 0 0 0 0 0 0 0 0 0 0 0 0 0 0 0 0 0 0 0 0 0 77 68 79 32 101 120 116 114 97 32 100 97 116 97 32 108 111 99 107 0 0 0 0 0 0 0 0 0 0 0 0 0 0 0 0 0 0 0 0 0 0 0 0 0 0 0 0 0 0 0 0 0 0 0 0 0 0 0 0 0 0 0 0 0 0 0 0 0 0 0 0 0 0 0 0 0 0 0 0 0 0 0 0 0 0 0 0 0 0 0 0 0 0 0 0 0 0 0 0 0 0 0 0 0 0 0 0 0 0 0 0 0 0 0 0 0 0 0 0 0 0 0 0 0 0 0 0 0 0 0 0 0 0 0 0 0 146 1 0 0 25 248 0 0 1 0 0 0 0 0 0 0 0 0 0 0 2 0 0 0 0 0 3 0 1 0 0 0 0 0 0 0 255 255 255 255 0 0 0 0 0 0 0 0 data 0 oops 0
ciMethodData sun/security/jca/Providers getSystemProviderList ()Lsun/security/jca/ProviderList; 2 31515 orig 264 168 227 70 106 0 0 0 0 32 198 207 27 0 0 0 0 24 1 0 0 0 0 0 0 0 0 0 0 0 0 0 0 0 0 0 0 0 0 0 0 0 0 0 0 0 0 0 0 0 0 0 0 0 0 0 0 0 0 0 0 0 0 0 0 0 0 0 0 0 0 0 0 0 0 0 0 0 0 0 0 77 68 79 32 101 120 116 114 97 32 100 97 116 97 32 108 111 99 107 0 0 0 0 0 0 0 0 0 0 0 0 0 0 0 0 0 0 0 0 0 0 0 0 0 0 0 0 0 0 0 0 0 0 0 0 0 0 0 0 0 0 0 0 0 0 0 0 0 0 0 0 0 0 0 0 0 0 0 0 0 0 0 0 0 0 0 0 0 0 0 0 0 0 0 0 0 0 0 0 0 0 0 0 0 0 0 0 0 0 0 0 0 0 0 0 0 0 0 0 0 0 0 0 0 0 0 0 0 0 0 0 0 0 0 0 0 6 1 0 0 169 208 3 0 1 0 0 0 0 0 0 0 0 0 0 0 2 0 0 0 0 0 3 0 1 0 0 0 0 0 0 0 255 255 255 255 0 0 0 0 0 0 0 0 data 0 oops 0
ciMethod com/sun/crypto/provider/HmacCore engineInit (Ljava/security/Key;Ljava/security/spec/AlgorithmParameterSpec;)V 929 58809 892 0 1568
ciMethod com/sun/crypto/provider/HmacCore engineReset ()V 2049 1 5378 0 64
ciMethodData java/util/IdentityHashMap maskNull (Ljava/lang/Object;)Ljava/lang/Object; 2 5877 orig 264 168 227 70 106 0 0 0 0 208 14 243 27 0 0 0 0 88 1 0 0 0 0 0 0 0 0 0 0 0 0 0 0 0 0 0 0 0 0 0 0 0 0 0 0 0 0 0 0 0 0 0 0 0 0 0 0 0 0 0 0 0 0 0 0 0 0 0 0 0 0 0 0 0 0 0 0 0 0 0 0 77 68 79 32 101 120 116 114 97 32 100 97 116 97 32 108 111 99 107 0 0 0 0 0 0 0 0 0 0 0 0 0 0 0 0 0 0 0 0 0 0 0 0 0 0 0 0 0 0 0 0 0 0 0 0 0 0 0 0 0 0 0 0 0 0 0 0 0 0 0 0 0 0 0 0 0 0 0 0 0 0 0 0 0 0 0 0 0 0 0 0 0 0 0 0 0 0 0 0 0 0 0 0 0 0 0 0 0 0 0 0 0 0 0 0 0 0 0 0 0 0 0 0 0 0 0 0 0 0 0 0 0 0 0 0 0 6 1 0 0 121 175 0 0 1 0 0 0 0 0 0 0 0 0 0 0 2 0 0 0 0 0 6 0 2 0 0 0 56 0 0 0 255 255 255 255 7 0 1 0 0 0 0 0 data 7 0x10007 0x15ef 0x38 0x0 0x70003 0x0 0x18 oops 0
ciMethod java/net/AbstractPlainSocketImpl acquireFD ()Ljava/io/FileDescriptor; 2057 1 1285 0 -1
ciMethod java/net/AbstractPlainSocketImpl releaseFD ()V 2113 1 5388 0 -1
ciMethod java/net/AbstractPlainSocketImpl isConnectionReset ()Z 3073 1 5403 0 -1
ciMethod java/net/AbstractPlainSocketImpl isConnectionResetPending ()Z 81 1 10 0 -1
ciMethod java/net/AbstractPlainSocketImpl setConnectionReset ()V 81 1 10 0 -1
ciMethod java/net/AbstractPlainSocketImpl setConnectionResetPending ()V 81 1 10 0 -1
ciMethod java/net/AbstractPlainSocketImpl isClosedOrPending ()Z 3105 1 5512 0 -1
ciMethod java/net/AbstractPlainSocketImpl getTimeout ()I 1057 1 132 0 0
ciMethod java/net/SocketInputStream socketRead (Ljava/io/FileDescriptor;[BIII)I 2209 1 5407 26 -1
ciMethod java/net/SocketInputStream read ([BII)I 2065 1 5380 16 224
ciMethod java/net/SocketInputStream read ([BIII)I 2113 1 5393 16 -1
ciMethod javax/net/ssl/SSLException <init> (Ljava/lang/String;)V 9 1 48 0 -1
ciMethod javax/net/ssl/SSLException <init> (Ljava/lang/String;Ljava/lang/Throwable;)V 0 0 1 0 0
ciMethodData sun/security/jca/Providers getThreadProviderList ()Lsun/security/jca/ProviderList; 2 31548 orig 264 168 227 70 106 0 0 0 0 96 199 207 27 0 0 0 0 192 1 0 0 0 0 0 0 0 0 0 0 0 0 0 0 0 0 0 0 0 0 0 0 0 0 0 0 0 0 0 0 0 0 0 0 0 0 0 0 0 0 0 0 0 0 0 0 0 0 0 0 0 0 0 0 0 0 0 0 0 0 0 0 77 68 79 32 101 120 116 114 97 32 100 97 116 97 32 108 111 99 107 0 0 0 0 0 0 0 0 0 0 0 0 0 0 0 0 0 0 0 0 0 0 0 0 0 0 0 0 0 0 0 0 0 0 0 0 0 0 0 0 0 0 0 0 0 0 0 0 0 0 0 0 0 0 0 0 0 0 0 0 0 0 0 0 0 0 0 0 0 0 0 0 0 0 0 0 0 0 0 0 0 0 0 0 0 0 0 0 0 0 0 0 0 0 0 0 0 0 0 0 0 0 0 0 0 0 0 0 0 0 0 0 0 0 0 0 0 212 1 0 0 65 203 3 0 1 0 0 0 0 0 0 0 0 0 0 0 2 0 0 0 0 0 5 0 2 0 0 0 128 0 0 0 255 255 255 255 7 0 3 0 0 0 0 0 data 16 0x30007 0xf 0x20 0x795b 0xb0005 0x0 0x2460d170 0xf 0x0 0x0 0xe0004 0x0 0x2460a780 0xf 0x0 0x0 oops 2 6 java/lang/InheritableThreadLocal 12 sun/security/jca/ProviderList
ciMethodData sun/security/jca/Providers getProviderList ()Lsun/security/jca/ProviderList; 2 31550 orig 264 168 227 70 106 0 0 0 0 232 195 207 27 0 0 0 0 128 1 0 0 0 0 0 0 0 0 0 0 0 0 0 0 0 0 0 0 0 0 0 0 0 0 0 0 0 0 0 0 0 0 0 0 0 0 0 0 0 0 0 0 0 0 0 0 0 0 0 0 0 0 0 0 0 0 0 0 0 0 0 0 77 68 79 32 101 120 116 114 97 32 100 97 116 97 32 108 111 99 107 0 0 0 0 0 0 0 0 0 0 0 0 0 0 0 0 0 0 0 0 0 0 0 0 0 0 0 0 0 0 0 0 0 0 0 0 0 0 0 0 0 0 0 0 0 0 0 0 0 0 0 0 0 0 0 0 0 0 0 0 0 0 0 0 0 0 0 0 0 0 0 0 0 0 0 0 0 0 0 0 0 0 0 0 0 0 0 0 0 0 0 0 0 0 0 0 0 0 0 0 0 0 0 0 0 0 0 0 0 0 0 0 0 0 0 0 0 212 1 0 0 81 203 3 0 1 0 0 0 0 0 0 0 0 0 0 0 2 0 0 0 0 0 9 0 2 0 0 0 64 0 0 0 255 255 255 255 2 0 0 0 0 0 0 0 data 8 0x2 0x7968 0x50007 0xf 0x30 0x7959 0x80002 0x795b oops 0
ciMethod java/net/SocketException <init> (Ljava/lang/String;)V 41 1 212 0 -1
ciMethodData java/net/SocketInputStream read ([BII)I 2 5380 orig 264 168 227 70 106 0 0 0 0 248 240 115 32 0 0 0 0 192 1 0 0 0 0 0 0 0 0 0 0 0 0 0 0 0 0 0 0 0 0 0 0 0 0 0 0 0 0 0 0 0 0 0 0 0 0 0 0 0 0 0 0 0 0 0 0 0 0 0 0 0 0 0 0 0 0 0 0 0 0 0 0 77 68 79 32 101 120 116 114 97 32 100 97 116 97 32 108 111 99 107 0 0 0 0 0 0 0 0 0 0 0 0 0 0 0 0 0 0 0 0 0 0 0 0 0 0 0 0 0 0 0 0 0 0 0 0 0 0 0 0 0 0 0 0 0 0 0 0 0 0 0 0 0 0 0 0 0 0 0 0 0 0 0 0 0 0 0 0 0 0 0 0 0 0 0 0 0 0 0 0 0 0 0 0 0 0 0 0 0 0 0 0 0 0 0 0 0 0 0 0 0 0 0 0 0 0 0 0 0 0 0 0 0 0 0 0 0 2 1 0 0 17 160 0 0 1 0 0 0 0 0 0 0 0 0 0 0 2 0 0 0 0 0 3 0 2 0 0 0 96 0 0 0 255 255 255 255 5 0 8 0 0 0 0 0 data 12 0x80005 0x0 0x23d4b3b0 0x1401 0x0 0x0 0xb0005 0x0 0x1f557420 0x13fc 0x0 0x0 oops 2 2 java/net/DualStackPlainSocketImpl 8 java/net/SocketInputStream
ciMethod javax/crypto/Mac <init> (Ljava/security/Provider$Service;Ljava/util/Iterator;Ljava/lang/String;)V 2049 1 3443 0 0
ciMethod javax/crypto/Mac getInstance (Ljava/lang/String;)Ljavax/crypto/Mac; 2049 1 3436 0 0
ciMethod javax/crypto/Mac getInstance (Ljava/lang/String;Ljava/security/Provider;)Ljavax/crypto/Mac; 0 0 1 0 -1
ciMethod javax/crypto/Mac chooseProvider (Ljava/security/Key;Ljava/security/spec/AlgorithmParameterSpec;)V 1353 1 3442 0 0
ciMethod javax/crypto/Mac init (Ljava/security/Key;)V 2049 1 5291 0 0
ciMethodData sun/security/jca/ProviderList$ServiceList access$200 (Lsun/security/jca/ProviderList$ServiceList;I)Ljava/security/Provider$Service; 2 16622 orig 264 168 227 70 106 0 0 0 0 248 227 219 27 0 0 0 0 56 1 0 0 0 0 0 0 0 0 0 0 0 0 0 0 0 0 0 0 0 0 0 0 0 0 0 0 0 0 0 0 0 0 0 0 0 0 0 0 0 0 0 0 0 0 0 0 0 0 0 0 0 0 0 0 0 0 0 0 0 0 0 0 77 68 79 32 101 120 116 114 97 32 100 97 116 97 32 108 111 99 107 0 0 0 0 0 0 0 0 0 0 0 0 0 0 0 0 0 0 0 0 0 0 0 0 0 0 0 0 0 0 0 0 0 0 0 0 0 0 0 0 0 0 0 0 0 0 0 0 0 0 0 0 0 0 0 0 0 0 0 0 0 0 0 0 0 0 0 0 0 0 0 0 0 0 0 0 0 0 0 0 0 0 0 0 0 0 0 0 0 0 0 0 0 0 0 0 0 0 0 0 0 0 0 0 0 0 0 0 0 0 0 0 0 0 0 0 0 1 1 0 0 105 255 1 0 1 0 0 0 0 0 0 0 0 0 0 0 2 0 0 0 0 0 3 0 2 0 0 0 16 0 0 0 255 255 255 255 2 0 2 0 0 0 0 0 data 2 0x20002 0x3fed oops 0
ciMethod javax/crypto/spec/SecretKeySpec getEncoded ()[B 2049 1 5376 0 288
ciMethod javax/crypto/MacSpi engineInit (Ljava/security/Key;Ljava/security/spec/AlgorithmParameterSpec;)V 0 0 1 0 -1
ciMethod sun/security/ssl/SSLSocketImpl getConnectionState ()I 1169 1 146 0 0
ciMethod sun/security/ssl/SSLSocketImpl readRecord (Lsun/security/ssl/InputRecord;Z)V 2049 3121 5376 16 -1
ciMethod sun/security/ssl/SSLSocketImpl checkSequenceNumber (Lsun/security/ssl/Authenticator;B)V 2057 1 5380 0 352
ciMethod sun/security/ssl/SSLSocketImpl initHandshaker ()V 2065 1 5379 0 736
ciMethod sun/security/ssl/SSLSocketImpl startHandshake ()V 201 1 829 3 -1
ciMethod sun/security/ssl/SSLSocketImpl closeSocket ()V 0 0 29 0 -1
ciMethod sun/security/ssl/SSLSocketImpl closeSocket (Z)V 1737 1 1581 0 -1
ciMethod sun/security/ssl/SSLSocketImpl closeInternal (Z)V 281 1 3065 0 0
ciMethod sun/security/ssl/SSLSocketImpl disposeCiphers ()V 1745 1 1581 0 -1
ciMethod sun/security/ssl/SSLSocketImpl warning (B)V 1745 1 1581 0 -1
ciMethod sun/security/ssl/SSLSocketImpl fatal (BLjava/lang/String;)V 0 0 1 0 -1
ciMethod sun/security/ssl/SSLSocketImpl fatal (BLjava/lang/Throwable;)V 1 1 29 29 0
ciMethod sun/security/ssl/SSLSocketImpl fatal (BLjava/lang/String;Ljava/lang/Throwable;)V 1 1 29 29 0
ciMethod sun/security/ssl/SSLSocketImpl recvAlert (Lsun/security/ssl/InputRecord;)V 0 0 1 0 0
ciMethod sun/security/ssl/SSLSocketImpl sendAlert (BB)V 1745 1 1610 0 -1
ciMethod sun/security/ssl/SSLSocketImpl changeReadCiphers ()V 625 1 1693 0 0
ciMethod sun/security/ssl/SSLSessionImpl invalidate ()V 0 0 32 0 -1
ciMethod sun/security/ssl/CipherBox <init> (Lsun/security/ssl/ProtocolVersion;Lsun/security/ssl/CipherSuite$BulkCipher;Ljavax/crypto/SecretKey;Ljavax/crypto/spec/IvParameterSpec;Ljava/security/SecureRandom;Z)V 2049 1 3393 0 0
ciMethod sun/security/ssl/CipherBox newCipherBox (Lsun/security/ssl/ProtocolVersion;Lsun/security/ssl/CipherSuite$BulkCipher;Ljavax/crypto/SecretKey;Ljavax/crypto/spec/IvParameterSpec;Ljava/security/SecureRandom;Z)Lsun/security/ssl/CipherBox; 2033 1 3396 0 0
ciMethod sun/security/ssl/CipherBox getFixedMask (I)Ljavax/crypto/spec/IvParameterSpec; 1009 1 1697 0 0
ciMethod sun/security/ssl/CipherBox decrypt ([BIII)I 689 1 1988 0 -1
ciMethod sun/security/ssl/CipherBox dispose ()V 2049 1 6608 0 0
ciMethod sun/security/ssl/CipherBox isCBCMode ()Z 2057 1 7917 0 -1
ciMethod sun/security/ssl/CipherBox isAEADMode ()Z 2057 1 5939 0 -1
ciMethod sun/security/ssl/CipherBox isNullCipher ()Z 2065 1 10734 0 -1
ciMethod sun/security/ssl/CipherBox applyExplicitNonce (Lsun/security/ssl/Authenticator;B[BII)I 689 1 2003 0 -1
ciMethod sun/security/ssl/MAC <init> (Lsun/security/ssl/CipherSuite$MacAlg;Lsun/security/ssl/ProtocolVersion;Ljavax/crypto/SecretKey;)V 3073 1 3393 0 0
ciMethod sun/security/ssl/MAC MAClen ()I 2049 1 16680 0 -1
ciMethod sun/security/ssl/Authenticator <init> (Lsun/security/ssl/ProtocolVersion;)V 3073 1 3385 0 0
ciMethod sun/security/ssl/Authenticator seqNumOverflow ()Z 1473 1 4270 0 0
ciMethod sun/security/ssl/Authenticator seqNumIsHuge ()Z 1129 1 3534 0 0
ciMethod sun/security/ssl/InputRecord setAppDataValid (Z)V 2049 1 17502 0 0
ciMethod sun/security/ssl/InputRecord contentType ()B 2081 1 25089 0 0
ciMethod sun/security/ssl/InputRecord setHandshakeHash (Lsun/security/ssl/HandshakeHash;)V 1961 1 5109 0 -1
ciMethod sun/security/ssl/InputRecord decrypt (Lsun/security/ssl/Authenticator;Lsun/security/ssl/CipherBox;)V 2049 1 5379 0 10240
ciMethod sun/security/ssl/InputRecord checkMacTags (B[BIILsun/security/ssl/MAC;Z)Z 1361 1 3953 0 -1
ciMethod sun/security/ssl/InputRecord calculateRemainingLen (Lsun/security/ssl/MAC;II)I 689 1 1963 0 -1
ciMethod sun/security/ssl/InputRecord close ()V 0 0 29 0 -1
ciMethod sun/security/ssl/InputRecord readFully (Ljava/io/InputStream;[BII)I 3097 3097 5508 16 832
ciMethod sun/security/ssl/InputRecord read (Ljava/io/InputStream;Ljava/io/OutputStream;)V 2049 1 5378 16 1152
ciMethod sun/security/ssl/InputRecord checkRecordVersion (Lsun/security/ssl/ProtocolVersion;Z)V 2049 1 5370 0 -1
ciMethod sun/security/ssl/InputRecord readV3Record (Ljava/io/InputStream;Ljava/io/OutputStream;)V 1969 1 5376 0 -1
ciMethod sun/security/ssl/InputRecord handleUnknownRecord (Ljava/io/InputStream;Ljava/io/OutputStream;)V 0 0 1 0 -1
ciMethod sun/security/ssl/ClientHandshaker <init> (Lsun/security/ssl/SSLSocketImpl;Lsun/security/ssl/SSLContextImpl;Lsun/security/ssl/ProtocolList;Lsun/security/ssl/ProtocolVersion;ZZ[B[B)V 401 1 895 0 0
ciMethod sun/security/ssl/Handshaker <init> (Lsun/security/ssl/SSLSocketImpl;Lsun/security/ssl/SSLContextImpl;Lsun/security/ssl/ProtocolList;ZZLsun/security/ssl/ProtocolVersion;ZZ[B[B)V 2433 1 1693 0 0
ciMethod sun/security/ssl/Handshaker init (Lsun/security/ssl/SSLContextImpl;Lsun/security/ssl/ProtocolList;ZZLsun/security/ssl/ProtocolVersion;ZZ[B[B)V 3073 1 1674 0 -1
ciMethod sun/security/ssl/Handshaker setEnabledCipherSuites (Lsun/security/ssl/CipherSuiteList;)V 793 1 1707 0 0
ciMethod sun/security/ssl/Handshaker setSNIServerNames (Ljava/util/List;)V 377 1 886 0 0
ciMethod sun/security/ssl/Handshaker setApplicationProtocols ([Ljava/lang/String;)V 393 1 879 0 0
ciMethod sun/security/ssl/Handshaker getHandshakeApplicationProtocol ()Ljava/lang/String; 649 1 81 0 0
ciMethod sun/security/ssl/Handshaker setApplicationProtocolSelectorSSLSocket (Ljava/util/function/BiFunction;)V 385 1 881 0 0
ciMethod sun/security/ssl/Handshaker activate (Lsun/security/ssl/ProtocolVersion;)V 657 1 1699 0 -1
ciMethod sun/security/ssl/Handshaker setEnableSessionCreation (Z)V 385 1 879 0 0
ciMethod sun/security/ssl/Handshaker newReadCipher ()Lsun/security/ssl/CipherBox; 1665 1 1701 0 0
ciMethod sun/security/ssl/Handshaker newReadAuthenticator ()Lsun/security/ssl/Authenticator; 1649 1 1692 0 0
ciMethod sun/security/ssl/Handshaker isDone ()Z 3073 1 8485 0 0
ciMethod sun/security/ssl/Handshaker getSession ()Lsun/security/ssl/SSLSessionImpl; 649 1 81 0 0
ciMethod sun/security/ssl/Handshaker isSecureRenegotiation ()Z 649 1 81 0 0
ciMethod sun/security/ssl/Handshaker getClientVerifyData ()[B 649 1 81 0 0
ciMethod sun/security/ssl/Handshaker getServerVerifyData ()[B 649 1 81 0 0
ciMethod sun/security/ssl/Handshaker process_record (Lsun/security/ssl/InputRecord;Z)V 2049 1 5376 0 12736
ciMethod sun/security/ssl/Handshaker processLoop ()V 2049 2057 5376 0 -1
ciMethod sun/security/ssl/Handshaker activated ()Z 1025 1 128 0 0
ciMethod sun/security/ssl/Handshaker started ()Z 3073 1 8483 0 0
ciMethod sun/security/ssl/Handshaker handshakeAlert (B)V 0 0 1 0 -1
ciMethod sun/security/ssl/Handshaker receiveChangeCipherSpec ()V 625 1 1698 0 0
ciMethod sun/security/ssl/Handshaker checkThrown ()V 2041 1 5375 0 -1
ciMethod sun/security/ssl/HandshakeStateManager isEmpty ()Z 2049 1 8482 0 0
ciMethod sun/security/ssl/HandshakeStateManager changeCipherSpec (ZZ)V 1249 625 3399 0 0
ciMethodData sun/security/jca/ProviderList getServices (Ljava/lang/String;Ljava/lang/String;)Ljava/util/List; 2 15837 orig 264 168 227 70 106 0 0 0 0 152 239 207 27 0 0 0 0 64 1 0 0 0 0 0 0 0 0 0 0 0 0 0 0 0 0 0 0 0 0 0 0 0 0 0 0 0 0 0 0 0 0 0 0 0 0 0 0 0 0 0 0 0 0 0 0 0 0 0 0 0 0 0 0 0 0 0 0 0 0 0 0 77 68 79 32 101 120 116 114 97 32 100 97 116 97 32 108 111 99 107 0 0 0 0 0 0 0 0 0 0 0 0 0 0 0 0 0 0 0 0 0 0 0 0 0 0 0 0 0 0 0 0 0 0 0 0 0 0 0 0 0 0 0 0 0 0 0 0 0 0 0 0 0 0 0 0 0 0 0 0 0 0 0 0 0 0 0 0 0 0 0 0 0 0 0 0 0 0 0 0 0 0 0 0 0 0 0 0 0 0 0 0 0 0 0 0 0 0 0 0 0 0 0 0 0 0 0 0 0 0 0 0 0 0 0 0 0 137 0 0 0 161 234 1 0 1 0 0 0 0 0 0 0 0 0 0 0 2 0 0 0 0 0 0 0 0 0 0 0 16 0 0 0 255 255 255 255 2 0 7 0 0 0 0 0 data 2 0x70002 0x3d4a oops 0
ciMethodData sun/security/jca/ProviderList$ServiceList <init> (Lsun/security/jca/ProviderList;Ljava/lang/String;Ljava/lang/String;)V 2 15827 orig 264 168 227 70 106 0 0 0 0 72 221 219 27 0 0 0 0 72 1 0 0 0 0 0 0 0 0 0 0 0 0 0 0 0 0 0 0 0 0 0 0 0 0 0 0 0 0 0 0 0 0 0 0 0 0 0 0 0 0 0 0 0 0 0 0 0 0 0 0 0 0 0 0 0 0 0 0 0 0 0 0 77 68 79 32 101 120 116 114 97 32 100 97 116 97 32 108 111 99 107 0 0 0 0 0 0 0 0 0 0 0 0 0 0 0 0 0 0 0 0 0 0 0 0 0 0 0 0 0 0 0 0 0 0 0 0 0 0 0 0 0 0 0 0 0 0 0 0 0 0 0 0 0 0 0 0 0 0 0 0 0 0 0 0 0 0 0 0 0 0 0 0 0 0 0 0 0 0 0 0 0 0 0 0 0 0 0 0 0 0 0 0 0 0 0 0 0 0 0 0 0 0 0 0 0 0 0 0 0 0 0 0 0 0 0 0 0 137 0 0 0 81 234 1 0 1 0 0 0 0 0 0 0 0 0 0 0 2 0 0 0 0 0 3 0 2 0 0 0 16 0 0 0 255 255 255 255 2 0 6 0 0 0 0 0 data 2 0x60002 0x3d48 oops 0
ciMethodData sun/security/jca/ProviderList$ServiceList iterator ()Ljava/util/Iterator; 2 17972 orig 264 168 227 70 106 0 0 0 0 200 226 219 27 0 0 0 0 48 1 0 0 0 0 0 0 0 0 0 0 0 0 0 0 0 0 0 0 0 0 0 0 0 0 0 0 0 0 0 0 0 0 0 0 0 0 0 0 0 0 0 0 0 0 0 0 0 0 0 0 0 0 0 0 0 0 0 0 0 0 0 0 77 68 79 32 101 120 116 114 97 32 100 97 116 97 32 108 111 99 107 0 0 0 0 0 0 0 0 0 0 0 0 0 0 0 0 0 0 0 0 0 0 0 0 0 0 0 0 0 0 0 0 0 0 0 0 0 0 0 0 0 0 0 0 0 0 0 0 0 0 0 0 0 0 0 0 0 0 0 0 0 0 0 0 0 0 0 0 0 0 0 0 0 0 0 0 0 0 0 0 0 0 0 0 0 0 0 0 0 0 0 0 0 0 0 0 0 0 0 0 0 0 0 0 0 0 0 0 0 0 0 0 0 0 0 0 0 137 0 0 0 89 45 2 0 1 0 0 0 0 0 0 0 0 0 0 0 2 0 0 0 0 0 3 0 2 0 0 0 16 0 0 0 255 255 255 255 2 0 5 0 0 0 0 0 data 2 0x50002 0x45a5 oops 0
ciMethodData sun/security/jca/ProviderList$ServiceList$1 <init> (Lsun/security/jca/ProviderList$ServiceList;)V 2 17966 orig 264 168 227 70 106 0 0 0 0 152 235 219 27 0 0 0 0 56 1 0 0 0 0 0 0 0 0 0 0 0 0 0 0 0 0 0 0 0 0 0 0 0 0 0 0 0 0 0 0 0 0 0 0 0 0 0 0 0 0 0 0 0 0 0 0 0 0 0 0 0 0 0 0 0 0 0 0 0 0 0 0 77 68 79 32 101 120 116 114 97 32 100 97 116 97 32 108 111 99 107 0 0 0 0 0 0 0 0 0 0 0 0 0 0 0 0 0 0 0 0 0 0 0 0 0 0 0 0 0 0 0 0 0 0 0 0 0 0 0 0 0 0 0 0 0 0 0 0 0 0 0 0 0 0 0 0 0 0 0 0 0 0 0 0 0 0 0 0 0 0 0 0 0 0 0 0 0 0 0 0 0 0 0 0 0 0 0 0 0 0 0 0 0 0 0 0 0 0 0 0 0 0 0 0 0 0 0 0 0 0 0 0 0 0 0 0 0 137 0 0 0 41 45 2 0 1 0 0 0 0 0 0 0 0 0 0 0 2 0 0 0 0 0 3 0 2 0 0 0 16 0 0 0 255 255 255 255 2 0 6 0 0 0 0 0 data 2 0x60002 0x45a6 oops 0
ciMethodData sun/security/jca/ProviderList$ServiceList$1 hasNext ()Z 2 10339 orig 264 168 227 70 106 0 0 0 0 64 236 219 27 0 0 0 0 144 1 0 0 0 0 0 0 0 0 0 0 0 0 0 0 0 0 0 0 0 0 0 0 0 0 0 0 0 0 0 0 0 0 0 0 0 0 0 0 0 0 0 0 0 0 0 0 0 0 0 0 0 0 0 0 0 0 0 0 0 0 0 0 77 68 79 32 101 120 116 114 97 32 100 97 116 97 32 108 111 99 107 0 0 0 0 0 0 0 0 0 0 0 0 0 0 0 0 0 0 0 0 0 0 0 0 0 0 0 0 0 0 0 0 0 0 0 0 0 0 0 0 0 0 0 0 0 0 0 0 0 0 0 0 0 0 0 0 0 0 0 0 0 0 0 0 0 0 0 0 0 0 0 0 0 0 0 0 0 0 0 0 0 0 0 0 0 0 0 0 0 0 0 0 0 0 0 0 0 0 0 0 0 0 0 0 0 0 0 0 0 0 0 0 0 0 0 0 0 137 0 0 0 209 62 1 0 1 0 0 0 0 0 0 0 0 0 0 0 2 0 0 0 0 0 6 0 2 0 0 0 72 0 0 0 255 255 255 255 2 0 8 0 0 0 0 0 data 9 0x80002 0x27db 0xb0007 0x0 0x38 0x2804 0xf0003 0x2804 0x18 oops 0
ciMethodData sun/security/jca/ProviderList$ServiceList$1 next ()Ljava/lang/Object; 2 10370 orig 264 168 227 70 106 0 0 0 0 40 238 219 27 0 0 0 0 120 1 0 0 0 0 0 0 0 0 0 0 0 0 0 0 0 0 0 0 0 0 0 0 0 0 0 0 0 0 0 0 0 0 0 0 0 0 0 0 0 0 0 0 0 0 0 0 0 0 0 0 0 0 0 0 0 0 0 0 0 0 0 0 77 68 79 32 101 120 116 114 97 32 100 97 116 97 32 108 111 99 107 0 0 0 0 0 0 0 0 0 0 0 0 0 0 0 0 0 0 0 0 0 0 0 0 0 0 0 0 0 0 0 0 0 0 0 0 0 0 0 0 0 0 0 0 0 0 0 0 0 0 0 0 0 0 0 0 0 0 0 0 0 0 0 0 0 0 0 0 0 0 0 0 0 0 0 0 0 0 0 0 0 0 0 0 0 0 0 0 0 0 0 0 0 0 0 0 0 0 0 0 0 0 0 0 0 0 0 0 0 0 0 0 0 0 0 0 0 137 0 0 0 201 63 1 0 1 0 0 0 0 0 0 0 0 0 0 0 2 0 0 0 0 0 3 0 2 0 0 0 48 0 0 0 255 255 255 255 5 0 1 0 0 0 0 0 data 6 0x10005 0x0 0x24243520 0x27f9 0x0 0x0 oops 1 2 sun/security/jca/ProviderList$ServiceList$1
ciMethodData sun/security/jca/ProviderList$ServiceList$1 next ()Ljava/security/Provider$Service; 2 6281 orig 264 168 227 70 106 0 0 0 0 248 236 219 27 0 0 0 0 136 1 0 0 0 0 0 0 0 0 0 0 0 0 0 0 0 0 0 0 0 0 0 0 0 0 0 0 0 0 0 0 0 0 0 0 0 0 0 0 0 0 0 0 0 0 0 0 0 0 0 0 0 0 0 0 0 0 0 0 0 0 0 0 77 68 79 32 101 120 116 114 97 32 100 97 116 97 32 108 111 99 107 0 0 0 0 0 0 0 0 0 0 0 0 0 0 0 0 0 0 0 0 0 0 0 0 0 0 0 0 0 0 0 0 0 0 0 0 0 0 0 0 0 0 0 0 0 0 0 0 0 0 0 0 0 0 0 0 0 0 0 0 0 0 0 0 0 0 0 0 0 0 0 0 0 0 0 0 0 0 0 0 0 0 0 0 0 0 0 0 0 0 0 0 0 0 0 0 0 0 0 0 0 0 0 0 0 0 0 0 0 0 0 0 0 0 0 0 0 137 0 0 0 1 192 0 0 1 0 0 0 0 0 0 0 0 0 0 0 2 0 0 0 0 0 5 0 2 0 0 0 64 0 0 0 255 255 255 255 2 0 8 0 0 0 0 0 data 8 0x80002 0x1800 0xd0007 0x1800 0x30 0x0 0x140002 0x0 oops 0
ciMethod sun/security/ssl/HandshakeInStream incomingRecord (Lsun/security/ssl/InputRecord;)V 2033 1 5372 0 -1
ciMethod com/sun/crypto/provider/AESCipher engineDoFinal ([BII)[B 2081 1 3215 0 0
ciMethodData java/util/IdentityHashMap hash (Ljava/lang/Object;I)I 2 5880 orig 264 168 227 70 106 0 0 0 0 168 20 243 27 0 0 0 0 96 1 0 0 0 0 0 0 0 0 0 0 0 0 0 0 0 0 0 0 0 0 0 0 0 0 0 0 0 0 0 0 0 0 0 0 0 0 0 0 0 0 0 0 0 0 0 0 0 0 0 0 0 0 0 0 0 0 0 0 0 0 0 0 77 68 79 32 101 120 116 114 97 32 100 97 116 97 32 108 111 99 107 0 0 0 0 0 0 0 0 0 0 0 0 0 0 0 0 0 0 0 0 0 0 0 0 0 0 0 0 0 0 0 0 0 0 0 0 0 0 0 0 0 0 0 0 0 0 0 0 0 0 0 0 0 0 0 0 0 0 0 0 0 0 0 0 0 0 0 0 0 0 0 0 0 0 0 0 0 0 0 0 0 0 0 0 0 0 0 0 0 0 0 0 0 0 0 0 0 0 0 0 0 0 0 0 0 0 0 0 0 0 0 0 0 0 0 0 0 128 1 0 0 193 171 0 0 1 0 0 0 0 0 0 0 0 0 0 0 2 0 0 0 0 0 3 0 2 0 0 0 16 0 0 0 255 255 255 255 2 0 1 0 0 0 0 0 data 2 0x10002 0x1578 oops 0
ciMethod javax/crypto/Cipher$Transform setModePadding (Ljavax/crypto/CipherSpi;)V 201 1 3368 0 -1
ciMethod javax/crypto/Cipher$Transform supportsModePadding (Ljava/security/Provider$Service;)I 401 1 6731 0 -1
ciMethod javax/crypto/CipherSpi engineInit (ILjava/security/Key;Ljava/security/spec/AlgorithmParameterSpec;Ljava/security/SecureRandom;)V 0 0 1 0 -1
ciMethod javax/crypto/CipherSpi engineDoFinal ([BII)[B 0 0 1 0 -1
ciMethod javax/crypto/spec/IvParameterSpec <init> ([B)V 25 1 3 0 -1
ciMethod javax/crypto/spec/IvParameterSpec getIV ()[B 1025 1 1682 0 -1
ciMethod com/sun/crypto/provider/CipherCore getOutputSizeByOperation (IZ)I 2177 1 3214 0 0
ciMethod com/sun/crypto/provider/CipherCore doFinal ([BII)[B 2097 1 3214 0 0
ciMethod com/sun/crypto/provider/CipherCore endDoFinal ()V 2177 1 3212 0 0
ciMethod com/sun/crypto/provider/CipherCore unpad (I[B)I 0 0 1 0 -1
ciMethod com/sun/crypto/provider/CipherCore prepareInputBuffer ([BII[BI)[B 2177 1 3212 0 0
ciMethod com/sun/crypto/provider/CipherCore fillOutputBuffer ([BI[BII[B)I 2177 1 3212 0 0
ciMethod com/sun/crypto/provider/CipherCore checkReinit ()V 2049 1 8588 0 0
ciMethod com/sun/crypto/provider/CipherCore finalNoPadding ([BI[BII)I 3073 1 3213 0 0
ciMethod com/sun/crypto/provider/FeedbackCipher reset ()V 0 0 1 0 -1
ciMethod com/sun/crypto/provider/FeedbackCipher encryptFinal ([BII[BI)I 0 0 1 0 -1
ciMethod com/sun/crypto/provider/FeedbackCipher decryptFinal ([BII[BI)I 0 0 1 0 -1
ciMethod com/sun/crypto/provider/FeedbackCipher getBufferedLength ()I 1025 1 128 0 0
ciMethod com/sun/crypto/provider/Padding padWithLen ([BII)V 0 0 1 0 -1
ciMethod com/sun/crypto/provider/Padding padLength (I)I 0 0 1 0 -1
ciMethod com/sun/crypto/provider/CipherBlockChaining reset ()V 2049 1 6058 0 288
ciMethod com/sun/crypto/provider/GaloisCounterMode getTagLen ()I 0 0 1 0 -1
ciMethodData com/sun/crypto/provider/HmacCore engineReset ()V 2 5378 orig 264 168 227 70 106 0 0 0 0 224 132 67 32 0 0 0 0 152 1 0 0 0 0 0 0 0 0 0 0 0 0 0 0 0 0 0 0 0 0 0 0 0 0 0 0 0 0 0 0 0 0 0 0 0 0 0 0 0 0 0 0 0 0 0 0 0 0 0 0 0 0 0 0 0 0 0 0 0 0 0 0 77 68 79 32 101 120 116 114 97 32 100 97 116 97 32 108 111 99 107 0 0 0 0 0 0 0 0 0 0 0 0 0 0 0 0 0 0 0 0 0 0 0 0 0 0 0 0 0 0 0 0 0 0 0 0 0 0 0 0 0 0 0 0 0 0 0 0 0 0 0 0 0 0 0 0 0 0 0 0 0 0 0 0 0 0 0 0 0 0 0 0 0 0 0 0 0 0 0 0 0 0 0 0 0 0 0 0 0 0 0 0 0 0 0 0 0 0 0 0 0 0 0 0 0 0 0 0 0 0 0 0 0 0 0 0 0 0 1 0 0 17 160 0 0 1 0 0 0 0 0 0 0 0 0 0 0 2 0 0 0 0 0 6 0 2 0 0 0 80 0 0 0 255 255 255 255 7 0 4 0 0 0 0 0 data 10 0x40007 0x1407 0x50 0x0 0xb0005 0x0 0x0 0x0 0x0 0x0 oops 0
ciMethodData com/sun/crypto/provider/HmacCore engineInit (Ljava/security/Key;Ljava/security/spec/AlgorithmParameterSpec;)V 2 56599 orig 264 168 227 70 106 0 0 0 0 160 128 67 32 0 0 0 0 88 3 0 0 168 1 0 0 0 0 0 0 0 0 0 0 0 0 0 0 0 0 0 0 0 0 0 0 0 0 0 0 0 0 0 0 0 0 0 0 0 0 0 0 0 0 0 0 0 0 0 0 0 0 0 0 0 0 0 0 0 0 0 0 77 68 79 32 101 120 116 114 97 32 100 97 116 97 32 108 111 99 107 0 0 0 0 0 0 0 0 0 0 0 0 0 0 0 0 0 0 0 0 0 0 0 0 0 0 0 0 0 0 0 0 0 0 0 0 0 0 0 0 0 0 0 0 0 0 0 0 0 0 0 0 0 0 0 0 0 0 0 0 0 0 0 0 0 0 0 0 0 0 0 0 0 0 0 0 0 0 0 0 0 0 0 0 0 0 0 0 0 0 0 0 0 0 0 0 0 0 0 0 0 0 0 0 0 0 0 0 0 0 0 0 0 0 0 0 0 183 28 0 0 65 24 0 0 1 3 6 0 0 0 0 0 0 0 0 0 2 0 0 0 1 0 22 0 2 0 0 0 0 2 0 0 255 255 255 255 7 0 1 0 0 0 0 0 data 64 0x10007 0x308 0x30 0x0 0xa0002 0x0 0xf0004 0x0 0x23ffd720 0x308 0x0 0x0 0x120007 0x308 0x30 0x0 0x1b0002 0x0 0x200005 0x0 0x23ffd720 0x308 0x0 0x0 0x270007 0x307 0x30 0x0 0x300002 0x0 0x3a0007 0x307 0x60 0x0 0x420005 0x0 0x0 0x0 0x0 0x0 0x490002 0x0 0x580007 0x303 0x70 0xc05c 0x5f0007 0x7818 0x38 0x485b 0x660003 0x485a 0x18 0x890003 0xc061 0xffffffffffffffa8 0x8e0002 0x303 0x940005 0x0 0x23ffd7d0 0x1ff 0x1f32cba0 0x104 oops 4 8 javax/crypto/spec/SecretKeySpec 20 javax/crypto/spec/SecretKeySpec 60 com/sun/crypto/provider/HmacSHA1 62 com/sun/crypto/provider/HmacCore$HmacSHA256
ciMethodData com/sun/crypto/provider/CipherCore checkReinit ()V 2 8588 orig 264 168 227 70 106 0 0 0 0 192 113 220 36 0 0 0 0 80 1 0 0 0 0 0 0 0 0 0 0 0 0 0 0 0 0 0 0 0 0 0 0 0 0 0 0 0 0 0 0 0 0 0 0 0 0 0 0 0 0 0 0 0 0 0 0 0 0 0 0 0 0 0 0 0 0 0 0 0 0 0 0 77 68 79 32 101 120 116 114 97 32 100 97 116 97 32 108 111 99 107 0 0 0 0 0 0 0 0 0 0 0 0 0 0 0 0 0 0 0 0 0 0 0 0 0 0 0 0 0 0 0 0 0 0 0 0 0 0 0 0 0 0 0 0 0 0 0 0 0 0 0 0 0 0 0 0 0 0 0 0 0 0 0 0 0 0 0 0 0 0 0 0 0 0 0 0 0 0 0 0 0 0 0 0 0 0 0 0 0 0 0 0 0 0 0 0 0 0 0 0 0 0 0 0 0 0 0 0 0 0 0 0 0 0 0 0 0 0 1 0 0 97 4 1 0 1 0 0 0 0 0 0 0 0 0 0 0 2 0 0 0 0 0 5 0 2 0 0 0 48 0 0 0 255 255 255 255 7 0 4 0 0 0 0 0 data 6 0x40007 0x208c 0x30 0x0 0xd0002 0x0 oops 0
ciMethodData com/sun/crypto/provider/CipherBlockChaining reset ()V 2 6058 orig 264 168 227 70 106 0 0 0 0 0 149 220 36 0 0 0 0 88 1 0 0 0 0 0 0 0 0 0 0 0 0 0 0 0 0 0 0 0 0 0 0 0 0 0 0 0 0 0 0 0 0 0 0 0 0 0 0 0 0 0 0 0 0 0 0 0 0 0 0 0 0 0 0 0 0 0 0 0 0 0 0 77 68 79 32 101 120 116 114 97 32 100 97 116 97 32 108 111 99 107 0 0 0 0 0 0 0 0 0 0 0 0 0 0 0 0 0 0 0 0 0 0 0 0 0 0 0 0 0 0 0 0 0 0 0 0 0 0 0 0 0 0 0 0 0 0 0 0 0 0 0 0 0 0 0 0 0 0 0 0 0 0 0 0 0 0 0 0 0 0 0 0 0 0 0 0 0 0 0 0 0 0 0 0 0 0 0 0 0 0 0 0 0 0 0 0 0 0 0 0 0 0 0 0 0 0 0 0 0 0 0 0 0 0 0 0 0 0 1 0 0 81 181 0 0 1 0 0 0 0 0 0 0 0 0 0 0 2 0 0 0 0 0 3 0 2 0 0 0 16 0 0 0 255 255 255 255 2 0 14 0 0 0 0 0 data 2 0xe0002 0x16a9 oops 0
ciMethodData com/sun/crypto/provider/AESCipher engineDoFinal ([BII)[B 2 3215 orig 264 168 227 70 106 0 0 0 0 152 239 217 36 0 0 0 0 144 1 0 0 0 0 0 0 0 0 0 0 0 0 0 0 0 0 0 0 0 0 0 0 0 0 0 0 0 0 0 0 0 0 0 0 0 0 0 0 0 0 0 0 0 0 0 0 0 0 0 0 0 0 0 0 0 0 0 0 0 0 0 0 77 68 79 32 101 120 116 114 97 32 100 97 116 97 32 108 111 99 107 0 0 0 0 0 0 0 0 0 0 0 0 0 0 0 0 0 0 0 0 0 0 0 0 0 0 0 0 0 0 0 0 0 0 0 0 0 0 0 0 0 0 0 0 0 0 0 0 0 0 0 0 0 0 0 0 0 0 0 0 0 0 0 0 0 0 0 0 0 0 0 0 0 0 0 0 0 0 0 0 0 0 0 0 0 0 0 0 0 0 0 0 0 0 0 0 0 0 0 0 0 0 0 0 0 0 0 0 0 0 0 0 0 0 0 0 0 4 1 0 0 89 92 0 0 1 0 0 0 0 0 0 0 0 0 0 0 2 0 0 0 0 0 3 0 2 0 0 0 48 0 0 0 255 255 255 255 5 0 7 0 0 0 0 0 data 6 0x70005 0x4 0x25e192b0 0xb86 0x0 0x0 oops 1 2 com/sun/crypto/provider/CipherCore
ciMethodData com/sun/crypto/provider/CipherCore doFinal ([BII)[B 2 3214 orig 264 168 227 70 106 0 0 0 0 144 104 220 36 0 0 0 0 144 2 0 0 16 1 0 0 0 0 0 0 0 0 0 0 0 0 0 0 0 0 0 0 0 0 0 0 0 0 0 0 0 0 0 0 0 0 0 0 0 0 0 0 0 0 0 0 0 0 0 0 0 0 0 0 0 0 0 0 0 0 0 0 77 68 79 32 101 120 116 114 97 32 100 97 116 97 32 108 111 99 107 0 0 0 0 0 0 0 0 0 0 0 0 0 0 0 0 0 0 0 0 0 0 0 0 0 0 0 0 0 0 0 0 0 0 0 0 0 0 0 0 0 0 0 0 0 0 0 0 0 0 0 0 0 0 0 0 0 0 0 0 0 0 0 0 0 0 0 0 0 0 0 0 0 0 0 0 0 0 0 0 0 0 0 0 0 0 0 0 0 0 0 0 0 0 0 0 0 0 0 0 0 0 0 0 0 0 0 0 0 0 0 0 0 0 0 0 0 6 1 0 0 65 92 0 0 1 0 0 0 0 0 0 0 0 0 0 0 2 0 0 0 0 0 29 0 2 0 0 0 48 1 0 0 255 255 255 255 2 0 1 0 0 0 0 0 data 38 0x10002 0xb88 0x70002 0xb88 0x150002 0xb86 0x1d0007 0x0 0x38 0xb86 0x210003 0xb86 0x18 0x2a0007 0x0 0x38 0xb86 0x2e0003 0xb86 0x18 0x410002 0xb86 0x470002 0xb86 0x4f0007 0xb86 0x60 0x0 0x560002 0x0 0x5f0007 0x0 0x30 0x0 0x650002 0x0 0x780002 0x0 oops 0
ciMethodData com/sun/crypto/provider/CipherCore getOutputSizeByOperation (IZ)I 2 3214 orig 264 168 227 70 106 0 0 0 0 160 89 220 36 0 0 0 0 216 3 0 0 0 2 0 0 0 0 0 0 0 0 0 0 0 0 0 0 0 0 0 0 0 0 0 0 0 0 0 0 0 0 0 0 0 0 0 0 0 0 0 0 0 0 0 0 0 0 0 0 0 0 0 0 0 0 0 0 0 0 0 0 77 68 79 32 101 120 116 114 97 32 100 97 116 97 32 108 111 99 107 0 0 0 0 0 0 0 0 0 0 0 0 0 0 0 0 0 0 0 0 0 0 0 0 0 0 0 0 0 0 0 0 0 0 0 0 0 0 0 0 0 0 0 0 0 0 0 0 0 0 0 0 0 0 0 0 0 0 0 0 0 0 0 0 0 0 0 0 0 0 0 0 0 0 0 0 0 0 0 0 0 0 0 0 0 0 0 0 0 0 0 0 0 0 0 0 0 0 0 0 0 0 0 0 0 0 0 0 0 0 0 0 0 0 0 0 0 16 1 0 0 241 91 0 0 1 0 0 0 0 0 0 0 0 0 0 0 2 0 0 0 0 0 36 0 2 0 0 0 128 2 0 0 255 255 255 255 5 0 8 0 0 0 0 0 data 80 0x80005 0x0 0x23fb0b00 0xb7e 0x0 0x0 0xb0002 0xb7d 0x110002 0xb7e 0x190008 0x4 0x85 0x130 0x0 0x30 0x2d0007 0x0 0xc8 0x0 0x340004 0x0 0x0 0x0 0x0 0x0 0x370005 0x0 0x0 0x0 0x0 0x0 0x400007 0x0 0x48 0x0 0x460002 0x0 0x4a0003 0x0 0x18 0x530007 0x0 0x138 0x0 0x580003 0x0 0x118 0x5f0007 0xb7d 0x100 0x0 0x660007 0x0 0xe0 0x0 0x710007 0x0 0x80 0x0 0x790007 0x0 0x38 0x0 0x810003 0x0 0x80 0x990002 0x0 0x9d0003 0x0 0x58 0xa60005 0x0 0x0 0x0 0x0 0x0 0xab0002 0x0 oops 1 2 com/sun/crypto/provider/CipherBlockChaining
ciMethodData com/sun/crypto/provider/CipherCore prepareInputBuffer ([BII[BI)[B 2 3212 orig 264 168 227 70 106 0 0 0 0 40 110 220 36 0 0 0 0 224 5 0 0 0 4 0 0 0 0 0 0 0 0 0 0 0 0 0 0 0 0 0 0 0 0 0 0 0 0 0 0 0 0 0 0 0 0 0 0 0 0 0 0 0 0 0 0 0 0 0 0 0 0 0 0 0 0 0 0 0 0 0 0 77 68 79 32 101 120 116 114 97 32 100 97 116 97 32 108 111 99 107 0 0 0 0 0 0 0 0 0 0 0 0 0 0 0 0 0 0 0 0 0 0 0 0 0 0 0 0 0 0 0 0 0 0 0 0 0 0 0 0 0 0 0 0 0 0 0 0 0 0 0 0 0 0 0 0 0 0 0 0 0 0 0 0 0 0 0 0 0 0 0 0 0 0 0 0 0 0 0 0 0 0 0 0 0 0 0 0 0 0 0 0 0 0 0 0 0 0 0 0 0 0 0 0 0 0 0 0 0 0 0 0 0 0 0 0 0 16 1 0 0 225 91 0 0 1 0 0 0 0 0 0 0 0 0 0 0 2 0 0 0 0 0 63 0 2 0 0 0 112 4 0 0 255 255 255 255 2 0 5 0 0 0 0 0 data 142 0x50002 0xb7c 0x100005 0x0 0x23fb0b00 0xb7c 0x0 0x0 0x130002 0xb7c 0x230007 0xb7c 0x70 0x0 0x2c0007 0x0 0x38 0x0 0x380003 0x0 0x80 0x4e0003 0x0 0x68 0x550007 0xb7c 0x50 0x0 0x5e0005 0x0 0x0 0x0 0x0 0x0 0x690007 0x5be 0x160 0x5be 0x700007 0x5be 0x140 0x0 0x750007 0x0 0x120 0x0 0x7e0007 0x0 0x100 0x0 0x890002 0x0 0x8e0005 0x0 0x0 0x0 0x0 0x0 0x950005 0x0 0x0 0x0 0x0 0x0 0x9a0005 0x0 0x0 0x0 0x0 0x0 0x9d0005 0x0 0x0 0x0 0x0 0x0 0xa00002 0x0 0xa80007 0x0 0xc0 0xb7c 0xaf0007 0x5be 0x40 0x5be 0xb60007 0x0 0x80 0x5be 0xbc0007 0xb7c 0x1a0 0x0 0xc40007 0x0 0x180 0x0 0xd00007 0x0 0x160 0x0 0xd70007 0x0 0x40 0x0 0xde0007 0x0 0x20 0x0 0xe80002 0x0 0xf30007 0x0 0x60 0x0 0x1020002 0x0 0x1090007 0x0 0x30 0x0 0x1110002 0x0 0x1150007 0x0 0x30 0x0 0x1210002 0x0 0x1260007 0x0 0x60 0x0 0x1340002 0x0 0x1390005 0x0 0x0 0x0 0x0 0x0 oops 1 4 com/sun/crypto/provider/CipherBlockChaining
ciMethodData com/sun/crypto/provider/CipherCore fillOutputBuffer ([BI[BII[B)I 2 3212 orig 264 168 227 70 106 0 0 0 0 128 111 220 36 0 0 0 0 232 2 0 0 40 1 0 0 0 0 0 0 0 0 0 0 0 0 0 0 0 0 0 0 0 0 0 0 0 0 0 0 0 0 0 0 0 0 0 0 0 0 0 0 0 0 0 0 0 0 0 0 0 0 0 0 0 0 0 0 0 0 0 0 77 68 79 32 101 120 116 114 97 32 100 97 116 97 32 108 111 99 107 0 0 0 0 0 0 0 0 0 0 0 0 0 0 0 0 0 0 0 0 0 0 0 0 0 0 0 0 0 0 0 0 0 0 0 0 0 0 0 0 0 0 0 0 0 0 0 0 0 0 0 0 0 0 0 0 0 0 0 0 0 0 0 0 0 0 0 0 0 0 0 0 0 0 0 0 0 0 0 0 0 0 0 0 0 0 0 0 0 0 0 0 0 0 0 0 0 0 0 0 0 0 0 0 0 0 0 0 0 0 0 0 0 0 0 0 0 16 1 0 0 225 91 0 0 1 0 0 0 0 0 0 0 0 0 0 0 2 0 0 0 0 0 30 0 2 0 0 0 112 1 0 0 255 255 255 255 2 0 8 0 0 0 0 0 data 46 0x80002 0xb7c 0x110007 0x5be 0x50 0x5be 0x180007 0x5be 0x30 0x0 0x1f0002 0x0 0x2c0007 0x5be 0x88 0x5be 0x360007 0x5be 0x38 0x0 0x3a0003 0x0 0x18 0x440007 0x5be 0x30 0x0 0x490002 0x0 0x550007 0x0 0x88 0x0 0x5f0007 0x0 0x38 0x0 0x630003 0x0 0x18 0x6d0007 0x0 0x30 0x0 0x720002 0x0 oops 0
ciMethodData com/sun/crypto/provider/CipherCore endDoFinal ()V 2 3212 orig 264 168 227 70 106 0 0 0 0 72 107 220 36 0 0 0 0 152 1 0 0 0 0 0 0 0 0 0 0 0 0 0 0 0 0 0 0 0 0 0 0 0 0 0 0 0 0 0 0 0 0 0 0 0 0 0 0 0 0 0 0 0 0 0 0 0 0 0 0 0 0 0 0 0 0 0 0 0 0 0 0 77 68 79 32 101 120 116 114 97 32 100 97 116 97 32 108 111 99 107 0 0 0 0 0 0 0 0 0 0 0 0 0 0 0 0 0 0 0 0 0 0 0 0 0 0 0 0 0 0 0 0 0 0 0 0 0 0 0 0 0 0 0 0 0 0 0 0 0 0 0 0 0 0 0 0 0 0 0 0 0 0 0 0 0 0 0 0 0 0 0 0 0 0 0 0 0 0 0 0 0 0 0 0 0 0 0 0 0 0 0 0 0 0 0 0 0 0 0 0 0 0 0 0 0 0 0 0 0 0 0 0 0 0 0 0 0 16 1 0 0 225 91 0 0 1 0 0 0 0 0 0 0 0 0 0 0 2 0 0 0 0 0 0 0 0 0 0 0 80 0 0 0 255 255 255 255 7 0 17 0 0 0 0 0 data 10 0x110007 0x0 0x50 0xb7c 0x180005 0x0 0x23fb0b00 0xb7c 0x0 0x0 oops 1 6 com/sun/crypto/provider/CipherBlockChaining
ciMethodData javax/crypto/JceSecurity canUseProvider (Ljava/security/Provider;)Z 2 22366 orig 264 168 227 70 106 0 0 0 0 232 235 242 27 0 0 0 0 144 1 0 0 0 0 0 0 0 0 0 0 0 0 0 0 0 0 0 0 0 0 0 0 0 0 0 0 0 0 0 0 0 0 0 0 0 0 0 0 0 0 0 0 0 0 0 0 0 0 0 0 0 0 0 0 0 0 0 0 0 0 0 0 77 68 79 32 101 120 116 114 97 32 100 97 116 97 32 108 111 99 107 0 0 0 0 0 0 0 0 0 0 0 0 0 0 0 0 0 0 0 0 0 0 0 0 0 0 0 0 0 0 0 0 0 0 0 0 0 0 0 0 0 0 0 0 0 0 0 0 0 0 0 0 0 0 0 0 0 0 0 0 0 0 0 0 0 0 0 0 0 0 0 0 0 0 0 0 0 0 0 0 0 0 0 0 0 0 0 0 0 0 0 0 0 0 0 0 0 0 0 0 0 0 0 0 0 0 0 0 0 0 0 0 0 0 0 0 0 135 0 0 0 185 182 2 0 1 0 0 0 0 0 0 0 0 0 0 0 2 0 0 0 0 0 6 0 2 0 0 0 72 0 0 0 255 255 255 255 2 0 1 0 0 0 0 0 data 9 0x10002 0x56d8 0x40007 0x0 0x38 0x5710 0x80003 0x5710 0x18 oops 0
ciMethodData javax/crypto/JceSecurity getVerificationResult (Ljava/security/Provider;)Ljava/lang/Exception; 2 5257 orig 264 168 227 70 106 0 0 0 0 72 235 242 27 0 0 0 0 184 3 0 0 240 0 0 0 0 0 0 0 0 0 0 0 0 0 0 0 0 0 0 0 0 0 0 0 0 0 0 0 0 0 0 0 0 0 0 0 0 0 0 0 0 0 0 0 0 0 0 0 0 0 0 0 0 0 0 0 0 0 0 0 77 68 79 32 101 120 116 114 97 32 100 97 116 97 32 108 111 99 107 0 0 0 0 0 0 0 0 0 0 0 0 0 0 0 0 0 0 0 0 0 0 0 0 0 0 0 0 0 0 0 0 0 0 0 0 0 0 0 0 0 0 0 0 0 0 0 0 0 0 0 0 0 0 0 0 0 0 0 0 0 0 0 0 0 0 0 0 0 0 0 0 0 0 0 0 0 0 0 0 0 0 0 0 0 0 0 0 0 0 0 0 0 0 0 0 0 0 0 0 0 0 0 0 0 0 0 0 0 0 0 0 0 0 0 0 0 135 0 0 0 17 160 0 0 1 0 0 0 0 0 0 0 0 0 0 0 2 0 0 0 0 0 14 0 2 0 0 0 112 2 0 0 255 255 255 255 5 0 4 0 0 0 0 0 data 78 0x40005 0x0 0x1f31eda0 0x1402 0x0 0x0 0xe0007 0x0 0x20 0x1402 0x140007 0x0 0x50 0x0 0x180004 0x0 0x0 0x0 0x0 0x0 0x200005 0x0 0x0 0x0 0x0 0x0 0x250007 0x0 0x30 0x0 0x2e0002 0x0 0x390005 0x0 0x0 0x0 0x0 0x0 0x400005 0x0 0x0 0x0 0x0 0x0 0x430002 0x0 0x480002 0x0 0x520005 0x0 0x0 0x0 0x0 0x0 0x5e0005 0x0 0x0 0x0 0x0 0x0 0x6c0005 0x0 0x0 0x0 0x0 0x0 0x780005 0x0 0x0 0x0 0x0 0x0 0x860005 0x0 0x0 0x0 0x0 0x0 oops 1 2 java/util/IdentityHashMap
ciMethodData java/util/AbstractCollection isEmpty ()Z 2 29087 orig 264 168 227 70 106 0 0 0 0 112 169 171 27 0 0 0 0 176 1 0 0 0 0 0 0 0 0 0 0 0 0 0 0 0 0 0 0 0 0 0 0 0 0 0 0 0 0 0 0 0 0 0 0 0 0 0 0 0 0 0 0 0 0 0 0 0 0 0 0 0 0 0 0 0 0 0 0 0 0 0 0 77 68 79 32 101 120 116 114 97 32 100 97 116 97 32 108 111 99 107 0 0 0 0 0 0 0 0 0 0 0 0 0 0 0 0 0 0 0 0 0 0 0 0 0 0 0 0 0 0 0 0 0 0 0 0 0 0 0 0 0 0 0 0 0 0 0 0 0 0 0 0 0 0 0 0 0 0 0 0 0 0 0 0 0 0 0 0 0 0 0 0 0 0 0 0 0 0 0 0 0 0 0 0 0 0 0 0 0 0 0 0 0 0 0 0 0 0 0 0 0 0 0 0 0 0 0 0 0 0 0 0 0 0 0 0 0 132 1 0 0 217 128 3 0 1 0 0 0 0 0 0 0 0 0 0 0 2 0 0 0 0 0 6 0 2 0 0 0 104 0 0 0 255 255 255 255 5 0 1 0 0 0 0 0 data 13 0x10005 0x0 0x1ff56370 0x7007 0x1ff58d80 0xd 0x40007 0x5d41 0x38 0x12c5 0x80003 0x12c6 0x18 oops 2 2 java/util/LinkedList 4 java/util/Arrays$ArrayList
ciMethodData javax/crypto/Cipher chooseFirstProvider ()V 2 5394 orig 264 168 227 70 106 0 0 0 0 40 91 242 27 0 0 0 0 136 6 0 0 16 1 0 0 0 0 0 0 0 0 0 0 0 0 0 0 0 0 0 0 0 0 0 0 0 0 0 0 0 0 0 0 0 0 0 0 0 0 0 0 0 0 0 0 0 0 0 0 0 0 0 0 0 0 0 0 0 0 0 0 77 68 79 32 101 120 116 114 97 32 100 97 116 97 32 108 111 99 107 0 0 0 0 0 0 0 0 0 0 0 0 0 0 0 0 0 0 0 0 0 0 0 0 0 0 0 0 0 0 0 0 0 0 0 0 0 0 0 0 0 0 0 0 0 0 0 0 0 0 0 0 0 0 0 0 0 0 0 0 0 0 0 0 0 0 0 0 0 0 0 0 0 0 0 0 0 0 0 0 0 0 0 0 0 0 0 0 0 0 0 0 0 0 0 0 0 0 0 0 0 0 0 0 0 0 0 0 0 0 0 0 0 0 0 0 0 2 1 0 0 129 160 0 0 1 0 0 0 0 0 0 0 0 0 0 0 2 0 0 0 1 0 56 0 2 0 0 0 64 5 0 0 255 255 255 255 7 0 4 0 0 0 0 0 data 168 0x40007 0x0 0x20 0x1410 0x130007 0x0 0x20 0x0 0x1c0007 0x0 0x100 0x0 0x2a0007 0x0 0xe0 0x0 0x320005 0x0 0x0 0x0 0x0 0x0 0x360007 0x0 0x50 0x0 0x3e0005 0x0 0x0 0x0 0x0 0x0 0x470002 0x0 0x4a0005 0x0 0x0 0x0 0x0 0x0 0x530007 0x0 0x70 0x0 0x5a0005 0x0 0x0 0x0 0x0 0x0 0x5f0007 0x0 0x350 0x0 0x660007 0x0 0x38 0x0 0x7e0003 0x0 0x78 0x850005 0x0 0x0 0x0 0x0 0x0 0x8a0004 0x0 0x0 0x0 0x0 0x0 0x920005 0x0 0x0 0x0 0x0 0x0 0x950002 0x0 0x980007 0x0 0x38 0x0 0x9b0003 0x0 0xfffffffffffffe98 0xa30002 0x0 0xaa0007 0x0 0x38 0x0 0xad0003 0x0 0xfffffffffffffe50 0xb30005 0x0 0x0 0x0 0x0 0x0 0xb60007 0x0 0x38 0x0 0xb90003 0x0 0xfffffffffffffde8 0xbe0007 0x0 0xe8 0x0 0xc30005 0x0 0x0 0x0 0x0 0x0 0xca0004 0x0 0x0 0x0 0x0 0x0 0xcd0007 0x0 0x38 0x0 0xd00003 0x0 0xfffffffffffffd30 0xd50004 0x0 0x0 0x0 0x0 0x0 0xde0005 0x0 0x0 0x0 0x0 0x0 0xe20002 0x0 0xed0005 0x0 0x0 0x0 0x0 0x0 0x10a0003 0x0 0xfffffffffffffc78 0x1130002 0x0 0x1180007 0x0 0x50 0x0 0x11d0005 0x0 0x0 0x0 0x0 0x0 oops 0
ciMethodData java/util/IdentityHashMap get (Ljava/lang/Object;)Ljava/lang/Object; 2 5259 orig 264 168 227 70 106 0 0 0 0 32 22 243 27 0 0 0 0 216 1 0 0 16 0 0 0 0 0 0 0 0 0 0 0 0 0 0 0 0 0 0 0 0 0 0 0 0 0 0 0 0 0 0 0 0 0 0 0 0 0 0 0 0 0 0 0 0 0 0 0 0 0 0 0 0 0 0 0 0 0 0 0 77 68 79 32 101 120 116 114 97 32 100 97 116 97 32 108 111 99 107 0 0 0 0 0 0 0 0 0 0 0 0 0 0 0 0 0 0 0 0 0 0 0 0 0 0 0 0 0 0 0 0 0 0 0 0 0 0 0 0 0 0 0 0 0 0 0 0 0 0 0 0 0 0 0 0 0 0 0 0 0 0 0 0 0 0 0 0 0 0 0 0 0 0 0 0 0 0 0 0 0 0 0 0 0 0 0 0 0 0 0 0 0 0 0 0 0 0 0 0 0 0 0 0 0 0 0 0 0 0 0 0 0 0 0 0 0 2 1 0 0 73 156 0 0 1 0 0 0 0 0 0 0 0 0 0 0 2 0 0 0 1 0 16 0 2 0 0 0 136 0 0 0 255 255 255 255 2 0 1 0 0 0 0 0 data 17 0x10002 0x1389 0x110002 0x1389 0x1f0007 0x0 0x20 0x1389 0x2b0007 0x0 0x20 0x0 0x340002 0x0 0x390003 0x0 0xffffffffffffffb0 oops 0
ciMethodData sun/security/ssl/InputRecord contentType ()B 2 25089 orig 264 168 227 70 106 0 0 0 0 136 217 205 36 0 0 0 0 32 1 0 0 0 0 0 0 0 0 0 0 0 0 0 0 0 0 0 0 0 0 0 0 0 0 0 0 0 0 0 0 0 0 0 0 0 0 0 0 0 0 0 0 0 0 0 0 0 0 0 0 0 0 0 0 0 0 0 0 0 0 0 0 77 68 79 32 101 120 116 114 97 32 100 97 116 97 32 108 111 99 107 0 0 0 0 0 0 0 0 0 0 0 0 0 0 0 0 0 0 0 0 0 0 0 0 0 0 0 0 0 0 0 0 0 0 0 0 0 0 0 0 0 0 0 0 0 0 0 0 0 0 0 0 0 0 0 0 0 0 0 0 0 0 0 0 0 0 0 0 0 0 0 0 0 0 0 0 0 0 0 0 0 0 0 0 0 0 0 0 0 0 0 0 0 0 0 0 0 0 0 0 0 0 0 0 0 0 0 0 0 0 0 0 0 0 0 0 0 4 1 0 0 233 7 3 0 1 0 0 0 0 0 0 0 0 0 0 0 2 0 0 0 0 0 3 0 1 0 0 0 0 0 0 0 255 255 255 255 0 0 0 0 0 0 0 0 data 0 oops 0
ciMethodData java/util/LinkedList pop ()Ljava/lang/Object; 2 11270 orig 264 168 227 70 106 0 0 0 0 64 72 195 27 0 0 0 0 120 1 0 0 0 0 0 0 0 0 0 0 0 0 0 0 0 0 0 0 0 0 0 0 0 0 0 0 0 0 0 0 0 0 0 0 0 0 0 0 0 0 0 0 0 0 0 0 0 0 0 0 0 0 0 0 0 0 0 0 0 0 0 0 77 68 79 32 101 120 116 114 97 32 100 97 116 97 32 108 111 99 107 0 0 0 0 0 0 0 0 0 0 0 0 0 0 0 0 0 0 0 0 0 0 0 0 0 0 0 0 0 0 0 0 0 0 0 0 0 0 0 0 0 0 0 0 0 0 0 0 0 0 0 0 0 0 0 0 0 0 0 0 0 0 0 0 0 0 0 0 0 0 0 0 0 0 0 0 0 0 0 0 0 0 0 0 0 0 0 0 0 0 0 0 0 0 0 0 0 0 0 0 0 0 0 0 0 0 0 0 0 0 0 0 0 0 0 0 0 1 1 0 0 41 88 1 0 1 0 0 0 0 0 0 0 0 0 0 0 2 0 0 0 0 0 6 0 2 0 0 0 48 0 0 0 255 255 255 255 5 0 1 0 0 0 0 0 data 6 0x10005 0x0 0x1ff56370 0x2b03 0x0 0x0 oops 1 2 java/util/LinkedList
ciMethodData java/util/LinkedList removeFirst ()Ljava/lang/Object; 2 11263 orig 264 168 227 70 106 0 0 0 0 8 48 195 27 0 0 0 0 96 1 0 0 32 0 0 0 0 0 0 0 0 0 0 0 0 0 0 0 0 0 0 0 0 0 0 0 0 0 0 0 0 0 0 0 0 0 0 0 0 0 0 0 0 0 0 0 0 0 0 0 0 0 0 0 0 0 0 0 0 0 0 0 77 68 79 32 101 120 116 114 97 32 100 97 116 97 32 108 111 99 107 0 0 0 0 0 0 0 0 0 0 0 0 0 0 0 0 0 0 0 0 0 0 0 0 0 0 0 0 0 0 0 0 0 0 0 0 0 0 0 0 0 0 0 0 0 0 0 0 0 0 0 0 0 0 0 0 0 0 0 0 0 0 0 0 0 0 0 0 0 0 0 0 0 0 0 0 0 0 0 0 0 0 0 0 0 0 0 0 0 0 0 0 0 0 0 0 0 0 0 0 0 0 0 0 0 0 0 0 0 0 0 0 0 0 0 0 0 255 0 0 0 1 88 1 0 1 0 0 0 0 0 0 0 0 0 0 0 2 0 0 0 0 0 0 0 0 0 0 0 64 0 0 0 255 255 255 255 7 0 6 0 0 0 0 0 data 8 0x60007 0x2b01 0x30 0x0 0xd0002 0x0 0x130002 0x2aff oops 0
ciMethodData java/util/LinkedList unlinkFirst (Ljava/util/LinkedList$Node;)Ljava/lang/Object; 2 5383 orig 264 168 227 70 106 0 0 0 0 48 44 195 27 0 0 0 0 96 1 0 0 0 0 0 0 0 0 0 0 0 0 0 0 0 0 0 0 0 0 0 0 0 0 0 0 0 0 0 0 0 0 0 0 0 0 0 0 0 0 0 0 0 0 0 0 0 0 0 0 0 0 0 0 0 0 0 0 0 0 0 0 77 68 79 32 101 120 116 114 97 32 100 97 116 97 32 108 111 99 107 0 0 0 0 0 0 0 0 0 0 0 0 0 0 0 0 0 0 0 0 0 0 0 0 0 0 0 0 0 0 0 0 0 0 0 0 0 0 0 0 0 0 0 0 0 0 0 0 0 0 0 0 0 0 0 0 0 0 0 0 0 0 0 0 0 0 0 0 0 0 0 0 0 0 0 0 0 0 0 0 0 0 0 0 0 0 0 0 0 0 0 0 0 0 0 0 0 0 0 0 0 0 0 0 0 0 0 0 0 0 0 0 0 0 0 0 0 0 1 0 0 57 160 0 0 1 0 0 0 0 0 0 0 0 0 0 0 2 0 0 0 0 0 6 0 2 0 0 0 56 0 0 0 255 255 255 255 7 0 26 0 0 0 0 0 data 7 0x1a0007 0x10b7 0x38 0x34d 0x220003 0x34f 0x18 oops 0
ciMethodData sun/security/jca/GetInstance getServices (Ljava/lang/String;Ljava/lang/String;)Ljava/util/List; 2 15833 orig 264 168 227 70 106 0 0 0 0 176 172 207 27 0 0 0 0 144 1 0 0 0 0 0 0 0 0 0 0 0 0 0 0 0 0 0 0 0 0 0 0 0 0 0 0 0 0 0 0 0 0 0 0 0 0 0 0 0 0 0 0 0 0 0 0 0 0 0 0 0 0 0 0 0 0 0 0 0 0 0 0 77 68 79 32 101 120 116 114 97 32 100 97 116 97 32 108 111 99 107 0 0 0 0 0 0 0 0 0 0 0 0 0 0 0 0 0 0 0 0 0 0 0 0 0 0 0 0 0 0 0 0 0 0 0 0 0 0 0 0 0 0 0 0 0 0 0 0 0 0 0 0 0 0 0 0 0 0 0 0 0 0 0 0 0 0 0 0 0 0 0 0 0 0 0 0 0 0 0 0 0 0 0 0 0 0 0 0 0 0 0 0 0 0 0 0 0 0 0 0 0 0 0 0 0 0 0 0 0 0 0 0 0 0 0 0 0 129 1 0 0 193 226 1 0 1 0 0 0 0 0 0 0 0 0 0 0 2 0 0 0 0 0 10 0 2 0 0 0 64 0 0 0 255 255 255 255 2 0 0 0 0 0 0 0 data 8 0x2 0x3c5c 0x70005 0x0 0x2460a780 0x3c5d 0x0 0x0 oops 1 4 sun/security/jca/ProviderList
ciMethodData sun/security/ssl/SSLSocketImpl checkSequenceNumber (Lsun/security/ssl/Authenticator;B)V 2 5380 orig 264 168 227 70 106 0 0 0 0 88 23 186 35 0 0 0 0 120 5 0 0 192 3 0 0 0 0 0 0 0 0 0 0 0 0 0 0 0 0 0 0 0 0 0 0 0 0 0 0 0 0 0 0 0 0 0 0 0 0 0 0 0 0 0 0 0 0 0 0 0 0 0 0 0 0 0 0 0 0 0 0 77 68 79 32 101 120 116 114 97 32 100 97 116 97 32 108 111 99 107 0 0 0 0 0 0 0 0 0 0 0 0 0 0 0 0 0 0 0 0 0 0 0 0 0 0 0 0 0 0 0 0 0 0 0 0 0 0 0 0 0 0 0 0 0 0 0 0 0 0 0 0 0 0 0 0 0 0 0 0 0 0 0 0 0 0 0 0 0 0 0 0 0 0 0 0 0 0 0 0 0 0 0 0 0 0 0 0 0 0 0 0 0 0 0 0 0 0 0 0 0 0 0 0 0 0 0 0 0 0 0 0 0 0 0 0 0 1 1 0 0 25 160 0 0 1 0 0 0 0 0 0 0 0 0 0 0 2 0 0 0 0 0 28 0 2 0 0 0 32 4 0 0 255 255 255 255 7 0 5 0 0 0 0 0 data 132 0x50007 0x0 0x40 0x1402 0xc0007 0xff4 0x20 0x40e 0x110005 0x0 0x1f9aab50 0xff3 0x0 0x0 0x140007 0xff3 0x1b0 0x0 0x1a0007 0x0 0x160 0x0 0x1f0002 0x0 0x220007 0x0 0x130 0x0 0x2c0002 0x0 0x2f0002 0x0 0x320005 0x0 0x0 0x0 0x0 0x0 0x350005 0x0 0x0 0x0 0x0 0x0 0x3a0005 0x0 0x0 0x0 0x0 0x0 0x3d0005 0x0 0x0 0x0 0x0 0x0 0x400005 0x0 0x0 0x0 0x0 0x0 0x480005 0x0 0x0 0x0 0x0 0x0 0x4e0007 0x2b2 0x200 0xd40 0x520005 0x0 0x1f9aab50 0xd40 0x0 0x0 0x550007 0xd3e 0x1b0 0x0 0x5b0007 0x0 0x160 0x0 0x600002 0x0 0x630007 0x0 0x130 0x0 0x6d0002 0x0 0x700002 0x0 0x730005 0x0 0x0 0x0 0x0 0x0 0x760005 0x0 0x0 0x0 0x0 0x0 0x7b0005 0x0 0x0 0x0 0x0 0x0 0x7e0005 0x0 0x0 0x0 0x0 0x0 0x810005 0x0 0x0 0x0 0x0 0x0 0x850005 0x0 0x0 0x0 0x0 0x0 oops 2 10 sun/security/ssl/MAC 74 sun/security/ssl/MAC
ciMethodData sun/security/ssl/Authenticator seqNumOverflow ()Z 2 4270 orig 264 168 227 70 106 0 0 0 0 176 171 205 36 0 0 0 0 56 2 0 0 0 0 0 0 0 0 0 0 0 0 0 0 0 0 0 0 0 0 0 0 0 0 0 0 0 0 0 0 0 0 0 0 0 0 0 0 0 0 0 0 0 0 0 0 0 0 0 0 0 0 0 0 0 0 0 0 0 0 0 0 77 68 79 32 101 120 116 114 97 32 100 97 116 97 32 108 111 99 107 0 0 0 0 0 0 0 0 0 0 0 0 0 0 0 0 0 0 0 0 0 0 0 0 0 0 0 0 0 0 0 0 0 0 0 0 0 0 0 0 0 0 0 0 0 0 0 0 0 0 0 0 0 0 0 0 0 0 0 0 0 0 0 0 0 0 0 0 0 0 0 0 0 0 0 0 0 0 0 0 0 0 0 0 0 0 0 0 0 0 0 0 0 0 0 0 0 0 0 0 0 0 0 0 0 0 0 0 0 0 0 0 0 0 0 0 0 184 0 0 0 177 127 0 0 1 0 0 0 0 0 0 0 0 0 0 0 2 0 0 0 0 0 21 0 2 0 0 0 24 1 0 0 255 255 255 255 7 0 5 0 0 0 0 0 data 35 0x50007 0x0 0x118 0xff5 0xf0007 0xff5 0xf8 0x0 0x190007 0x0 0xd8 0x0 0x230007 0x0 0xb8 0x0 0x2d0007 0x0 0x98 0x0 0x370007 0x0 0x78 0x0 0x410007 0x0 0x58 0x0 0x4c0007 0x0 0x38 0x0 0x500003 0x0 0x18 oops 0
ciMethodData sun/security/ssl/Authenticator seqNumIsHuge ()Z 2 3534 orig 264 168 227 70 106 0 0 0 0 96 172 205 36 0 0 0 0 152 1 0 0 0 0 0 0 0 0 0 0 0 0 0 0 0 0 0 0 0 0 0 0 0 0 0 0 0 0 0 0 0 0 0 0 0 0 0 0 0 0 0 0 0 0 0 0 0 0 0 0 0 0 0 0 0 0 0 0 0 0 0 0 77 68 79 32 101 120 116 114 97 32 100 97 116 97 32 108 111 99 107 0 0 0 0 0 0 0 0 0 0 0 0 0 0 0 0 0 0 0 0 0 0 0 0 0 0 0 0 0 0 0 0 0 0 0 0 0 0 0 0 0 0 0 0 0 0 0 0 0 0 0 0 0 0 0 0 0 0 0 0 0 0 0 0 0 0 0 0 0 0 0 0 0 0 0 0 0 0 0 0 0 0 0 0 0 0 0 0 0 0 0 0 0 0 0 0 0 0 0 0 0 0 0 0 0 0 0 0 0 0 0 0 0 0 0 0 0 141 0 0 0 9 106 0 0 1 0 0 0 0 0 0 0 0 0 0 0 2 0 0 0 0 0 0 0 0 0 0 0 120 0 0 0 255 255 255 255 7 0 5 0 0 0 0 0 data 15 0x50007 0x0 0x78 0xd40 0xf0007 0xd40 0x58 0x0 0x190007 0x0 0x38 0x0 0x1d0003 0x0 0x18 oops 0
ciMethodData javax/crypto/spec/SecretKeySpec getEncoded ()[B 2 5376 orig 264 168 227 70 106 0 0 0 0 200 60 184 35 0 0 0 0 168 1 0 0 0 0 0 0 0 0 0 0 0 0 0 0 0 0 0 0 0 0 0 0 0 0 0 0 0 0 0 0 0 0 0 0 0 0 0 0 0 0 0 0 0 0 0 0 0 0 0 0 0 0 0 0 0 0 0 0 0 0 0 0 77 68 79 32 101 120 116 114 97 32 100 97 116 97 32 108 111 99 107 0 0 0 0 0 0 0 0 0 0 0 0 0 0 0 0 0 0 0 0 0 0 0 0 0 0 0 0 0 0 0 0 0 0 0 0 0 0 0 0 0 0 0 0 0 0 0 0 0 0 0 0 0 0 0 0 0 0 0 0 0 0 0 0 0 0 0 0 0 0 0 0 0 0 0 0 0 0 0 0 0 0 0 0 0 0 0 0 0 0 0 0 0 0 0 0 0 0 0 0 0 0 0 0 0 0 0 0 0 0 0 0 0 0 0 0 0 0 1 0 0 1 160 0 0 1 0 0 0 0 0 0 0 0 0 0 0 2 0 0 0 0 0 3 0 2 0 0 0 96 0 0 0 255 255 255 255 5 0 4 0 0 0 0 0 data 12 0x40005 0x0 0x1dd531d0 0x13fe 0x0 0x0 0x70004 0x0 0x1dd531d0 0x13eb 0x0 0x0 oops 2 2 [B 8 [B
ciMethodData sun/security/ssl/InputRecord readFully (Ljava/io/InputStream;[BII)I 2 5616 orig 264 168 227 70 106 0 0 0 0 216 228 205 36 0 0 0 0 168 3 0 0 32 0 0 0 0 0 0 0 0 0 0 0 0 0 0 0 0 0 0 0 0 0 0 0 0 0 0 0 0 0 0 0 0 0 0 0 0 0 0 0 0 0 0 0 0 0 0 0 0 0 0 0 0 0 0 0 0 0 0 0 77 68 79 32 101 120 116 114 97 32 100 97 116 97 32 108 111 99 107 0 0 0 0 0 0 0 0 0 0 0 0 0 0 0 0 0 0 0 0 0 0 0 0 0 0 0 0 0 0 0 0 0 0 0 0 0 0 0 0 0 0 0 0 0 0 0 0 0 0 0 0 0 0 0 0 0 0 0 0 0 0 0 0 0 0 0 0 0 0 0 0 0 0 0 0 0 0 0 0 0 0 0 0 0 0 0 0 0 0 0 0 0 0 0 0 0 0 0 0 0 0 0 0 0 0 0 0 0 0 0 0 0 0 0 0 0 131 1 0 0 9 160 0 0 105 163 0 0 0 0 0 0 0 0 0 0 2 0 0 0 1 0 9 0 2 0 0 0 64 2 0 0 255 255 255 255 7 0 7 0 0 0 0 0 data 72 0x70007 0x1407 0x240 0x145b 0x150005 0x0 0x1f557420 0x145c 0x0 0x0 0x1c0007 0x1461 0x20 0x0 0x250007 0x1461 0x1b8 0x0 0x2a0002 0x0 0x2d0007 0x0 0x188 0x0 0x340002 0x0 0x400002 0x0 0x4c0002 0x0 0x510005 0x0 0x0 0x0 0x0 0x0 0x560005 0x0 0x0 0x0 0x0 0x0 0x590005 0x0 0x0 0x0 0x0 0x0 0x5c0005 0x0 0x0 0x0 0x0 0x0 0x5f0005 0x0 0x0 0x0 0x0 0x0 0x690005 0x0 0x0 0x0 0x0 0x0 0x6c0003 0x0 0x18 0x830003 0x1461 0xfffffffffffffdd8 oops 1 6 java/net/SocketInputStream
ciMethodData sun/security/ssl/InputRecord setAppDataValid (Z)V 2 17502 orig 264 168 227 70 106 0 0 0 0 240 216 205 36 0 0 0 0 40 1 0 0 0 0 0 0 0 0 0 0 0 0 0 0 0 0 0 0 0 0 0 0 0 0 0 0 0 0 0 0 0 0 0 0 0 0 0 0 0 0 0 0 0 0 0 0 0 0 0 0 0 0 0 0 0 0 0 0 0 0 0 0 77 68 79 32 101 120 116 114 97 32 100 97 116 97 32 108 111 99 107 0 0 0 0 0 0 0 0 0 0 0 0 0 0 0 0 0 0 0 0 0 0 0 0 0 0 0 0 0 0 0 0 0 0 0 0 0 0 0 0 0 0 0 0 0 0 0 0 0 0 0 0 0 0 0 0 0 0 0 0 0 0 0 0 0 0 0 0 0 0 0 0 0 0 0 0 0 0 0 0 0 0 0 0 0 0 0 0 0 0 0 0 0 0 0 0 0 0 0 0 0 0 0 0 0 0 0 0 0 0 0 0 0 0 0 0 0 0 1 0 0 241 26 2 0 1 0 0 0 0 0 0 0 0 0 0 0 2 0 0 0 0 0 3 0 1 0 0 0 0 0 0 0 255 255 255 255 0 0 0 0 0 0 0 0 data 0 oops 0
ciMethodData sun/security/ssl/InputRecord read (Ljava/io/InputStream;Ljava/io/OutputStream;)V 2 5378 orig 264 168 227 70 106 0 0 0 0 0 230 205 36 0 0 0 0 120 2 0 0 64 0 0 0 0 0 0 0 0 0 0 0 0 0 0 0 0 0 0 0 0 0 0 0 0 0 0 0 0 0 0 0 0 0 0 0 0 0 0 0 0 0 0 0 0 0 0 0 0 0 0 0 0 0 0 0 0 0 0 0 77 68 79 32 101 120 116 114 97 32 100 97 116 97 32 108 111 99 107 0 0 0 0 0 0 0 0 0 0 0 0 0 0 0 0 0 0 0 0 0 0 0 0 0 0 0 0 0 0 0 0 0 0 0 0 0 0 0 0 0 0 0 0 0 0 0 0 0 0 0 0 0 0 0 0 0 0 0 0 0 0 0 0 0 0 0 0 0 0 0 0 0 0 0 0 0 0 0 0 0 0 0 0 0 0 0 0 0 0 0 0 0 0 0 0 0 0 0 0 0 0 0 0 0 0 0 0 0 0 0 0 0 0 0 0 0 0 1 0 0 17 160 0 0 1 0 0 0 0 0 0 0 0 0 0 0 2 0 0 0 0 0 18 0 2 0 0 0 64 1 0 0 255 255 255 255 7 0 4 0 0 0 0 0 data 40 0x40007 0x1403 0x20 0x0 0xd0007 0x0 0x60 0x1405 0x200002 0x1405 0x250007 0x1406 0x30 0x0 0x2e0002 0x0 0x480007 0x1182 0xb0 0x281 0x580007 0x281 0x68 0x0 0x630007 0x0 0x48 0x0 0x690002 0x0 0x6c0003 0x0 0x50 0x720002 0x281 0x750003 0x281 0x28 0x7b0002 0x1184 oops 0
ciMethodData javax/crypto/Cipher init (ILjava/security/Key;Ljava/security/spec/AlgorithmParameterSpec;Ljava/security/SecureRandom;)V 2 3403 orig 264 168 227 70 106 0 0 0 0 128 108 242 27 0 0 0 0 16 4 0 0 136 0 0 0 0 0 0 0 0 0 0 0 0 0 0 0 0 0 0 0 0 0 0 0 0 0 0 0 0 0 0 0 0 0 0 0 0 0 0 0 0 0 0 0 0 0 0 0 0 0 0 0 0 0 0 0 0 0 0 0 77 68 79 32 101 120 116 114 97 32 100 97 116 97 32 108 111 99 107 0 0 0 0 0 0 0 0 0 0 0 0 0 0 0 0 0 0 0 0 0 0 0 0 0 0 0 0 0 0 0 0 0 0 0 0 0 0 0 0 0 0 0 0 0 0 0 0 0 0 0 0 0 0 0 0 0 0 0 0 0 0 0 0 0 0 0 0 0 0 0 0 0 0 0 0 0 0 0 0 0 0 0 0 0 0 0 0 0 0 0 0 0 0 0 0 0 0 0 0 0 0 0 0 0 0 0 0 0 0 0 0 0 0 0 0 0 69 0 0 0 49 104 0 0 1 0 0 0 0 0 0 0 0 0 0 0 2 0 0 0 0 0 14 0 2 0 0 0 168 2 0 0 255 255 255 255 2 0 6 0 0 0 0 0 data 85 0x60002 0xd06 0xd0007 0xd06 0x78 0x0 0x170002 0x0 0x230005 0x0 0x0 0x0 0x0 0x0 0x260003 0x0 0x28 0x310002 0xd06 0x410007 0x0 0x210 0xced 0x470007 0xced 0x1f0 0x0 0x510002 0x0 0x560005 0x0 0x0 0x0 0x0 0x0 0x5d0005 0x0 0x0 0x0 0x0 0x0 0x620005 0x0 0x0 0x0 0x0 0x0 0x660002 0x0 0x690005 0x0 0x0 0x0 0x0 0x0 0x6e0005 0x0 0x0 0x0 0x0 0x0 0x750005 0x0 0x0 0x0 0x0 0x0 0x780005 0x0 0x0 0x0 0x0 0x0 0x7b0005 0x0 0x0 0x0 0x0 0x0 0x7e0005 0x0 0x0 0x0 0x0 0x0 oops 0
ciMethodData javax/crypto/Cipher checkCipherState ()V 2 5506 orig 264 168 227 70 106 0 0 0 0 120 113 242 27 0 0 0 0 24 2 0 0 112 0 0 0 0 0 0 0 0 0 0 0 0 0 0 0 0 0 0 0 0 0 0 0 0 0 0 0 0 0 0 0 0 0 0 0 0 0 0 0 0 0 0 0 0 0 0 0 0 0 0 0 0 0 0 0 0 0 0 0 77 68 79 32 101 120 116 114 97 32 100 97 116 97 32 108 111 99 107 0 0 0 0 0 0 0 0 0 0 0 0 0 0 0 0 0 0 0 0 0 0 0 0 0 0 0 0 0 0 0 0 0 0 0 0 0 0 0 0 0 0 0 0 0 0 0 0 0 0 0 0 0 0 0 0 0 0 0 0 0 0 0 0 0 0 0 0 0 0 0 0 0 0 0 0 0 0 0 0 0 0 0 0 0 0 0 0 0 0 0 0 0 0 0 0 0 0 0 0 0 0 0 0 0 0 0 0 0 0 0 0 0 0 0 0 0 128 1 0 0 17 160 0 0 1 0 0 0 0 0 0 0 0 0 0 0 2 0 0 0 0 0 12 0 2 0 0 0 208 0 0 0 255 255 255 255 4 0 1 0 0 0 0 0 data 26 0x10004 0xffffffffffffebff 0x0 0x0 0x0 0x0 0x40007 0x0 0xa0 0x13ff 0xb0007 0x13ff 0x30 0x0 0x140002 0x0 0x1d0007 0xe27 0x50 0x5d9 0x250007 0x5d9 0x30 0x0 0x2e0002 0x0 oops 0
ciMethodData sun/security/ssl/SSLSocketImpl initHandshaker ()V 2 5379 orig 264 168 227 70 106 0 0 0 0 48 26 186 35 0 0 0 0 32 4 0 0 192 1 0 0 0 0 0 0 0 0 0 0 0 0 0 0 0 0 0 0 0 0 0 0 0 0 0 0 0 0 0 0 0 0 0 0 0 0 0 0 0 0 0 0 0 0 0 0 0 0 0 0 0 0 0 0 0 0 0 0 77 68 79 32 101 120 116 114 97 32 100 97 116 97 32 108 111 99 107 0 0 0 0 0 0 0 0 0 0 0 0 0 0 0 0 0 0 0 0 0 0 0 0 0 0 0 0 0 0 0 0 0 0 0 0 0 0 0 0 0 0 0 0 0 0 0 0 0 0 0 0 0 0 0 0 0 0 0 0 0 0 0 0 0 0 0 0 0 0 0 0 0 0 0 0 0 0 0 0 0 0 0 0 0 0 0 0 0 0 0 0 0 0 0 0 0 0 0 0 0 0 0 0 0 0 0 0 0 0 0 0 0 0 0 0 0 2 1 0 0 9 160 0 0 1 0 0 0 0 0 0 0 0 0 0 0 2 0 0 0 0 0 21 0 2 0 0 0 216 2 0 0 255 255 255 255 8 0 4 0 0 0 0 0 data 91 0x40008 0xa 0x0 0x78 0x0 0x60 0x3 0x78 0x0 0x60 0x0 0x78 0x240003 0x34d 0x28 0x2e0002 0x0 0x360007 0x0 0x38 0x34c 0x3e0003 0x350 0x18 0x4a0007 0x34e 0xe0 0x0 0x680007 0x0 0x38 0x0 0x6c0003 0x0 0x18 0x7c0002 0x0 0x8a0005 0x0 0x0 0x0 0x0 0x0 0x950005 0x0 0x0 0x0 0x0 0x0 0x980003 0x0 0x90 0xb20007 0x0 0x38 0x34c 0xb60003 0x34c 0x18 0xc60002 0x34c 0xd40005 0x0 0x23e01550 0x346 0x0 0x0 0xdf0005 0x0 0x23e01550 0x343 0x0 0x0 0xea0005 0x0 0x23e01550 0x342 0x0 0x0 0xf50005 0x0 0x23e01550 0x33e 0x0 0x0 0x1000005 0x0 0x23e01550 0x33e 0x0 0x0 oops 5 63 sun/security/ssl/ClientHandshaker 69 sun/security/ssl/ClientHandshaker 75 sun/security/ssl/ClientHandshaker 81 sun/security/ssl/ClientHandshaker 87 sun/security/ssl/ClientHandshaker
ciMethodData sun/security/ssl/ClientHandshaker <init> (Lsun/security/ssl/SSLSocketImpl;Lsun/security/ssl/SSLContextImpl;Lsun/security/ssl/ProtocolList;Lsun/security/ssl/ProtocolVersion;ZZ[B[B)V 1 895 orig 264 168 227 70 106 0 0 0 0 8 97 206 36 0 0 0 0 168 1 0 0 0 0 0 0 0 0 0 0 0 0 0 0 0 0 0 0 0 0 0 0 0 0 0 0 0 0 0 0 0 0 0 0 0 0 0 0 0 0 0 0 0 0 0 0 0 0 0 0 0 0 0 0 0 0 0 0 0 0 0 0 77 68 79 32 101 120 116 114 97 32 100 97 116 97 32 108 111 99 107 0 0 0 0 0 0 0 0 0 0 0 0 0 0 0 0 0 0 0 0 0 0 0 0 0 0 0 0 0 0 0 0 0 0 0 0 0 0 0 0 0 0 0 0 0 0 0 0 0 0 0 0 0 0 0 0 0 0 0 0 0 0 0 0 0 0 0 0 0 0 0 0 0 0 0 0 0 0 0 0 0 0 0 0 0 0 0 0 0 0 0 0 0 0 0 0 0 0 0 0 0 0 0 0 0 0 0 0 0 0 0 0 0 0 0 0 0 50 0 0 0 105 26 0 0 1 0 0 0 0 0 0 0 0 0 0 0 2 0 0 0 0 0 3 0 2 0 0 0 32 0 0 0 255 255 255 255 2 0 16 0 0 0 0 0 data 4 0x100002 0x349 0x190002 0x346 oops 0
ciMethodData sun/security/ssl/Handshaker setSNIServerNames (Ljava/util/List;)V 1 886 orig 264 168 227 70 106 0 0 0 0 160 200 206 36 0 0 0 0 40 1 0 0 0 0 0 0 0 0 0 0 0 0 0 0 0 0 0 0 0 0 0 0 0 0 0 0 0 0 0 0 0 0 0 0 0 0 0 0 0 0 0 0 0 0 0 0 0 0 0 0 0 0 0 0 0 0 0 0 0 0 0 0 77 68 79 32 101 120 116 114 97 32 100 97 116 97 32 108 111 99 107 0 0 0 0 0 0 0 0 0 0 0 0 0 0 0 0 0 0 0 0 0 0 0 0 0 0 0 0 0 0 0 0 0 0 0 0 0 0 0 0 0 0 0 0 0 0 0 0 0 0 0 0 0 0 0 0 0 0 0 0 0 0 0 0 0 0 0 0 0 0 0 0 0 0 0 0 0 0 0 0 0 0 0 0 0 0 0 0 0 0 0 0 0 0 0 0 0 0 0 0 0 0 0 0 0 0 0 0 0 0 0 0 0 0 0 0 0 47 0 0 0 57 26 0 0 1 0 0 0 0 0 0 0 0 0 0 0 2 0 0 0 0 0 0 0 0 0 0 0 0 0 0 0 255 255 255 255 0 0 0 0 0 0 0 0 data 0 oops 0
ciMethodData sun/security/ssl/Handshaker setEnabledCipherSuites (Lsun/security/ssl/CipherSuiteList;)V 2 1707 orig 264 168 227 70 106 0 0 0 0 216 196 206 36 0 0 0 0 40 1 0 0 0 0 0 0 0 0 0 0 0 0 0 0 0 0 0 0 0 0 0 0 0 0 0 0 0 0 0 0 0 0 0 0 0 0 0 0 0 0 0 0 0 0 0 0 0 0 0 0 0 0 0 0 0 0 0 0 0 0 0 0 77 68 79 32 101 120 116 114 97 32 100 97 116 97 32 108 111 99 107 0 0 0 0 0 0 0 0 0 0 0 0 0 0 0 0 0 0 0 0 0 0 0 0 0 0 0 0 0 0 0 0 0 0 0 0 0 0 0 0 0 0 0 0 0 0 0 0 0 0 0 0 0 0 0 0 0 0 0 0 0 0 0 0 0 0 0 0 0 0 0 0 0 0 0 0 0 0 0 0 0 0 0 0 0 0 0 0 0 0 0 0 0 0 0 0 0 0 0 0 0 0 0 0 0 0 0 0 0 0 0 0 0 0 0 0 0 99 0 0 0 65 50 0 0 1 0 0 0 0 0 0 0 0 0 0 0 2 0 0 0 0 0 0 0 0 0 0 0 0 0 0 0 255 255 255 255 0 0 0 0 0 0 0 0 data 0 oops 0
ciMethodData sun/security/ssl/Handshaker setEnableSessionCreation (Z)V 1 879 orig 264 168 227 70 106 0 0 0 0 72 215 206 36 0 0 0 0 40 1 0 0 0 0 0 0 0 0 0 0 0 0 0 0 0 0 0 0 0 0 0 0 0 0 0 0 0 0 0 0 0 0 0 0 0 0 0 0 0 0 0 0 0 0 0 0 0 0 0 0 0 0 0 0 0 0 0 0 0 0 0 0 77 68 79 32 101 120 116 114 97 32 100 97 116 97 32 108 111 99 107 0 0 0 0 0 0 0 0 0 0 0 0 0 0 0 0 0 0 0 0 0 0 0 0 0 0 0 0 0 0 0 0 0 0 0 0 0 0 0 0 0 0 0 0 0 0 0 0 0 0 0 0 0 0 0 0 0 0 0 0 0 0 0 0 0 0 0 0 0 0 0 0 0 0 0 0 0 0 0 0 0 0 0 0 0 0 0 0 0 0 0 0 0 0 0 0 0 0 0 0 0 0 0 0 0 0 0 0 0 0 0 0 0 0 0 0 0 48 0 0 0 249 25 0 0 1 0 0 0 0 0 0 0 0 0 0 0 2 0 0 0 0 0 0 0 0 0 0 0 0 0 0 0 255 255 255 255 0 0 0 0 0 0 0 0 data 0 oops 0
ciMethodData sun/security/ssl/Handshaker setApplicationProtocols ([Ljava/lang/String;)V 1 879 orig 264 168 227 70 106 0 0 0 0 208 201 206 36 0 0 0 0 40 1 0 0 0 0 0 0 0 0 0 0 0 0 0 0 0 0 0 0 0 0 0 0 0 0 0 0 0 0 0 0 0 0 0 0 0 0 0 0 0 0 0 0 0 0 0 0 0 0 0 0 0 0 0 0 0 0 0 0 0 0 0 0 77 68 79 32 101 120 116 114 97 32 100 97 116 97 32 108 111 99 107 0 0 0 0 0 0 0 0 0 0 0 0 0 0 0 0 0 0 0 0 0 0 0 0 0 0 0 0 0 0 0 0 0 0 0 0 0 0 0 0 0 0 0 0 0 0 0 0 0 0 0 0 0 0 0 0 0 0 0 0 0 0 0 0 0 0 0 0 0 0 0 0 0 0 0 0 0 0 0 0 0 0 0 0 0 0 0 0 0 0 0 0 0 0 0 0 0 0 0 0 0 0 0 0 0 0 0 0 0 0 0 0 0 0 0 0 0 49 0 0 0 241 25 0 0 1 0 0 0 0 0 0 0 0 0 0 0 2 0 0 0 0 0 0 0 0 0 0 0 0 0 0 0 255 255 255 255 0 0 0 0 0 0 0 0 data 0 oops 0
ciMethodData sun/security/ssl/Handshaker setApplicationProtocolSelectorSSLSocket (Ljava/util/function/BiFunction;)V 1 881 orig 264 168 227 70 106 0 0 0 0 152 203 206 36 0 0 0 0 40 1 0 0 0 0 0 0 0 0 0 0 0 0 0 0 0 0 0 0 0 0 0 0 0 0 0 0 0 0 0 0 0 0 0 0 0 0 0 0 0 0 0 0 0 0 0 0 0 0 0 0 0 0 0 0 0 0 0 0 0 0 0 0 77 68 79 32 101 120 116 114 97 32 100 97 116 97 32 108 111 99 107 0 0 0 0 0 0 0 0 0 0 0 0 0 0 0 0 0 0 0 0 0 0 0 0 0 0 0 0 0 0 0 0 0 0 0 0 0 0 0 0 0 0 0 0 0 0 0 0 0 0 0 0 0 0 0 0 0 0 0 0 0 0 0 0 0 0 0 0 0 0 0 0 0 0 0 0 0 0 0 0 0 0 0 0 0 0 0 0 0 0 0 0 0 0 0 0 0 0 0 0 0 0 0 0 0 0 0 0 0 0 0 0 0 0 0 0 0 48 0 0 0 9 26 0 0 1 0 0 0 0 0 0 0 0 0 0 0 2 0 0 0 0 0 0 0 0 0 0 0 0 0 0 0 255 255 255 255 0 0 0 0 0 0 0 0 data 0 oops 0
ciMethodData sun/security/ssl/HandshakeStateManager isEmpty ()Z 2 8482 orig 264 168 227 70 106 0 0 0 0 176 113 207 36 0 0 0 0 120 1 0 0 0 0 0 0 0 0 0 0 0 0 0 0 0 0 0 0 0 0 0 0 0 0 0 0 0 0 0 0 0 0 0 0 0 0 0 0 0 0 0 0 0 0 0 0 0 0 0 0 0 0 0 0 0 0 0 0 0 0 0 0 77 68 79 32 101 120 116 114 97 32 100 97 116 97 32 108 111 99 107 0 0 0 0 0 0 0 0 0 0 0 0 0 0 0 0 0 0 0 0 0 0 0 0 0 0 0 0 0 0 0 0 0 0 0 0 0 0 0 0 0 0 0 0 0 0 0 0 0 0 0 0 0 0 0 0 0 0 0 0 0 0 0 0 0 0 0 0 0 0 0 0 0 0 0 0 0 0 0 0 0 0 0 0 0 0 0 0 0 0 0 0 0 0 0 0 0 0 0 0 0 0 0 0 0 0 0 0 0 0 0 0 0 0 0 0 0 0 1 0 0 17 1 1 0 1 0 0 0 0 0 0 0 0 0 0 0 2 0 0 0 0 0 7 0 2 0 0 0 48 0 0 0 255 255 255 255 5 0 4 0 0 0 0 0 data 6 0x40005 0x0 0x1ff56370 0x2022 0x0 0x0 oops 1 2 java/util/LinkedList
ciMethod javax/net/ssl/SSLProtocolException <init> (Ljava/lang/String;)V 0 0 1 0 -1
ciMethodData javax/crypto/Mac init (Ljava/security/Key;)V 2 5291 orig 264 168 227 70 106 0 0 0 0 120 103 183 35 0 0 0 0 144 3 0 0 144 0 0 0 0 0 0 0 0 0 0 0 0 0 0 0 0 0 0 0 0 0 0 0 0 0 0 0 0 0 0 0 0 0 0 0 0 0 0 0 0 0 0 0 0 0 0 0 0 0 0 0 0 0 0 0 0 0 0 0 77 68 79 32 101 120 116 114 97 32 100 97 116 97 32 108 111 99 107 0 0 0 0 0 0 0 0 0 0 0 0 0 0 0 0 0 0 0 0 0 0 0 0 0 0 0 0 0 0 0 0 0 0 0 0 0 0 0 0 0 0 0 0 0 0 0 0 0 0 0 0 0 0 0 0 0 0 0 0 0 0 0 0 0 0 0 0 0 0 0 0 0 0 0 0 0 0 0 0 0 0 0 0 0 0 0 0 0 0 0 0 0 0 0 0 0 0 0 0 0 0 0 0 0 0 0 0 0 0 0 0 0 0 0 0 0 0 1 0 0 89 157 0 0 1 0 0 0 0 0 0 0 0 0 0 0 2 0 0 0 0 0 10 0 2 0 0 0 64 2 0 0 255 255 255 255 7 0 4 0 0 0 0 0 data 72 0x40007 0xcc8 0x68 0x6e2 0xd0005 0x0 0x1f32cba0 0x6e2 0x0 0x0 0x100003 0x6e2 0x28 0x160002 0xcc8 0x190003 0x1389 0x28 0x240002 0x0 0x300007 0x0 0x1a0 0x1388 0x360007 0x1389 0x180 0x0 0x400002 0x0 0x450005 0x0 0x0 0x0 0x0 0x0 0x4c0005 0x0 0x0 0x0 0x0 0x0 0x510005 0x0 0x0 0x0 0x0 0x0 0x580005 0x0 0x0 0x0 0x0 0x0 0x5b0005 0x0 0x0 0x0 0x0 0x0 0x5e0005 0x0 0x0 0x0 0x0 0x0 0x610005 0x0 0x0 0x0 0x0 0x0 oops 1 6 com/sun/crypto/provider/HmacCore$HmacSHA256
ciMethodData javax/crypto/Mac chooseProvider (Ljava/security/Key;Ljava/security/spec/AlgorithmParameterSpec;)V 2 3442 orig 264 168 227 70 106 0 0 0 0 48 101 183 35 0 0 0 0 80 7 0 0 48 5 0 0 0 0 0 0 0 0 0 0 0 0 0 0 0 0 0 0 0 0 0 0 0 0 0 0 0 0 0 0 0 0 0 0 0 0 0 0 0 0 0 0 0 0 0 0 0 0 0 0 0 0 0 0 0 0 0 0 77 68 79 32 101 120 116 114 97 32 100 97 116 97 32 108 111 99 107 0 0 0 0 0 0 0 0 0 0 0 0 0 0 0 0 0 0 0 0 0 0 0 0 0 0 0 0 0 0 0 0 0 0 0 0 0 0 0 0 0 0 0 0 0 0 0 0 0 0 0 0 0 0 0 0 0 0 0 0 0 0 0 0 0 0 0 0 0 0 0 0 0 0 0 0 0 0 0 0 0 0 0 0 0 0 0 0 0 0 0 0 0 0 0 0 0 0 0 0 0 0 0 0 0 0 0 0 0 0 0 0 0 0 0 0 0 169 0 0 0 73 102 0 0 1 0 0 0 0 0 0 0 0 0 0 0 2 0 0 0 1 0 45 0 2 0 0 0 248 5 0 0 255 255 255 255 7 0 11 0 0 0 0 0 data 191 0xb0007 0xcc7 0x50 0x0 0x140005 0x0 0x0 0x0 0x0 0x0 0x210007 0xcc2 0x70 0x0 0x280005 0x0 0x0 0x0 0x0 0x0 0x2d0007 0x0 0x290 0x0 0x340007 0x0 0x38 0xcbe 0x420003 0xcba 0x78 0x490005 0x0 0x0 0x0 0x0 0x0 0x4e0004 0x0 0x0 0x0 0x0 0x0 0x560005 0x0 0x1e7ab2e0 0xcb9 0x0 0x0 0x590007 0xcb1 0x38 0x0 0x5c0003 0x0 0xfffffffffffffea8 0x610005 0x81 0x1e7ab2e0 0xc31 0x0 0x0 0x640002 0xcb2 0x670007 0xcc7 0x38 0x0 0x6a0003 0x0 0xfffffffffffffe30 0x700005 0x0 0x1e7ab2e0 0xcc7 0x0 0x0 0x730004 0x0 0x23ffd7d0 0xca9 0x0 0x0 0x7c0005 0x0 0x23ffd7d0 0xca9 0x0 0x0 0x820005 0x81 0x1e7ab2e0 0xc29 0x0 0x0 0x9f0007 0x0 0x20 0x0 0xa60003 0x0 0xfffffffffffffd38 0xab0004 0x0 0x0 0x0 0x0 0x0 0xae0007 0x0 0x50 0x0 0xb30004 0x0 0x0 0x0 0x0 0x0 0xb90004 0x0 0x0 0x0 0x0 0x0 0xbc0007 0x0 0x50 0x0 0xc10004 0x0 0x0 0x0 0x0 0x0 0xc70004 0x0 0x0 0x0 0x0 0x0 0xca0007 0x0 0x50 0x0 0xcf0004 0x0 0x0 0x0 0x0 0x0 0xd40007 0x0 0x98 0x0 0xd80005 0x0 0x0 0x0 0x0 0x0 0xdb0005 0x0 0x0 0x0 0x0 0x0 0xde0003 0x0 0x18 0xed0002 0x0 0xf20005 0x0 0x0 0x0 0x0 0x0 0xf70005 0x0 0x0 0x0 0x0 0x0 0xfa0005 0x0 0x0 0x0 0x0 0x0 0xff0002 0x0 oops 6 45 java/security/Provider$Service 58 java/security/Provider$Service 73 java/security/Provider$Service 79 com/sun/crypto/provider/HmacSHA1 85 com/sun/crypto/provider/HmacSHA1 91 java/security/Provider$Service
ciMethodData sun/security/ssl/Handshaker isDone ()Z 2 8485 orig 264 168 227 70 106 0 0 0 0 232 219 206 36 0 0 0 0 32 2 0 0 0 0 0 0 0 0 0 0 0 0 0 0 0 0 0 0 0 0 0 0 0 0 0 0 0 0 0 0 0 0 0 0 0 0 0 0 0 0 0 0 0 0 0 0 0 0 0 0 0 0 0 0 0 0 0 0 0 0 0 0 77 68 79 32 101 120 116 114 97 32 100 97 116 97 32 108 111 99 107 0 0 0 0 0 0 0 0 0 0 0 0 0 0 0 0 0 0 0 0 0 0 0 0 0 0 0 0 0 0 0 0 0 0 0 0 0 0 0 0 0 0 0 0 0 0 0 0 0 0 0 0 0 0 0 0 0 0 0 0 0 0 0 0 0 0 0 0 0 0 0 0 0 0 0 0 0 0 0 0 0 0 0 0 0 0 0 0 0 0 0 0 0 0 0 0 0 0 0 0 0 0 0 0 0 0 0 0 0 0 0 0 0 0 0 0 0 128 1 0 0 41 253 0 0 1 0 0 0 0 0 0 0 0 0 0 0 2 0 0 0 0 0 23 0 2 0 0 0 216 0 0 0 255 255 255 255 5 0 1 0 0 0 0 0 data 27 0x10005 0x0 0x23e01550 0x1fa4 0x0 0x0 0x40007 0x0 0xa8 0x1f9e 0xb0005 0x0 0x23d1f260 0x1fa4 0x0 0x0 0xe0007 0x1958 0x58 0x646 0x150007 0x0 0x38 0x646 0x190003 0x649 0x18 oops 2 2 sun/security/ssl/ClientHandshaker 12 sun/security/ssl/HandshakeStateManager
ciMethodData sun/security/ssl/Handshaker started ()Z 2 8483 orig 264 168 227 70 106 0 0 0 0 48 226 206 36 0 0 0 0 120 1 0 0 32 0 0 0 0 0 0 0 0 0 0 0 0 0 0 0 0 0 0 0 0 0 0 0 0 0 0 0 0 0 0 0 0 0 0 0 0 0 0 0 0 0 0 0 0 0 0 0 0 0 0 0 0 0 0 0 0 0 0 0 77 68 79 32 101 120 116 114 97 32 100 97 116 97 32 108 111 99 107 0 0 0 0 0 0 0 0 0 0 0 0 0 0 0 0 0 0 0 0 0 0 0 0 0 0 0 0 0 0 0 0 0 0 0 0 0 0 0 0 0 0 0 0 0 0 0 0 0 0 0 0 0 0 0 0 0 0 0 0 0 0 0 0 0 0 0 0 0 0 0 0 0 0 0 0 0 0 0 0 0 0 0 0 0 0 0 0 0 0 0 0 0 0 0 0 0 0 0 0 0 0 0 0 0 0 0 0 0 0 0 0 0 0 0 0 0 128 1 0 0 25 253 0 0 1 0 0 0 0 0 0 0 0 0 0 0 2 0 0 0 0 0 9 0 2 0 0 0 88 0 0 0 255 255 255 255 7 0 4 0 0 0 0 0 data 11 0x40007 0x0 0x40 0x1fa0 0xb0007 0x0 0x38 0x1f9e 0xf0003 0x1f9e 0x18 oops 0
ciMethodData sun/security/ssl/SSLSocketImpl readRecord (Lsun/security/ssl/InputRecord;Z)V 2 8499 orig 264 168 227 70 106 0 0 0 0 48 22 186 35 0 0 0 0 232 17 0 0 160 0 0 0 0 0 0 0 0 0 0 0 0 0 0 0 0 0 0 0 0 0 0 0 0 0 0 0 0 0 0 0 0 0 0 0 0 0 0 0 0 0 0 0 0 0 0 0 0 0 0 0 0 0 0 0 0 0 0 0 77 68 79 32 101 120 116 114 97 32 100 97 116 97 32 108 111 99 107 0 0 0 0 0 0 0 0 0 0 0 0 0 0 0 0 0 0 0 0 0 0 0 0 0 0 0 0 0 0 0 0 0 0 0 0 0 0 0 0 0 0 0 0 0 0 0 0 0 0 0 0 0 0 0 0 0 0 0 0 0 0 0 0 0 0 0 0 0 0 0 0 0 0 0 0 0 0 0 0 0 0 0 0 0 0 0 0 0 0 0 0 0 0 0 0 0 0 0 0 0 0 0 0 0 0 0 0 0 0 0 0 0 0 0 0 0 134 1 0 0 1 160 0 0 105 253 0 0 0 0 0 0 0 0 0 0 2 0 0 0 1 0 128 0 2 0 0 0 136 16 0 0 255 255 255 255 2 0 9 0 0 0 0 0 data 529 0x90002 0x337c 0x100007 0x0 0x1048 0x338b 0x150007 0x0 0x1028 0x3392 0x1b0007 0x0 0x1008 0x338c 0x200005 0x0 0x23e00240 0x3390 0x0 0x0 0x2c0005 0x0 0x23e00240 0x3380 0x0 0x0 0x2f0003 0x337b 0x398 0x390005 0x0 0x0 0x0 0x0 0x0 0x3c0003 0x0 0x18 0x470002 0x0 0x4b0007 0x0 0x38 0x0 0x4f0003 0x0 0x18 0x580007 0x0 0x40 0x0 0x5d0007 0x0 0x38 0x0 0x610003 0x0 0x18 0x6a0007 0x0 0x1c8 0x0 0x6f0002 0x0 0x720007 0x0 0x198 0x0 0x7c0002 0x0 0x7f0002 0x0 0x820005 0x0 0x0 0x0 0x0 0x0 0x850005 0x0 0x0 0x0 0x0 0x0 0x8a0005 0x0 0x0 0x0 0x0 0x0 0x8f0007 0x0 0x38 0x0 0x940003 0x0 0x18 0x990005 0x0 0x0 0x0 0x0 0x0 0x9c0005 0x0 0x0 0x0 0x0 0x0 0x9f0005 0x0 0x0 0x0 0x0 0x0 0xa40007 0x0 0xa8 0x0 0xa90007 0x0 0x48 0x0 0xb20002 0x0 0xb70003 0x0 0x28 0xc00002 0x0 0xc90005 0x0 0x0 0x0 0x0 0x0 0xd20002 0x0 0xd50003 0x0 0xfffffffffffffbb0 0xe10005 0x0 0x23e00240 0x3379 0x0 0x0 0xe40003 0x335d 0xe0 0xea0005 0x0 0x0 0x0 0x0 0x0 0xef0007 0x0 0x38 0x0 0xf40003 0x0 0x18 0x1000005 0x0 0x0 0x0 0x0 0x0 0x1050005 0x0 0x0 0x0 0x0 0x0 0x10e0005 0x0 0x23e00240 0x3378 0x0 0x0 0x1110008 0xa 0x0 0x878 0x0 0x628 0x0 0x600 0x0 0x60 0x0 0x448 0x1310002 0x1f9c 0x1380005 0x0 0x23e01550 0x1f88 0x0 0x0 0x13b0007 0x1f92 0xb8 0x0 0x1430007 0x0 0x68 0x0 0x14e0005 0x0 0x0 0x0 0x0 0x0 0x1510003 0x0 0x48 0x1590005 0x0 0x0 0x0 0x0 0x0 0x1650005 0x0 0x23e01550 0x1f85 0x0 0x0 0x1740007 0x1f88 0x88 0x0 0x1810005 0x0 0x0 0x0 0x0 0x0 0x1890007 0x0 0x218 0x0 0x1910003 0x0 0x1f8 0x1980005 0x0 0x23e01550 0x1f88 0x0 0x0 0x19b0007 0x1943 0x1b0 0x643 0x1a30005 0x0 0x23e01550 0x641 0x0 0x0 0x1ae0005 0x0 0x23e01550 0x641 0x0 0x0 0x1b90005 0x0 0x23e01550 0x642 0x0 0x0 0x1c40005 0x0 0x23e01550 0x641 0x0 0x0 0x1cf0005 0x0 0x23e01550 0x63f 0x0 0x0 0x1e80007 0x64e 0xa0 0x0 0x1f40002 0x0 0x2010005 0x0 0x0 0x0 0x0 0x0 0x2060002 0x0 0x20d0005 0x0 0x0 0x0 0x0 0x0 0x2110007 0x0 0x40 0x1f8c 0x2190007 0x64e 0x640 0x1940 0x21f0003 0x1944 0xfffffffffffff628 0x2270007 0xd86 0x110 0x0 0x22f0007 0x0 0xf0 0x0 0x2370007 0x0 0xd0 0x0 0x2420002 0x0 0x2470005 0x0 0x0 0x0 0x0 0x0 0x24e0005 0x0 0x0 0x0 0x0 0x0 0x2510005 0x0 0x0 0x0 0x0 0x0 0x2540002 0x0 0x25c0007 0xd85 0x30 0x0 0x2650002 0x0 0x26a0007 0xd83 0x30 0x0 0x2730002 0x0 0x2790005 0x0 0x23e00240 0xd83 0x0 0x0 0x27c0003 0xd71 0x468 0x2810002 0x0 0x2870003 0x0 0xfffffffffffff448 0x28f0007 0x651 0x128 0x0 0x2970007 0x0 0x108 0x0 0x2a10002 0x0 0x2a60005 0x0 0x0 0x0 0x0 0x0 0x2ad0005 0x0 0x0 0x0 0x0 0x0 0x2b00005 0x0 0x0 0x0 0x0 0x0 0x2b30005 0x0 0x0 0x0 0x0 0x0 0x2b60003 0x0 0xe8 0x2ba0005 0x0 0x23e00240 0x651 0x0 0x0 0x2be0007 0x0 0x70 0x652 0x2c20005 0x0 0x23e00240 0x651 0x0 0x0 0x2c60007 0x650 0x50 0x0 0x2ce0005 0x0 0x0 0x0 0x0 0x0 0x2d50005 0x0 0x23e01550 0x64f 0x0 0x0 0x2d90002 0x649 0x2e40003 0x648 0xfffffffffffff1f8 0x2ea0007 0x0 0x1c0 0x0 0x2ef0002 0x0 0x2f20007 0x0 0x190 0x0 0x2fc0002 0x0 0x2ff0002 0x0 0x3020005 0x0 0x0 0x0 0x0 0x0 0x3050005 0x0 0x0 0x0 0x0 0x0 0x30a0005 0x0 0x0 0x0 0x0 0x0 0x30e0005 0x0 0x0 0x0 0x0 0x0 0x3110005 0x0 0x0 0x0 0x0 0x0 0x3140005 0x0 0x0 0x0 0x0 0x0 0x3170005 0x0 0x0 0x0 0x0 0x0 0x31d0003 0x0 0xfffffffffffff020 0x3250007 0x0 0x60 0x13c4 0x32e0005 0x0 0x23e00240 0x13c1 0x0 0x0 0x3310002 0x13bf 0x3440005 0x0 0x0 0x0 0x0 0x0 oops 17 16 sun/security/ssl/InputRecord 22 sun/security/ssl/InputRecord 143 sun/security/ssl/InputRecord 177 sun/security/ssl/InputRecord 197 sun/security/ssl/ClientHandshaker 226 sun/security/ssl/ClientHandshaker 249 sun/security/ssl/ClientHandshaker 259 sun/security/ssl/ClientHandshaker 265 sun/security/ssl/ClientHandshaker 271 sun/security/ssl/ClientHandshaker 277 sun/security/ssl/ClientHandshaker 283 sun/security/ssl/ClientHandshaker